#! /c/Source/iverilog-install/bin/vvp
:ivl_version "12.0 (devel)" "(s20150603-1539-g2693dd32b)";
:ivl_delay_selection "TYPICAL";
:vpi_time_precision - 12;
:vpi_module "C:\iverilog\lib\ivl\system.vpi";
:vpi_module "C:\iverilog\lib\ivl\vhdl_sys.vpi";
:vpi_module "C:\iverilog\lib\ivl\vhdl_textio.vpi";
:vpi_module "C:\iverilog\lib\ivl\v2005_math.vpi";
:vpi_module "C:\iverilog\lib\ivl\va_math.vpi";
S_0000029b4f2499a0 .scope module, "divider_tb" "divider_tb" 2 109;
 .timescale -9 -12;
v0000029b4f34c290_0 .var "a", 7 0;
v0000029b4f34c8d0_0 .var "b", 7 0;
v0000029b4f355990_0 .var "clk", 0 0;
v0000029b4f357330_0 .net "done", 0 0, L_0000029b4f3a6540;  1 drivers
v0000029b4f356070_0 .net "o", 15 0, L_0000029b4f3a8020;  1 drivers
v0000029b4f356ed0_0 .var "reset_n", 0 0;
v0000029b4f357010_0 .var "start", 0 0;
S_0000029b4f249b30 .scope task, "test_div" "test_div" 2 134, 2 134 0, S_0000029b4f2499a0;
 .timescale -9 -12;
v0000029b4f2d1540_0 .var "dividend", 7 0;
v0000029b4f2d1cc0_0 .var "divisor", 7 0;
E_0000029b4f2d2670 .event anyedge, v0000029b4f34c6f0_0;
TD_divider_tb.test_div ;
    %pushi/vec4 0, 0, 1;
    %store/vec4 v0000029b4f356ed0_0, 0, 1;
    %pushi/vec4 0, 0, 1;
    %store/vec4 v0000029b4f357010_0, 0, 1;
    %delay 10000, 0;
    %pushi/vec4 1, 0, 1;
    %store/vec4 v0000029b4f356ed0_0, 0, 1;
    %delay 5000, 0;
    %load/vec4 v0000029b4f2d1540_0;
    %store/vec4 v0000029b4f34c290_0, 0, 8;
    %load/vec4 v0000029b4f2d1cc0_0;
    %store/vec4 v0000029b4f34c8d0_0, 0, 8;
    %pushi/vec4 1, 0, 1;
    %store/vec4 v0000029b4f357010_0, 0, 1;
    %delay 10000, 0;
    %pushi/vec4 0, 0, 1;
    %store/vec4 v0000029b4f357010_0, 0, 1;
T_0.0 ;
    %load/vec4 v0000029b4f357330_0;
    %cmpi/ne 1, 0, 1;
    %jmp/0xz T_0.1, 6;
    %wait E_0000029b4f2d2670;
    %jmp T_0.0;
T_0.1 ;
    %delay 5000, 0;
    %vpi_call 2 141 "$display", "%d \303\267 %d: quotient = %d, remainder = %d", v0000029b4f2d1540_0, v0000029b4f2d1cc0_0, &PV<v0000029b4f356070_0, 8, 8>, &PV<v0000029b4f356070_0, 0, 8> {0 0 0};
    %end;
S_0000029b4f25a410 .scope module, "uut" "divider" 2 117, 2 9 0, S_0000029b4f2499a0;
 .timescale -9 -12;
    .port_info 0 /INPUT 1 "clk";
    .port_info 1 /INPUT 1 "reset_n";
    .port_info 2 /INPUT 1 "start";
    .port_info 3 /INPUT 8 "a";
    .port_info 4 /INPUT 8 "b";
    .port_info 5 /OUTPUT 16 "o";
    .port_info 6 /OUTPUT 1 "done";
L_0000029b4f3a44d0 .functor NOT 8, v0000029b4f34c8d0_0, C4<00000000>, C4<00000000>, C4<00000000>;
L_0000029b4f3592c8 .functor BUFT 1, C4<0>, C4<0>, C4<0>, C4<0>;
L_0000029b4f3a28d0 .functor XNOR 1, L_0000029b4f358e10, L_0000029b4f3592c8, C4<0>, C4<0>;
L_0000029b4f359310 .functor BUFT 1, C4<0>, C4<0>, C4<0>, C4<0>;
L_0000029b4f3a1d00 .functor XNOR 1, L_0000029b4f358730, L_0000029b4f359310, C4<0>, C4<0>;
L_0000029b4f359478 .functor BUFT 1, C4<1>, C4<0>, C4<0>, C4<0>;
L_0000029b4f3ab5e0 .functor XNOR 1, L_0000029b4f3a73a0, L_0000029b4f359478, C4<0>, C4<0>;
v0000029b4f349ef0_0 .net "Q_new", 7 0, L_0000029b4f358910;  1 drivers
v0000029b4f349310_0 .net "Q_sh", 7 0, L_0000029b4f3562f0;  1 drivers
v0000029b4f3491d0_0 .net "R_sh", 7 0, L_0000029b4f355fd0;  1 drivers
v0000029b4f349f90_0 .net "R_temp", 7 0, L_0000029b4f358550;  1 drivers
L_0000029b4f359088 .functor BUFT 1, C4<00000000>, C4<0>, C4<0>, C4<0>;
v0000029b4f34afd0_0 .net/2u *"_ivl_0", 7 0, L_0000029b4f359088;  1 drivers
v0000029b4f34b110_0 .net *"_ivl_29", 0 0, L_0000029b4f358e10;  1 drivers
v0000029b4f34b390_0 .net/2u *"_ivl_30", 0 0, L_0000029b4f3592c8;  1 drivers
v0000029b4f34b750_0 .net *"_ivl_32", 0 0, L_0000029b4f3a28d0;  1 drivers
v0000029b4f349130_0 .net *"_ivl_35", 7 0, L_0000029b4f3589b0;  1 drivers
v0000029b4f34bc50_0 .net *"_ivl_37", 7 0, L_0000029b4f358050;  1 drivers
L_0000029b4f3590d0 .functor BUFT 1, C4<1000>, C4<0>, C4<0>, C4<0>;
v0000029b4f34bcf0_0 .net/2u *"_ivl_4", 3 0, L_0000029b4f3590d0;  1 drivers
v0000029b4f34c010_0 .net *"_ivl_41", 0 0, L_0000029b4f358730;  1 drivers
v0000029b4f34ce70_0 .net/2u *"_ivl_42", 0 0, L_0000029b4f359310;  1 drivers
v0000029b4f34c0b0_0 .net *"_ivl_44", 0 0, L_0000029b4f3a1d00;  1 drivers
L_0000029b4f359358 .functor BUFT 1, C4<1>, C4<0>, C4<0>, C4<0>;
v0000029b4f34ca10_0 .net/2u *"_ivl_46", 0 0, L_0000029b4f359358;  1 drivers
L_0000029b4f3593a0 .functor BUFT 1, C4<0>, C4<0>, C4<0>, C4<0>;
v0000029b4f34c330_0 .net/2u *"_ivl_48", 0 0, L_0000029b4f3593a0;  1 drivers
v0000029b4f34cdd0_0 .net *"_ivl_53", 6 0, L_0000029b4f358eb0;  1 drivers
L_0000029b4f359118 .functor BUFT 1, C4<0001>, C4<0>, C4<0>, C4<0>;
v0000029b4f34c970_0 .net/2u *"_ivl_6", 3 0, L_0000029b4f359118;  1 drivers
v0000029b4f34cab0_0 .net *"_ivl_67", 0 0, L_0000029b4f3a73a0;  1 drivers
v0000029b4f34bbb0_0 .net/2u *"_ivl_68", 0 0, L_0000029b4f359478;  1 drivers
v0000029b4f34c3d0_0 .net *"_ivl_70", 0 0, L_0000029b4f3ab5e0;  1 drivers
v0000029b4f34b9d0_0 .net *"_ivl_73", 7 0, L_0000029b4f3a78a0;  1 drivers
L_0000029b4f3594c0 .functor BUFT 1, C4<0000>, C4<0>, C4<0>, C4<0>;
v0000029b4f34c470_0 .net/2u *"_ivl_78", 3 0, L_0000029b4f3594c0;  1 drivers
v0000029b4f34c510_0 .net *"_ivl_8", 3 0, L_0000029b4f355a30;  1 drivers
v0000029b4f34c5b0_0 .net "a", 7 0, v0000029b4f34c290_0;  1 drivers
v0000029b4f34bd90_0 .net "add_out", 8 0, L_0000029b4f3ab0a0;  1 drivers
v0000029b4f34cbf0_0 .net "b", 7 0, v0000029b4f34c8d0_0;  1 drivers
v0000029b4f34cb50_0 .net "clk", 0 0, v0000029b4f355990_0;  1 drivers
v0000029b4f34be30_0 .net "corrected_R", 7 0, L_0000029b4f3a83e0;  1 drivers
v0000029b4f34ba70_0 .net "count", 3 0, v0000029b4f2fb550_0;  1 drivers
v0000029b4f34c650_0 .net "count_next", 3 0, L_0000029b4f3558f0;  1 drivers
v0000029b4f34c6f0_0 .net "done", 0 0, L_0000029b4f3a6540;  alias, 1 drivers
v0000029b4f34cc90_0 .net "final_Q", 7 0, L_0000029b4f3587d0;  1 drivers
v0000029b4f34bed0_0 .net "final_R", 7 0, L_0000029b4f358af0;  1 drivers
v0000029b4f34cd30_0 .net "final_corr", 8 0, L_0000029b4f3aaa80;  1 drivers
v0000029b4f34cf10_0 .net "init_val", 15 0, L_0000029b4f355b70;  1 drivers
v0000029b4f34b890_0 .net "o", 15 0, L_0000029b4f3a8020;  alias, 1 drivers
v0000029b4f34b930_0 .net "qbit", 0 0, L_0000029b4f3580f0;  1 drivers
v0000029b4f34bb10_0 .net "reg_data", 15 0, v0000029b4f3450f0_0;  1 drivers
v0000029b4f34c790_0 .net "reg_data_next", 15 0, L_0000029b4f358370;  1 drivers
v0000029b4f34bf70_0 .net "reset_n", 0 0, v0000029b4f356ed0_0;  1 drivers
v0000029b4f34c150_0 .net "shifted", 15 0, L_0000029b4f3566b0;  1 drivers
v0000029b4f34c1f0_0 .net "start", 0 0, v0000029b4f357010_0;  1 drivers
v0000029b4f34c830_0 .net "sub_out", 8 0, L_0000029b4f3ac140;  1 drivers
L_0000029b4f355b70 .concat [ 8 8 0 0], v0000029b4f34c290_0, L_0000029b4f359088;
L_0000029b4f355a30 .arith/sub 4, v0000029b4f2fb550_0, L_0000029b4f359118;
L_0000029b4f3558f0 .functor MUXZ 4, L_0000029b4f355a30, L_0000029b4f3590d0, v0000029b4f357010_0, C4<>;
L_0000029b4f355fd0 .part L_0000029b4f3566b0, 8, 8;
L_0000029b4f3562f0 .part L_0000029b4f3566b0, 0, 8;
L_0000029b4f358e10 .part L_0000029b4f355fd0, 7, 1;
L_0000029b4f3589b0 .part L_0000029b4f3ac140, 0, 8;
L_0000029b4f358050 .part L_0000029b4f3ab0a0, 0, 8;
L_0000029b4f358550 .functor MUXZ 8, L_0000029b4f358050, L_0000029b4f3589b0, L_0000029b4f3a28d0, C4<>;
L_0000029b4f358730 .part L_0000029b4f358550, 7, 1;
L_0000029b4f3580f0 .functor MUXZ 1, L_0000029b4f3593a0, L_0000029b4f359358, L_0000029b4f3a1d00, C4<>;
L_0000029b4f358eb0 .part L_0000029b4f3562f0, 1, 7;
L_0000029b4f358910 .concat [ 1 7 0 0], L_0000029b4f3580f0, L_0000029b4f358eb0;
L_0000029b4f358370 .concat [ 8 8 0 0], L_0000029b4f358910, L_0000029b4f358550;
L_0000029b4f358af0 .part v0000029b4f3450f0_0, 8, 8;
L_0000029b4f3587d0 .part v0000029b4f3450f0_0, 0, 8;
L_0000029b4f3a73a0 .part L_0000029b4f358af0, 7, 1;
L_0000029b4f3a78a0 .part L_0000029b4f3aaa80, 0, 8;
L_0000029b4f3a83e0 .functor MUXZ 8, L_0000029b4f358af0, L_0000029b4f3a78a0, L_0000029b4f3ab5e0, C4<>;
L_0000029b4f3a8020 .concat [ 8 8 0 0], L_0000029b4f3a83e0, L_0000029b4f3587d0;
L_0000029b4f3a6540 .cmp/eq 4, v0000029b4f2fb550_0, L_0000029b4f3594c0;
L_0000029b4f3a80c0 .functor MUXZ 16, L_0000029b4f358370, L_0000029b4f355b70, v0000029b4f357010_0, C4<>;
S_0000029b4f25a5a0 .scope module, "add_adder" "adder" 2 50, 3 3 0, S_0000029b4f25a410;
 .timescale -9 -12;
    .port_info 0 /INPUT 8 "a";
    .port_info 1 /INPUT 8 "b";
    .port_info 2 /INPUT 1 "cin";
    .port_info 3 /INPUT 1 "en";
    .port_info 4 /OUTPUT 9 "sum";
P_0000029b4f2d2f70 .param/l "WIDTH" 0 3 4, +C4<00000000000000000000000000001000>;
L_0000029b4f3ab0a0 .functor BUFT 9, L_0000029b4f357970, C4<000000000>, C4<000000000>, C4<000000000>;
v0000029b4f2f7b30_0 .net *"_ivl_60", 0 0, L_0000029b4f358690;  1 drivers
v0000029b4f2f7bd0_0 .net *"_ivl_61", 8 0, L_0000029b4f357970;  1 drivers
v0000029b4f2f7c70_0 .net "a", 7 0, L_0000029b4f355fd0;  alias, 1 drivers
v0000029b4f2f7d10_0 .net "b", 7 0, v0000029b4f34c8d0_0;  alias, 1 drivers
v0000029b4f2f6370_0 .net "c", 7 0, L_0000029b4f357fb0;  1 drivers
L_0000029b4f359238 .functor BUFT 1, C4<0>, C4<0>, C4<0>, C4<0>;
v0000029b4f2f7db0_0 .net "cin", 0 0, L_0000029b4f359238;  1 drivers
L_0000029b4f359280 .functor BUFT 1, C4<1>, C4<0>, C4<0>, C4<0>;
v0000029b4f2f7e50_0 .net "en", 0 0, L_0000029b4f359280;  1 drivers
v0000029b4f2f7ef0_0 .net "s", 7 0, L_0000029b4f357f10;  1 drivers
v0000029b4f2f7f90_0 .net "sum", 8 0, L_0000029b4f3ab0a0;  alias, 1 drivers
L_0000029b4f355f30 .part L_0000029b4f355fd0, 1, 1;
L_0000029b4f3564d0 .part v0000029b4f34c8d0_0, 1, 1;
L_0000029b4f3569d0 .part L_0000029b4f357fb0, 0, 1;
L_0000029b4f356610 .part L_0000029b4f355fd0, 2, 1;
L_0000029b4f356a70 .part v0000029b4f34c8d0_0, 2, 1;
L_0000029b4f356bb0 .part L_0000029b4f357fb0, 1, 1;
L_0000029b4f3571f0 .part L_0000029b4f355fd0, 3, 1;
L_0000029b4f3570b0 .part v0000029b4f34c8d0_0, 3, 1;
L_0000029b4f357510 .part L_0000029b4f357fb0, 2, 1;
L_0000029b4f357650 .part L_0000029b4f355fd0, 4, 1;
L_0000029b4f3576f0 .part v0000029b4f34c8d0_0, 4, 1;
L_0000029b4f358a50 .part L_0000029b4f357fb0, 3, 1;
L_0000029b4f357b50 .part L_0000029b4f355fd0, 5, 1;
L_0000029b4f3578d0 .part v0000029b4f34c8d0_0, 5, 1;
L_0000029b4f357c90 .part L_0000029b4f357fb0, 4, 1;
L_0000029b4f357d30 .part L_0000029b4f355fd0, 6, 1;
L_0000029b4f357bf0 .part v0000029b4f34c8d0_0, 6, 1;
L_0000029b4f3585f0 .part L_0000029b4f357fb0, 5, 1;
L_0000029b4f357dd0 .part L_0000029b4f355fd0, 7, 1;
L_0000029b4f358410 .part v0000029b4f34c8d0_0, 7, 1;
L_0000029b4f358c30 .part L_0000029b4f357fb0, 6, 1;
L_0000029b4f3584b0 .part L_0000029b4f355fd0, 0, 1;
L_0000029b4f357e70 .part v0000029b4f34c8d0_0, 0, 1;
LS_0000029b4f357f10_0_0 .concat8 [ 1 1 1 1], L_0000029b4f3a1910, L_0000029b4f3a45b0, L_0000029b4f3a4af0, L_0000029b4f3a43f0;
LS_0000029b4f357f10_0_4 .concat8 [ 1 1 1 1], L_0000029b4f3a4e70, L_0000029b4f3a21d0, L_0000029b4f3a16e0, L_0000029b4f3a1fa0;
L_0000029b4f357f10 .concat8 [ 4 4 0 0], LS_0000029b4f357f10_0_0, LS_0000029b4f357f10_0_4;
LS_0000029b4f357fb0_0_0 .concat8 [ 1 1 1 1], L_0000029b4f3a2080, L_0000029b4f3a4fc0, L_0000029b4f3a4700, L_0000029b4f3a49a0;
LS_0000029b4f357fb0_0_4 .concat8 [ 1 1 1 1], L_0000029b4f3a51f0, L_0000029b4f3a19f0, L_0000029b4f3a2780, L_0000029b4f3a1440;
L_0000029b4f357fb0 .concat8 [ 4 4 0 0], LS_0000029b4f357fb0_0_0, LS_0000029b4f357fb0_0_4;
L_0000029b4f358690 .part L_0000029b4f357fb0, 7, 1;
L_0000029b4f357970 .concat [ 8 1 0 0], L_0000029b4f357f10, L_0000029b4f358690;
S_0000029b4f24e060 .scope module, "f0" "fac" 3 15, 4 1 0, S_0000029b4f25a5a0;
 .timescale -9 -12;
    .port_info 0 /INPUT 1 "x";
    .port_info 1 /INPUT 1 "y";
    .port_info 2 /INPUT 1 "ci";
    .port_info 3 /OUTPUT 1 "z";
    .port_info 4 /OUTPUT 1 "co";
L_0000029b4f3a1d70 .functor XOR 1, L_0000029b4f3584b0, L_0000029b4f357e70, C4<0>, C4<0>;
L_0000029b4f3a1910 .functor XOR 1, L_0000029b4f3a1d70, L_0000029b4f359238, C4<0>, C4<0>;
L_0000029b4f3a18a0 .functor AND 1, L_0000029b4f3584b0, L_0000029b4f357e70, C4<1>, C4<1>;
L_0000029b4f3a20f0 .functor AND 1, L_0000029b4f3584b0, L_0000029b4f359238, C4<1>, C4<1>;
L_0000029b4f3a1c20 .functor OR 1, L_0000029b4f3a18a0, L_0000029b4f3a20f0, C4<0>, C4<0>;
L_0000029b4f3a2860 .functor AND 1, L_0000029b4f357e70, L_0000029b4f359238, C4<1>, C4<1>;
L_0000029b4f3a2080 .functor OR 1, L_0000029b4f3a1c20, L_0000029b4f3a2860, C4<0>, C4<0>;
v0000029b4f2d1360_0 .net *"_ivl_0", 0 0, L_0000029b4f3a1d70;  1 drivers
v0000029b4f2d0dc0_0 .net *"_ivl_10", 0 0, L_0000029b4f3a2860;  1 drivers
v0000029b4f2d23a0_0 .net *"_ivl_4", 0 0, L_0000029b4f3a18a0;  1 drivers
v0000029b4f2d0f00_0 .net *"_ivl_6", 0 0, L_0000029b4f3a20f0;  1 drivers
v0000029b4f2d1e00_0 .net *"_ivl_8", 0 0, L_0000029b4f3a1c20;  1 drivers
v0000029b4f2d0640_0 .net "ci", 0 0, L_0000029b4f359238;  alias, 1 drivers
v0000029b4f2d0a00_0 .net "co", 0 0, L_0000029b4f3a2080;  1 drivers
v0000029b4f2d2080_0 .net "x", 0 0, L_0000029b4f3584b0;  1 drivers
v0000029b4f2d0b40_0 .net "y", 0 0, L_0000029b4f357e70;  1 drivers
v0000029b4f2d0be0_0 .net "z", 0 0, L_0000029b4f3a1910;  1 drivers
S_0000029b4f24e1f0 .scope generate, "rca[1]" "rca[1]" 3 19, 3 19 0, S_0000029b4f25a5a0;
 .timescale -9 -12;
P_0000029b4f2d2a30 .param/l "i" 0 3 19, +C4<01>;
S_0000029b4f18d270 .scope module, "f" "fac" 3 20, 4 1 0, S_0000029b4f24e1f0;
 .timescale -9 -12;
    .port_info 0 /INPUT 1 "x";
    .port_info 1 /INPUT 1 "y";
    .port_info 2 /INPUT 1 "ci";
    .port_info 3 /OUTPUT 1 "z";
    .port_info 4 /OUTPUT 1 "co";
L_0000029b4f3a4540 .functor XOR 1, L_0000029b4f355f30, L_0000029b4f3564d0, C4<0>, C4<0>;
L_0000029b4f3a45b0 .functor XOR 1, L_0000029b4f3a4540, L_0000029b4f3569d0, C4<0>, C4<0>;
L_0000029b4f3a4a80 .functor AND 1, L_0000029b4f355f30, L_0000029b4f3564d0, C4<1>, C4<1>;
L_0000029b4f3a5110 .functor AND 1, L_0000029b4f355f30, L_0000029b4f3569d0, C4<1>, C4<1>;
L_0000029b4f3a4d20 .functor OR 1, L_0000029b4f3a4a80, L_0000029b4f3a5110, C4<0>, C4<0>;
L_0000029b4f3a4380 .functor AND 1, L_0000029b4f3564d0, L_0000029b4f3569d0, C4<1>, C4<1>;
L_0000029b4f3a4fc0 .functor OR 1, L_0000029b4f3a4d20, L_0000029b4f3a4380, C4<0>, C4<0>;
v0000029b4f2d24e0_0 .net *"_ivl_0", 0 0, L_0000029b4f3a4540;  1 drivers
v0000029b4f2d1400_0 .net *"_ivl_10", 0 0, L_0000029b4f3a4380;  1 drivers
v0000029b4f2d14a0_0 .net *"_ivl_4", 0 0, L_0000029b4f3a4a80;  1 drivers
v0000029b4f2d15e0_0 .net *"_ivl_6", 0 0, L_0000029b4f3a5110;  1 drivers
v0000029b4f2d1ae0_0 .net *"_ivl_8", 0 0, L_0000029b4f3a4d20;  1 drivers
v0000029b4f2d2440_0 .net "ci", 0 0, L_0000029b4f3569d0;  1 drivers
v0000029b4f2d1680_0 .net "co", 0 0, L_0000029b4f3a4fc0;  1 drivers
v0000029b4f2d06e0_0 .net "x", 0 0, L_0000029b4f355f30;  1 drivers
v0000029b4f2d1720_0 .net "y", 0 0, L_0000029b4f3564d0;  1 drivers
v0000029b4f2d0780_0 .net "z", 0 0, L_0000029b4f3a45b0;  1 drivers
S_0000029b4f18d400 .scope generate, "rca[2]" "rca[2]" 3 19, 3 19 0, S_0000029b4f25a5a0;
 .timescale -9 -12;
P_0000029b4f2d31f0 .param/l "i" 0 3 19, +C4<010>;
S_0000029b4f212ca0 .scope module, "f" "fac" 3 20, 4 1 0, S_0000029b4f18d400;
 .timescale -9 -12;
    .port_info 0 /INPUT 1 "x";
    .port_info 1 /INPUT 1 "y";
    .port_info 2 /INPUT 1 "ci";
    .port_info 3 /OUTPUT 1 "z";
    .port_info 4 /OUTPUT 1 "co";
L_0000029b4f3a4690 .functor XOR 1, L_0000029b4f356610, L_0000029b4f356a70, C4<0>, C4<0>;
L_0000029b4f3a4af0 .functor XOR 1, L_0000029b4f3a4690, L_0000029b4f356bb0, C4<0>, C4<0>;
L_0000029b4f3a4620 .functor AND 1, L_0000029b4f356610, L_0000029b4f356a70, C4<1>, C4<1>;
L_0000029b4f3a4d90 .functor AND 1, L_0000029b4f356610, L_0000029b4f356bb0, C4<1>, C4<1>;
L_0000029b4f3a4460 .functor OR 1, L_0000029b4f3a4620, L_0000029b4f3a4d90, C4<0>, C4<0>;
L_0000029b4f3a4c40 .functor AND 1, L_0000029b4f356a70, L_0000029b4f356bb0, C4<1>, C4<1>;
L_0000029b4f3a4700 .functor OR 1, L_0000029b4f3a4460, L_0000029b4f3a4c40, C4<0>, C4<0>;
v0000029b4f2d17c0_0 .net *"_ivl_0", 0 0, L_0000029b4f3a4690;  1 drivers
v0000029b4f2d0820_0 .net *"_ivl_10", 0 0, L_0000029b4f3a4c40;  1 drivers
v0000029b4f2d1860_0 .net *"_ivl_4", 0 0, L_0000029b4f3a4620;  1 drivers
v0000029b4f2d1900_0 .net *"_ivl_6", 0 0, L_0000029b4f3a4d90;  1 drivers
v0000029b4f2c3860_0 .net *"_ivl_8", 0 0, L_0000029b4f3a4460;  1 drivers
v0000029b4f2c3b80_0 .net "ci", 0 0, L_0000029b4f356bb0;  1 drivers
v0000029b4f2c3fe0_0 .net "co", 0 0, L_0000029b4f3a4700;  1 drivers
v0000029b4f2c44e0_0 .net "x", 0 0, L_0000029b4f356610;  1 drivers
v0000029b4f2c4760_0 .net "y", 0 0, L_0000029b4f356a70;  1 drivers
v0000029b4f2c4bc0_0 .net "z", 0 0, L_0000029b4f3a4af0;  1 drivers
S_0000029b4f212e30 .scope generate, "rca[3]" "rca[3]" 3 19, 3 19 0, S_0000029b4f25a5a0;
 .timescale -9 -12;
P_0000029b4f2d34f0 .param/l "i" 0 3 19, +C4<011>;
S_0000029b4f2f5dd0 .scope module, "f" "fac" 3 20, 4 1 0, S_0000029b4f212e30;
 .timescale -9 -12;
    .port_info 0 /INPUT 1 "x";
    .port_info 1 /INPUT 1 "y";
    .port_info 2 /INPUT 1 "ci";
    .port_info 3 /OUTPUT 1 "z";
    .port_info 4 /OUTPUT 1 "co";
L_0000029b4f3a4770 .functor XOR 1, L_0000029b4f3571f0, L_0000029b4f3570b0, C4<0>, C4<0>;
L_0000029b4f3a43f0 .functor XOR 1, L_0000029b4f3a4770, L_0000029b4f357510, C4<0>, C4<0>;
L_0000029b4f3a47e0 .functor AND 1, L_0000029b4f3571f0, L_0000029b4f3570b0, C4<1>, C4<1>;
L_0000029b4f3a4850 .functor AND 1, L_0000029b4f3571f0, L_0000029b4f357510, C4<1>, C4<1>;
L_0000029b4f3a48c0 .functor OR 1, L_0000029b4f3a47e0, L_0000029b4f3a4850, C4<0>, C4<0>;
L_0000029b4f3a5180 .functor AND 1, L_0000029b4f3570b0, L_0000029b4f357510, C4<1>, C4<1>;
L_0000029b4f3a49a0 .functor OR 1, L_0000029b4f3a48c0, L_0000029b4f3a5180, C4<0>, C4<0>;
v0000029b4f2c4d00_0 .net *"_ivl_0", 0 0, L_0000029b4f3a4770;  1 drivers
v0000029b4f2c4da0_0 .net *"_ivl_10", 0 0, L_0000029b4f3a5180;  1 drivers
v0000029b4f2b8140_0 .net *"_ivl_4", 0 0, L_0000029b4f3a47e0;  1 drivers
v0000029b4f2b83c0_0 .net *"_ivl_6", 0 0, L_0000029b4f3a4850;  1 drivers
v0000029b4f2b71a0_0 .net *"_ivl_8", 0 0, L_0000029b4f3a48c0;  1 drivers
v0000029b4f2b8a00_0 .net "ci", 0 0, L_0000029b4f357510;  1 drivers
v0000029b4f2a8e70_0 .net "co", 0 0, L_0000029b4f3a49a0;  1 drivers
v0000029b4f2a9230_0 .net "x", 0 0, L_0000029b4f3571f0;  1 drivers
v0000029b4f297240_0 .net "y", 0 0, L_0000029b4f3570b0;  1 drivers
v0000029b4f298500_0 .net "z", 0 0, L_0000029b4f3a43f0;  1 drivers
S_0000029b4f2f5f60 .scope generate, "rca[4]" "rca[4]" 3 19, 3 19 0, S_0000029b4f25a5a0;
 .timescale -9 -12;
P_0000029b4f2d2a70 .param/l "i" 0 3 19, +C4<0100>;
S_0000029b4f2f60f0 .scope module, "f" "fac" 3 20, 4 1 0, S_0000029b4f2f5f60;
 .timescale -9 -12;
    .port_info 0 /INPUT 1 "x";
    .port_info 1 /INPUT 1 "y";
    .port_info 2 /INPUT 1 "ci";
    .port_info 3 /OUTPUT 1 "z";
    .port_info 4 /OUTPUT 1 "co";
L_0000029b4f3a4e00 .functor XOR 1, L_0000029b4f357650, L_0000029b4f3576f0, C4<0>, C4<0>;
L_0000029b4f3a4e70 .functor XOR 1, L_0000029b4f3a4e00, L_0000029b4f358a50, C4<0>, C4<0>;
L_0000029b4f3a4b60 .functor AND 1, L_0000029b4f357650, L_0000029b4f3576f0, C4<1>, C4<1>;
L_0000029b4f3a4bd0 .functor AND 1, L_0000029b4f357650, L_0000029b4f358a50, C4<1>, C4<1>;
L_0000029b4f3a4ee0 .functor OR 1, L_0000029b4f3a4b60, L_0000029b4f3a4bd0, C4<0>, C4<0>;
L_0000029b4f3a4f50 .functor AND 1, L_0000029b4f3576f0, L_0000029b4f358a50, C4<1>, C4<1>;
L_0000029b4f3a51f0 .functor OR 1, L_0000029b4f3a4ee0, L_0000029b4f3a4f50, C4<0>, C4<0>;
v0000029b4f2f69b0_0 .net *"_ivl_0", 0 0, L_0000029b4f3a4e00;  1 drivers
v0000029b4f2f67d0_0 .net *"_ivl_10", 0 0, L_0000029b4f3a4f50;  1 drivers
v0000029b4f2f6cd0_0 .net *"_ivl_4", 0 0, L_0000029b4f3a4b60;  1 drivers
v0000029b4f2f6b90_0 .net *"_ivl_6", 0 0, L_0000029b4f3a4bd0;  1 drivers
v0000029b4f2f64b0_0 .net *"_ivl_8", 0 0, L_0000029b4f3a4ee0;  1 drivers
v0000029b4f2f7450_0 .net "ci", 0 0, L_0000029b4f358a50;  1 drivers
v0000029b4f2f65f0_0 .net "co", 0 0, L_0000029b4f3a51f0;  1 drivers
v0000029b4f2f6870_0 .net "x", 0 0, L_0000029b4f357650;  1 drivers
v0000029b4f2f7590_0 .net "y", 0 0, L_0000029b4f3576f0;  1 drivers
v0000029b4f2f73b0_0 .net "z", 0 0, L_0000029b4f3a4e70;  1 drivers
S_0000029b4f2f8290 .scope generate, "rca[5]" "rca[5]" 3 19, 3 19 0, S_0000029b4f25a5a0;
 .timescale -9 -12;
P_0000029b4f2d2ff0 .param/l "i" 0 3 19, +C4<0101>;
S_0000029b4f2f8420 .scope module, "f" "fac" 3 20, 4 1 0, S_0000029b4f2f8290;
 .timescale -9 -12;
    .port_info 0 /INPUT 1 "x";
    .port_info 1 /INPUT 1 "y";
    .port_info 2 /INPUT 1 "ci";
    .port_info 3 /OUTPUT 1 "z";
    .port_info 4 /OUTPUT 1 "co";
L_0000029b4f3a1600 .functor XOR 1, L_0000029b4f357b50, L_0000029b4f3578d0, C4<0>, C4<0>;
L_0000029b4f3a21d0 .functor XOR 1, L_0000029b4f3a1600, L_0000029b4f357c90, C4<0>, C4<0>;
L_0000029b4f3a1670 .functor AND 1, L_0000029b4f357b50, L_0000029b4f3578d0, C4<1>, C4<1>;
L_0000029b4f3a22b0 .functor AND 1, L_0000029b4f357b50, L_0000029b4f357c90, C4<1>, C4<1>;
L_0000029b4f3a14b0 .functor OR 1, L_0000029b4f3a1670, L_0000029b4f3a22b0, C4<0>, C4<0>;
L_0000029b4f3a2240 .functor AND 1, L_0000029b4f3578d0, L_0000029b4f357c90, C4<1>, C4<1>;
L_0000029b4f3a19f0 .functor OR 1, L_0000029b4f3a14b0, L_0000029b4f3a2240, C4<0>, C4<0>;
v0000029b4f2f6a50_0 .net *"_ivl_0", 0 0, L_0000029b4f3a1600;  1 drivers
v0000029b4f2f6910_0 .net *"_ivl_10", 0 0, L_0000029b4f3a2240;  1 drivers
v0000029b4f2f6d70_0 .net *"_ivl_4", 0 0, L_0000029b4f3a1670;  1 drivers
v0000029b4f2f6c30_0 .net *"_ivl_6", 0 0, L_0000029b4f3a22b0;  1 drivers
v0000029b4f2f6550_0 .net *"_ivl_8", 0 0, L_0000029b4f3a14b0;  1 drivers
v0000029b4f2f74f0_0 .net "ci", 0 0, L_0000029b4f357c90;  1 drivers
v0000029b4f2f6690_0 .net "co", 0 0, L_0000029b4f3a19f0;  1 drivers
v0000029b4f2f6af0_0 .net "x", 0 0, L_0000029b4f357b50;  1 drivers
v0000029b4f2f7630_0 .net "y", 0 0, L_0000029b4f3578d0;  1 drivers
v0000029b4f2f76d0_0 .net "z", 0 0, L_0000029b4f3a21d0;  1 drivers
S_0000029b4f2f85b0 .scope generate, "rca[6]" "rca[6]" 3 19, 3 19 0, S_0000029b4f25a5a0;
 .timescale -9 -12;
P_0000029b4f2d3230 .param/l "i" 0 3 19, +C4<0110>;
S_0000029b4f2f8740 .scope module, "f" "fac" 3 20, 4 1 0, S_0000029b4f2f85b0;
 .timescale -9 -12;
    .port_info 0 /INPUT 1 "x";
    .port_info 1 /INPUT 1 "y";
    .port_info 2 /INPUT 1 "ci";
    .port_info 3 /OUTPUT 1 "z";
    .port_info 4 /OUTPUT 1 "co";
L_0000029b4f3a2630 .functor XOR 1, L_0000029b4f357d30, L_0000029b4f357bf0, C4<0>, C4<0>;
L_0000029b4f3a16e0 .functor XOR 1, L_0000029b4f3a2630, L_0000029b4f3585f0, C4<0>, C4<0>;
L_0000029b4f3a2cc0 .functor AND 1, L_0000029b4f357d30, L_0000029b4f357bf0, C4<1>, C4<1>;
L_0000029b4f3a2010 .functor AND 1, L_0000029b4f357d30, L_0000029b4f3585f0, C4<1>, C4<1>;
L_0000029b4f3a2160 .functor OR 1, L_0000029b4f3a2cc0, L_0000029b4f3a2010, C4<0>, C4<0>;
L_0000029b4f3a1750 .functor AND 1, L_0000029b4f357bf0, L_0000029b4f3585f0, C4<1>, C4<1>;
L_0000029b4f3a2780 .functor OR 1, L_0000029b4f3a2160, L_0000029b4f3a1750, C4<0>, C4<0>;
v0000029b4f2f6f50_0 .net *"_ivl_0", 0 0, L_0000029b4f3a2630;  1 drivers
v0000029b4f2f6410_0 .net *"_ivl_10", 0 0, L_0000029b4f3a1750;  1 drivers
v0000029b4f2f7810_0 .net *"_ivl_4", 0 0, L_0000029b4f3a2cc0;  1 drivers
v0000029b4f2f6e10_0 .net *"_ivl_6", 0 0, L_0000029b4f3a2010;  1 drivers
v0000029b4f2f6730_0 .net *"_ivl_8", 0 0, L_0000029b4f3a2160;  1 drivers
v0000029b4f2f6eb0_0 .net "ci", 0 0, L_0000029b4f3585f0;  1 drivers
v0000029b4f2f6ff0_0 .net "co", 0 0, L_0000029b4f3a2780;  1 drivers
v0000029b4f2f7090_0 .net "x", 0 0, L_0000029b4f357d30;  1 drivers
v0000029b4f2f7130_0 .net "y", 0 0, L_0000029b4f357bf0;  1 drivers
v0000029b4f2f80d0_0 .net "z", 0 0, L_0000029b4f3a16e0;  1 drivers
S_0000029b4f2f9730 .scope generate, "rca[7]" "rca[7]" 3 19, 3 19 0, S_0000029b4f25a5a0;
 .timescale -9 -12;
P_0000029b4f2d27b0 .param/l "i" 0 3 19, +C4<0111>;
S_0000029b4f2f9410 .scope module, "f" "fac" 3 20, 4 1 0, S_0000029b4f2f9730;
 .timescale -9 -12;
    .port_info 0 /INPUT 1 "x";
    .port_info 1 /INPUT 1 "y";
    .port_info 2 /INPUT 1 "ci";
    .port_info 3 /OUTPUT 1 "z";
    .port_info 4 /OUTPUT 1 "co";
L_0000029b4f3a17c0 .functor XOR 1, L_0000029b4f357dd0, L_0000029b4f358410, C4<0>, C4<0>;
L_0000029b4f3a1fa0 .functor XOR 1, L_0000029b4f3a17c0, L_0000029b4f358c30, C4<0>, C4<0>;
L_0000029b4f3a2be0 .functor AND 1, L_0000029b4f357dd0, L_0000029b4f358410, C4<1>, C4<1>;
L_0000029b4f3a1bb0 .functor AND 1, L_0000029b4f357dd0, L_0000029b4f358c30, C4<1>, C4<1>;
L_0000029b4f3a1360 .functor OR 1, L_0000029b4f3a2be0, L_0000029b4f3a1bb0, C4<0>, C4<0>;
L_0000029b4f3a1520 .functor AND 1, L_0000029b4f358410, L_0000029b4f358c30, C4<1>, C4<1>;
L_0000029b4f3a1440 .functor OR 1, L_0000029b4f3a1360, L_0000029b4f3a1520, C4<0>, C4<0>;
v0000029b4f2f71d0_0 .net *"_ivl_0", 0 0, L_0000029b4f3a17c0;  1 drivers
v0000029b4f2f7270_0 .net *"_ivl_10", 0 0, L_0000029b4f3a1520;  1 drivers
v0000029b4f2f7310_0 .net *"_ivl_4", 0 0, L_0000029b4f3a2be0;  1 drivers
v0000029b4f2f78b0_0 .net *"_ivl_6", 0 0, L_0000029b4f3a1bb0;  1 drivers
v0000029b4f2f7770_0 .net *"_ivl_8", 0 0, L_0000029b4f3a1360;  1 drivers
v0000029b4f2f8170_0 .net "ci", 0 0, L_0000029b4f358c30;  1 drivers
v0000029b4f2f62d0_0 .net "co", 0 0, L_0000029b4f3a1440;  1 drivers
v0000029b4f2f7950_0 .net "x", 0 0, L_0000029b4f357dd0;  1 drivers
v0000029b4f2f79f0_0 .net "y", 0 0, L_0000029b4f358410;  1 drivers
v0000029b4f2f7a90_0 .net "z", 0 0, L_0000029b4f3a1fa0;  1 drivers
S_0000029b4f2f8ab0 .scope module, "count_dff" "dff" 2 97, 5 1 0, S_0000029b4f25a410;
 .timescale -9 -12;
    .port_info 0 /INPUT 1 "clk";
    .port_info 1 /INPUT 1 "reset_n";
    .port_info 2 /INPUT 4 "d";
    .port_info 3 /OUTPUT 4 "q";
P_0000029b4f2d2af0 .param/l "WIDTH" 0 5 1, +C4<00000000000000000000000000000100>;
v0000029b4f2f8030_0 .net "clk", 0 0, v0000029b4f355990_0;  alias, 1 drivers
v0000029b4f2fa510_0 .net "d", 3 0, L_0000029b4f3558f0;  alias, 1 drivers
v0000029b4f2fa1f0_0 .net "q", 3 0, v0000029b4f2fb550_0;  alias, 1 drivers
v0000029b4f2fb550_0 .var "q_reg", 3 0;
v0000029b4f2fa650_0 .net "reset_n", 0 0, v0000029b4f356ed0_0;  alias, 1 drivers
E_0000029b4f2d32b0/0 .event negedge, v0000029b4f2fa650_0;
E_0000029b4f2d32b0/1 .event posedge, v0000029b4f2f8030_0;
E_0000029b4f2d32b0 .event/or E_0000029b4f2d32b0/0, E_0000029b4f2d32b0/1;
S_0000029b4f2f8c40 .scope module, "final_correction" "adder" 2 77, 3 3 0, S_0000029b4f25a410;
 .timescale -9 -12;
    .port_info 0 /INPUT 8 "a";
    .port_info 1 /INPUT 8 "b";
    .port_info 2 /INPUT 1 "cin";
    .port_info 3 /INPUT 1 "en";
    .port_info 4 /OUTPUT 9 "sum";
P_0000029b4f2d3330 .param/l "WIDTH" 0 3 4, +C4<00000000000000000000000000001000>;
L_0000029b4f3aaa80 .functor BUFT 9, L_0000029b4f3a7ee0, C4<000000000>, C4<000000000>, C4<000000000>;
v0000029b4f346770_0 .net *"_ivl_60", 0 0, L_0000029b4f3a6c20;  1 drivers
v0000029b4f345c30_0 .net *"_ivl_61", 8 0, L_0000029b4f3a7ee0;  1 drivers
v0000029b4f346810_0 .net "a", 7 0, L_0000029b4f358af0;  alias, 1 drivers
v0000029b4f343ed0_0 .net "b", 7 0, v0000029b4f34c8d0_0;  alias, 1 drivers
v0000029b4f3439d0_0 .net "c", 7 0, L_0000029b4f3a6b80;  1 drivers
L_0000029b4f3593e8 .functor BUFT 1, C4<0>, C4<0>, C4<0>, C4<0>;
v0000029b4f344650_0 .net "cin", 0 0, L_0000029b4f3593e8;  1 drivers
L_0000029b4f359430 .functor BUFT 1, C4<1>, C4<0>, C4<0>, C4<0>;
v0000029b4f3436b0_0 .net "en", 0 0, L_0000029b4f359430;  1 drivers
v0000029b4f343390_0 .net "s", 7 0, L_0000029b4f3a7760;  1 drivers
v0000029b4f344010_0 .net "sum", 8 0, L_0000029b4f3aaa80;  alias, 1 drivers
L_0000029b4f358190 .part L_0000029b4f358af0, 1, 1;
L_0000029b4f358870 .part v0000029b4f34c8d0_0, 1, 1;
L_0000029b4f358cd0 .part L_0000029b4f3a6b80, 0, 1;
L_0000029b4f358b90 .part L_0000029b4f358af0, 2, 1;
L_0000029b4f358d70 .part v0000029b4f34c8d0_0, 2, 1;
L_0000029b4f358f50 .part L_0000029b4f3a6b80, 1, 1;
L_0000029b4f358230 .part L_0000029b4f358af0, 3, 1;
L_0000029b4f357a10 .part v0000029b4f34c8d0_0, 3, 1;
L_0000029b4f357ab0 .part L_0000029b4f3a6b80, 2, 1;
L_0000029b4f3582d0 .part L_0000029b4f358af0, 4, 1;
L_0000029b4f3a76c0 .part v0000029b4f34c8d0_0, 4, 1;
L_0000029b4f3a6a40 .part L_0000029b4f3a6b80, 3, 1;
L_0000029b4f3a7800 .part L_0000029b4f358af0, 5, 1;
L_0000029b4f3a7580 .part v0000029b4f34c8d0_0, 5, 1;
L_0000029b4f3a6860 .part L_0000029b4f3a6b80, 4, 1;
L_0000029b4f3a6cc0 .part L_0000029b4f358af0, 6, 1;
L_0000029b4f3a7b20 .part v0000029b4f34c8d0_0, 6, 1;
L_0000029b4f3a6900 .part L_0000029b4f3a6b80, 5, 1;
L_0000029b4f3a7620 .part L_0000029b4f358af0, 7, 1;
L_0000029b4f3a69a0 .part v0000029b4f34c8d0_0, 7, 1;
L_0000029b4f3a7f80 .part L_0000029b4f3a6b80, 6, 1;
L_0000029b4f3a6ae0 .part L_0000029b4f358af0, 0, 1;
L_0000029b4f3a6f40 .part v0000029b4f34c8d0_0, 0, 1;
LS_0000029b4f3a7760_0_0 .concat8 [ 1 1 1 1], L_0000029b4f3ac060, L_0000029b4f3a1e50, L_0000029b4f3a2470, L_0000029b4f3a1590;
LS_0000029b4f3a7760_0_4 .concat8 [ 1 1 1 1], L_0000029b4f3a1c90, L_0000029b4f3a2c50, L_0000029b4f3a2ef0, L_0000029b4f3abab0;
L_0000029b4f3a7760 .concat8 [ 4 4 0 0], LS_0000029b4f3a7760_0_0, LS_0000029b4f3a7760_0_4;
LS_0000029b4f3a6b80_0_0 .concat8 [ 1 1 1 1], L_0000029b4f3abd50, L_0000029b4f3a2400, L_0000029b4f3a2550, L_0000029b4f3a26a0;
LS_0000029b4f3a6b80_0_4 .concat8 [ 1 1 1 1], L_0000029b4f3a29b0, L_0000029b4f3a3040, L_0000029b4f3a2b00, L_0000029b4f3aac40;
L_0000029b4f3a6b80 .concat8 [ 4 4 0 0], LS_0000029b4f3a6b80_0_0, LS_0000029b4f3a6b80_0_4;
L_0000029b4f3a6c20 .part L_0000029b4f3a6b80, 7, 1;
L_0000029b4f3a7ee0 .concat [ 8 1 0 0], L_0000029b4f3a7760, L_0000029b4f3a6c20;
S_0000029b4f2f8920 .scope module, "f0" "fac" 3 15, 4 1 0, S_0000029b4f2f8c40;
 .timescale -9 -12;
    .port_info 0 /INPUT 1 "x";
    .port_info 1 /INPUT 1 "y";
    .port_info 2 /INPUT 1 "ci";
    .port_info 3 /OUTPUT 1 "z";
    .port_info 4 /OUTPUT 1 "co";
L_0000029b4f3ab420 .functor XOR 1, L_0000029b4f3a6ae0, L_0000029b4f3a6f40, C4<0>, C4<0>;
L_0000029b4f3ac060 .functor XOR 1, L_0000029b4f3ab420, L_0000029b4f3593e8, C4<0>, C4<0>;
L_0000029b4f3abce0 .functor AND 1, L_0000029b4f3a6ae0, L_0000029b4f3a6f40, C4<1>, C4<1>;
L_0000029b4f3ab500 .functor AND 1, L_0000029b4f3a6ae0, L_0000029b4f3593e8, C4<1>, C4<1>;
L_0000029b4f3ab180 .functor OR 1, L_0000029b4f3abce0, L_0000029b4f3ab500, C4<0>, C4<0>;
L_0000029b4f3ab1f0 .functor AND 1, L_0000029b4f3a6f40, L_0000029b4f3593e8, C4<1>, C4<1>;
L_0000029b4f3abd50 .functor OR 1, L_0000029b4f3ab180, L_0000029b4f3ab1f0, C4<0>, C4<0>;
v0000029b4f2f9b10_0 .net *"_ivl_0", 0 0, L_0000029b4f3ab420;  1 drivers
v0000029b4f2f9c50_0 .net *"_ivl_10", 0 0, L_0000029b4f3ab1f0;  1 drivers
v0000029b4f2fb190_0 .net *"_ivl_4", 0 0, L_0000029b4f3abce0;  1 drivers
v0000029b4f2fa5b0_0 .net *"_ivl_6", 0 0, L_0000029b4f3ab500;  1 drivers
v0000029b4f2f9a70_0 .net *"_ivl_8", 0 0, L_0000029b4f3ab180;  1 drivers
v0000029b4f2fb370_0 .net "ci", 0 0, L_0000029b4f3593e8;  alias, 1 drivers
v0000029b4f2fa6f0_0 .net "co", 0 0, L_0000029b4f3abd50;  1 drivers
v0000029b4f2fb7d0_0 .net "x", 0 0, L_0000029b4f3a6ae0;  1 drivers
v0000029b4f2fb050_0 .net "y", 0 0, L_0000029b4f3a6f40;  1 drivers
v0000029b4f2fa8d0_0 .net "z", 0 0, L_0000029b4f3ac060;  1 drivers
S_0000029b4f2f8dd0 .scope generate, "rca[1]" "rca[1]" 3 19, 3 19 0, S_0000029b4f2f8c40;
 .timescale -9 -12;
P_0000029b4f2d3630 .param/l "i" 0 3 19, +C4<01>;
S_0000029b4f2f8f60 .scope module, "f" "fac" 3 20, 4 1 0, S_0000029b4f2f8dd0;
 .timescale -9 -12;
    .port_info 0 /INPUT 1 "x";
    .port_info 1 /INPUT 1 "y";
    .port_info 2 /INPUT 1 "ci";
    .port_info 3 /OUTPUT 1 "z";
    .port_info 4 /OUTPUT 1 "co";
L_0000029b4f3a1de0 .functor XOR 1, L_0000029b4f358190, L_0000029b4f358870, C4<0>, C4<0>;
L_0000029b4f3a1e50 .functor XOR 1, L_0000029b4f3a1de0, L_0000029b4f358cd0, C4<0>, C4<0>;
L_0000029b4f3a2320 .functor AND 1, L_0000029b4f358190, L_0000029b4f358870, C4<1>, C4<1>;
L_0000029b4f3a2e80 .functor AND 1, L_0000029b4f358190, L_0000029b4f358cd0, C4<1>, C4<1>;
L_0000029b4f3a1ec0 .functor OR 1, L_0000029b4f3a2320, L_0000029b4f3a2e80, C4<0>, C4<0>;
L_0000029b4f3a2390 .functor AND 1, L_0000029b4f358870, L_0000029b4f358cd0, C4<1>, C4<1>;
L_0000029b4f3a2400 .functor OR 1, L_0000029b4f3a1ec0, L_0000029b4f3a2390, C4<0>, C4<0>;
v0000029b4f2fb230_0 .net *"_ivl_0", 0 0, L_0000029b4f3a1de0;  1 drivers
v0000029b4f2fa790_0 .net *"_ivl_10", 0 0, L_0000029b4f3a2390;  1 drivers
v0000029b4f2f9e30_0 .net *"_ivl_4", 0 0, L_0000029b4f3a2320;  1 drivers
v0000029b4f2f9bb0_0 .net *"_ivl_6", 0 0, L_0000029b4f3a2e80;  1 drivers
v0000029b4f2f9930_0 .net *"_ivl_8", 0 0, L_0000029b4f3a1ec0;  1 drivers
v0000029b4f2fa830_0 .net "ci", 0 0, L_0000029b4f358cd0;  1 drivers
v0000029b4f2f9cf0_0 .net "co", 0 0, L_0000029b4f3a2400;  1 drivers
v0000029b4f2f9ed0_0 .net "x", 0 0, L_0000029b4f358190;  1 drivers
v0000029b4f2faab0_0 .net "y", 0 0, L_0000029b4f358870;  1 drivers
v0000029b4f2fb410_0 .net "z", 0 0, L_0000029b4f3a1e50;  1 drivers
S_0000029b4f2f9280 .scope generate, "rca[2]" "rca[2]" 3 19, 3 19 0, S_0000029b4f2f8c40;
 .timescale -9 -12;
P_0000029b4f2d27f0 .param/l "i" 0 3 19, +C4<010>;
S_0000029b4f2f95a0 .scope module, "f" "fac" 3 20, 4 1 0, S_0000029b4f2f9280;
 .timescale -9 -12;
    .port_info 0 /INPUT 1 "x";
    .port_info 1 /INPUT 1 "y";
    .port_info 2 /INPUT 1 "ci";
    .port_info 3 /OUTPUT 1 "z";
    .port_info 4 /OUTPUT 1 "co";
L_0000029b4f3a1980 .functor XOR 1, L_0000029b4f358b90, L_0000029b4f358d70, C4<0>, C4<0>;
L_0000029b4f3a2470 .functor XOR 1, L_0000029b4f3a1980, L_0000029b4f358f50, C4<0>, C4<0>;
L_0000029b4f3a24e0 .functor AND 1, L_0000029b4f358b90, L_0000029b4f358d70, C4<1>, C4<1>;
L_0000029b4f3a1b40 .functor AND 1, L_0000029b4f358b90, L_0000029b4f358f50, C4<1>, C4<1>;
L_0000029b4f3a1830 .functor OR 1, L_0000029b4f3a24e0, L_0000029b4f3a1b40, C4<0>, C4<0>;
L_0000029b4f3a13d0 .functor AND 1, L_0000029b4f358d70, L_0000029b4f358f50, C4<1>, C4<1>;
L_0000029b4f3a2550 .functor OR 1, L_0000029b4f3a1830, L_0000029b4f3a13d0, C4<0>, C4<0>;
v0000029b4f2fa970_0 .net *"_ivl_0", 0 0, L_0000029b4f3a1980;  1 drivers
v0000029b4f2f9d90_0 .net *"_ivl_10", 0 0, L_0000029b4f3a13d0;  1 drivers
v0000029b4f2fac90_0 .net *"_ivl_4", 0 0, L_0000029b4f3a24e0;  1 drivers
v0000029b4f2f99d0_0 .net *"_ivl_6", 0 0, L_0000029b4f3a1b40;  1 drivers
v0000029b4f2fa0b0_0 .net *"_ivl_8", 0 0, L_0000029b4f3a1830;  1 drivers
v0000029b4f2fae70_0 .net "ci", 0 0, L_0000029b4f358f50;  1 drivers
v0000029b4f2fafb0_0 .net "co", 0 0, L_0000029b4f3a2550;  1 drivers
v0000029b4f2fa010_0 .net "x", 0 0, L_0000029b4f358b90;  1 drivers
v0000029b4f2fa150_0 .net "y", 0 0, L_0000029b4f358d70;  1 drivers
v0000029b4f2f9f70_0 .net "z", 0 0, L_0000029b4f3a2470;  1 drivers
S_0000029b4f2f90f0 .scope generate, "rca[3]" "rca[3]" 3 19, 3 19 0, S_0000029b4f2f8c40;
 .timescale -9 -12;
P_0000029b4f2d2830 .param/l "i" 0 3 19, +C4<011>;
S_0000029b4f2fcc00 .scope module, "f" "fac" 3 20, 4 1 0, S_0000029b4f2f90f0;
 .timescale -9 -12;
    .port_info 0 /INPUT 1 "x";
    .port_info 1 /INPUT 1 "y";
    .port_info 2 /INPUT 1 "ci";
    .port_info 3 /OUTPUT 1 "z";
    .port_info 4 /OUTPUT 1 "co";
L_0000029b4f3a2a90 .functor XOR 1, L_0000029b4f358230, L_0000029b4f357a10, C4<0>, C4<0>;
L_0000029b4f3a1590 .functor XOR 1, L_0000029b4f3a2a90, L_0000029b4f357ab0, C4<0>, C4<0>;
L_0000029b4f3a1a60 .functor AND 1, L_0000029b4f358230, L_0000029b4f357a10, C4<1>, C4<1>;
L_0000029b4f3a1f30 .functor AND 1, L_0000029b4f358230, L_0000029b4f357ab0, C4<1>, C4<1>;
L_0000029b4f3a25c0 .functor OR 1, L_0000029b4f3a1a60, L_0000029b4f3a1f30, C4<0>, C4<0>;
L_0000029b4f3a1ad0 .functor AND 1, L_0000029b4f357a10, L_0000029b4f357ab0, C4<1>, C4<1>;
L_0000029b4f3a26a0 .functor OR 1, L_0000029b4f3a25c0, L_0000029b4f3a1ad0, C4<0>, C4<0>;
v0000029b4f2fa290_0 .net *"_ivl_0", 0 0, L_0000029b4f3a2a90;  1 drivers
v0000029b4f2faa10_0 .net *"_ivl_10", 0 0, L_0000029b4f3a1ad0;  1 drivers
v0000029b4f2fa330_0 .net *"_ivl_4", 0 0, L_0000029b4f3a1a60;  1 drivers
v0000029b4f2fab50_0 .net *"_ivl_6", 0 0, L_0000029b4f3a1f30;  1 drivers
v0000029b4f2faf10_0 .net *"_ivl_8", 0 0, L_0000029b4f3a25c0;  1 drivers
v0000029b4f2fabf0_0 .net "ci", 0 0, L_0000029b4f357ab0;  1 drivers
v0000029b4f2fadd0_0 .net "co", 0 0, L_0000029b4f3a26a0;  1 drivers
v0000029b4f2fb5f0_0 .net "x", 0 0, L_0000029b4f358230;  1 drivers
v0000029b4f2fad30_0 .net "y", 0 0, L_0000029b4f357a10;  1 drivers
v0000029b4f2fa3d0_0 .net "z", 0 0, L_0000029b4f3a1590;  1 drivers
S_0000029b4f2fc8e0 .scope generate, "rca[4]" "rca[4]" 3 19, 3 19 0, S_0000029b4f2f8c40;
 .timescale -9 -12;
P_0000029b4f2d3970 .param/l "i" 0 3 19, +C4<0100>;
S_0000029b4f2fcd90 .scope module, "f" "fac" 3 20, 4 1 0, S_0000029b4f2fc8e0;
 .timescale -9 -12;
    .port_info 0 /INPUT 1 "x";
    .port_info 1 /INPUT 1 "y";
    .port_info 2 /INPUT 1 "ci";
    .port_info 3 /OUTPUT 1 "z";
    .port_info 4 /OUTPUT 1 "co";
L_0000029b4f3a2a20 .functor XOR 1, L_0000029b4f3582d0, L_0000029b4f3a76c0, C4<0>, C4<0>;
L_0000029b4f3a1c90 .functor XOR 1, L_0000029b4f3a2a20, L_0000029b4f3a6a40, C4<0>, C4<0>;
L_0000029b4f3a2710 .functor AND 1, L_0000029b4f3582d0, L_0000029b4f3a76c0, C4<1>, C4<1>;
L_0000029b4f3a2940 .functor AND 1, L_0000029b4f3582d0, L_0000029b4f3a6a40, C4<1>, C4<1>;
L_0000029b4f3a2d30 .functor OR 1, L_0000029b4f3a2710, L_0000029b4f3a2940, C4<0>, C4<0>;
L_0000029b4f3a27f0 .functor AND 1, L_0000029b4f3a76c0, L_0000029b4f3a6a40, C4<1>, C4<1>;
L_0000029b4f3a29b0 .functor OR 1, L_0000029b4f3a2d30, L_0000029b4f3a27f0, C4<0>, C4<0>;
v0000029b4f2fb0f0_0 .net *"_ivl_0", 0 0, L_0000029b4f3a2a20;  1 drivers
v0000029b4f2fb2d0_0 .net *"_ivl_10", 0 0, L_0000029b4f3a27f0;  1 drivers
v0000029b4f2fb4b0_0 .net *"_ivl_4", 0 0, L_0000029b4f3a2710;  1 drivers
v0000029b4f2fa470_0 .net *"_ivl_6", 0 0, L_0000029b4f3a2940;  1 drivers
v0000029b4f2fb690_0 .net *"_ivl_8", 0 0, L_0000029b4f3a2d30;  1 drivers
v0000029b4f2fb730_0 .net "ci", 0 0, L_0000029b4f3a6a40;  1 drivers
v0000029b4f346e50_0 .net "co", 0 0, L_0000029b4f3a29b0;  1 drivers
v0000029b4f346db0_0 .net "x", 0 0, L_0000029b4f3582d0;  1 drivers
v0000029b4f345eb0_0 .net "y", 0 0, L_0000029b4f3a76c0;  1 drivers
v0000029b4f346a90_0 .net "z", 0 0, L_0000029b4f3a1c90;  1 drivers
S_0000029b4f2fbad0 .scope generate, "rca[5]" "rca[5]" 3 19, 3 19 0, S_0000029b4f2f8c40;
 .timescale -9 -12;
P_0000029b4f2d42b0 .param/l "i" 0 3 19, +C4<0101>;
S_0000029b4f2fca70 .scope module, "f" "fac" 3 20, 4 1 0, S_0000029b4f2fbad0;
 .timescale -9 -12;
    .port_info 0 /INPUT 1 "x";
    .port_info 1 /INPUT 1 "y";
    .port_info 2 /INPUT 1 "ci";
    .port_info 3 /OUTPUT 1 "z";
    .port_info 4 /OUTPUT 1 "co";
L_0000029b4f3a2b70 .functor XOR 1, L_0000029b4f3a7800, L_0000029b4f3a7580, C4<0>, C4<0>;
L_0000029b4f3a2c50 .functor XOR 1, L_0000029b4f3a2b70, L_0000029b4f3a6860, C4<0>, C4<0>;
L_0000029b4f3a2da0 .functor AND 1, L_0000029b4f3a7800, L_0000029b4f3a7580, C4<1>, C4<1>;
L_0000029b4f3a2e10 .functor AND 1, L_0000029b4f3a7800, L_0000029b4f3a6860, C4<1>, C4<1>;
L_0000029b4f3a12f0 .functor OR 1, L_0000029b4f3a2da0, L_0000029b4f3a2e10, C4<0>, C4<0>;
L_0000029b4f3a3200 .functor AND 1, L_0000029b4f3a7580, L_0000029b4f3a6860, C4<1>, C4<1>;
L_0000029b4f3a3040 .functor OR 1, L_0000029b4f3a12f0, L_0000029b4f3a3200, C4<0>, C4<0>;
v0000029b4f346270_0 .net *"_ivl_0", 0 0, L_0000029b4f3a2b70;  1 drivers
v0000029b4f346bd0_0 .net *"_ivl_10", 0 0, L_0000029b4f3a3200;  1 drivers
v0000029b4f345d70_0 .net *"_ivl_4", 0 0, L_0000029b4f3a2da0;  1 drivers
v0000029b4f3464f0_0 .net *"_ivl_6", 0 0, L_0000029b4f3a2e10;  1 drivers
v0000029b4f345e10_0 .net *"_ivl_8", 0 0, L_0000029b4f3a12f0;  1 drivers
v0000029b4f346130_0 .net "ci", 0 0, L_0000029b4f3a6860;  1 drivers
v0000029b4f3466d0_0 .net "co", 0 0, L_0000029b4f3a3040;  1 drivers
v0000029b4f345f50_0 .net "x", 0 0, L_0000029b4f3a7800;  1 drivers
v0000029b4f345cd0_0 .net "y", 0 0, L_0000029b4f3a7580;  1 drivers
v0000029b4f345ff0_0 .net "z", 0 0, L_0000029b4f3a2c50;  1 drivers
S_0000029b4f2fd240 .scope generate, "rca[6]" "rca[6]" 3 19, 3 19 0, S_0000029b4f2f8c40;
 .timescale -9 -12;
P_0000029b4f2d4630 .param/l "i" 0 3 19, +C4<0110>;
S_0000029b4f2fc750 .scope module, "f" "fac" 3 20, 4 1 0, S_0000029b4f2fd240;
 .timescale -9 -12;
    .port_info 0 /INPUT 1 "x";
    .port_info 1 /INPUT 1 "y";
    .port_info 2 /INPUT 1 "ci";
    .port_info 3 /OUTPUT 1 "z";
    .port_info 4 /OUTPUT 1 "co";
L_0000029b4f3a2fd0 .functor XOR 1, L_0000029b4f3a6cc0, L_0000029b4f3a7b20, C4<0>, C4<0>;
L_0000029b4f3a2ef0 .functor XOR 1, L_0000029b4f3a2fd0, L_0000029b4f3a6900, C4<0>, C4<0>;
L_0000029b4f3a2f60 .functor AND 1, L_0000029b4f3a6cc0, L_0000029b4f3a7b20, C4<1>, C4<1>;
L_0000029b4f3a3190 .functor AND 1, L_0000029b4f3a6cc0, L_0000029b4f3a6900, C4<1>, C4<1>;
L_0000029b4f3a30b0 .functor OR 1, L_0000029b4f3a2f60, L_0000029b4f3a3190, C4<0>, C4<0>;
L_0000029b4f3a3120 .functor AND 1, L_0000029b4f3a7b20, L_0000029b4f3a6900, C4<1>, C4<1>;
L_0000029b4f3a2b00 .functor OR 1, L_0000029b4f3a30b0, L_0000029b4f3a3120, C4<0>, C4<0>;
v0000029b4f346b30_0 .net *"_ivl_0", 0 0, L_0000029b4f3a2fd0;  1 drivers
v0000029b4f346090_0 .net *"_ivl_10", 0 0, L_0000029b4f3a3120;  1 drivers
v0000029b4f3461d0_0 .net *"_ivl_4", 0 0, L_0000029b4f3a2f60;  1 drivers
v0000029b4f345910_0 .net *"_ivl_6", 0 0, L_0000029b4f3a3190;  1 drivers
v0000029b4f3459b0_0 .net *"_ivl_8", 0 0, L_0000029b4f3a30b0;  1 drivers
v0000029b4f345a50_0 .net "ci", 0 0, L_0000029b4f3a6900;  1 drivers
v0000029b4f3468b0_0 .net "co", 0 0, L_0000029b4f3a2b00;  1 drivers
v0000029b4f345af0_0 .net "x", 0 0, L_0000029b4f3a6cc0;  1 drivers
v0000029b4f346310_0 .net "y", 0 0, L_0000029b4f3a7b20;  1 drivers
v0000029b4f346c70_0 .net "z", 0 0, L_0000029b4f3a2ef0;  1 drivers
S_0000029b4f2fcf20 .scope generate, "rca[7]" "rca[7]" 3 19, 3 19 0, S_0000029b4f2f8c40;
 .timescale -9 -12;
P_0000029b4f2d3e70 .param/l "i" 0 3 19, +C4<0111>;
S_0000029b4f2fd6f0 .scope module, "f" "fac" 3 20, 4 1 0, S_0000029b4f2fcf20;
 .timescale -9 -12;
    .port_info 0 /INPUT 1 "x";
    .port_info 1 /INPUT 1 "y";
    .port_info 2 /INPUT 1 "ci";
    .port_info 3 /OUTPUT 1 "z";
    .port_info 4 /OUTPUT 1 "co";
L_0000029b4f3ab110 .functor XOR 1, L_0000029b4f3a7620, L_0000029b4f3a69a0, C4<0>, C4<0>;
L_0000029b4f3abab0 .functor XOR 1, L_0000029b4f3ab110, L_0000029b4f3a7f80, C4<0>, C4<0>;
L_0000029b4f3ab490 .functor AND 1, L_0000029b4f3a7620, L_0000029b4f3a69a0, C4<1>, C4<1>;
L_0000029b4f3ab650 .functor AND 1, L_0000029b4f3a7620, L_0000029b4f3a7f80, C4<1>, C4<1>;
L_0000029b4f3aabd0 .functor OR 1, L_0000029b4f3ab490, L_0000029b4f3ab650, C4<0>, C4<0>;
L_0000029b4f3aa8c0 .functor AND 1, L_0000029b4f3a69a0, L_0000029b4f3a7f80, C4<1>, C4<1>;
L_0000029b4f3aac40 .functor OR 1, L_0000029b4f3aabd0, L_0000029b4f3aa8c0, C4<0>, C4<0>;
v0000029b4f346ef0_0 .net *"_ivl_0", 0 0, L_0000029b4f3ab110;  1 drivers
v0000029b4f3463b0_0 .net *"_ivl_10", 0 0, L_0000029b4f3aa8c0;  1 drivers
v0000029b4f346630_0 .net *"_ivl_4", 0 0, L_0000029b4f3ab490;  1 drivers
v0000029b4f346950_0 .net *"_ivl_6", 0 0, L_0000029b4f3ab650;  1 drivers
v0000029b4f346450_0 .net *"_ivl_8", 0 0, L_0000029b4f3aabd0;  1 drivers
v0000029b4f346590_0 .net "ci", 0 0, L_0000029b4f3a7f80;  1 drivers
v0000029b4f3469f0_0 .net "co", 0 0, L_0000029b4f3aac40;  1 drivers
v0000029b4f346d10_0 .net "x", 0 0, L_0000029b4f3a7620;  1 drivers
v0000029b4f345870_0 .net "y", 0 0, L_0000029b4f3a69a0;  1 drivers
v0000029b4f345b90_0 .net "z", 0 0, L_0000029b4f3abab0;  1 drivers
S_0000029b4f2fd3d0 .scope module, "reg_data_dff" "dff" 2 91, 5 1 0, S_0000029b4f25a410;
 .timescale -9 -12;
    .port_info 0 /INPUT 1 "clk";
    .port_info 1 /INPUT 1 "reset_n";
    .port_info 2 /INPUT 16 "d";
    .port_info 3 /OUTPUT 16 "q";
P_0000029b4f2d4230 .param/l "WIDTH" 0 5 1, +C4<00000000000000000000000000010000>;
v0000029b4f3457d0_0 .net "clk", 0 0, v0000029b4f355990_0;  alias, 1 drivers
v0000029b4f343890_0 .net "d", 15 0, L_0000029b4f3a80c0;  1 drivers
v0000029b4f3443d0_0 .net "q", 15 0, v0000029b4f3450f0_0;  alias, 1 drivers
v0000029b4f3450f0_0 .var "q_reg", 15 0;
v0000029b4f344150_0 .net "reset_n", 0 0, v0000029b4f356ed0_0;  alias, 1 drivers
S_0000029b4f2fb940 .scope module, "shifter" "leftshifter" 2 30, 6 1 0, S_0000029b4f25a410;
 .timescale -9 -12;
    .port_info 0 /INPUT 16 "in";
    .port_info 1 /INPUT 1 "serial_in";
    .port_info 2 /OUTPUT 16 "out";
P_0000029b4f2d3f30 .param/l "WIDTH" 0 6 2, +C4<00000000000000000000000000010000>;
L_0000029b4f359160 .functor BUFT 1, C4<0>, C4<0>, C4<0>, C4<0>;
L_0000029b4f2ce930 .functor BUFZ 1, L_0000029b4f359160, C4<0>, C4<0>, C4<0>;
v0000029b4f343110_0 .net *"_ivl_49", 0 0, L_0000029b4f2ce930;  1 drivers
v0000029b4f344330_0 .net "in", 15 0, v0000029b4f3450f0_0;  alias, 1 drivers
v0000029b4f345230_0 .net "out", 15 0, L_0000029b4f3566b0;  alias, 1 drivers
v0000029b4f344ab0_0 .net "serial_in", 0 0, L_0000029b4f359160;  1 drivers
L_0000029b4f356250 .part v0000029b4f3450f0_0, 0, 1;
L_0000029b4f3573d0 .part v0000029b4f3450f0_0, 1, 1;
L_0000029b4f357830 .part v0000029b4f3450f0_0, 2, 1;
L_0000029b4f3557b0 .part v0000029b4f3450f0_0, 3, 1;
L_0000029b4f355df0 .part v0000029b4f3450f0_0, 4, 1;
L_0000029b4f355170 .part v0000029b4f3450f0_0, 5, 1;
L_0000029b4f3552b0 .part v0000029b4f3450f0_0, 6, 1;
L_0000029b4f3575b0 .part v0000029b4f3450f0_0, 7, 1;
L_0000029b4f356570 .part v0000029b4f3450f0_0, 8, 1;
L_0000029b4f356b10 .part v0000029b4f3450f0_0, 9, 1;
L_0000029b4f355710 .part v0000029b4f3450f0_0, 10, 1;
L_0000029b4f356c50 .part v0000029b4f3450f0_0, 11, 1;
L_0000029b4f355350 .part v0000029b4f3450f0_0, 12, 1;
L_0000029b4f355d50 .part v0000029b4f3450f0_0, 13, 1;
L_0000029b4f355530 .part v0000029b4f3450f0_0, 14, 1;
LS_0000029b4f3566b0_0_0 .concat8 [ 1 1 1 1], L_0000029b4f2ce930, L_0000029b4f356250, L_0000029b4f3573d0, L_0000029b4f357830;
LS_0000029b4f3566b0_0_4 .concat8 [ 1 1 1 1], L_0000029b4f3557b0, L_0000029b4f355df0, L_0000029b4f355170, L_0000029b4f3552b0;
LS_0000029b4f3566b0_0_8 .concat8 [ 1 1 1 1], L_0000029b4f3575b0, L_0000029b4f356570, L_0000029b4f356b10, L_0000029b4f355710;
LS_0000029b4f3566b0_0_12 .concat8 [ 1 1 1 1], L_0000029b4f356c50, L_0000029b4f355350, L_0000029b4f355d50, L_0000029b4f355530;
L_0000029b4f3566b0 .concat8 [ 4 4 4 4], LS_0000029b4f3566b0_0_0, LS_0000029b4f3566b0_0_4, LS_0000029b4f3566b0_0_8, LS_0000029b4f3566b0_0_12;
S_0000029b4f2fc110 .scope generate, "bit_shift[1]" "bit_shift[1]" 6 14, 6 14 0, S_0000029b4f2fb940;
 .timescale -9 -12;
P_0000029b4f2d3a70 .param/l "i" 0 6 14, +C4<01>;
v0000029b4f343c50_0 .net *"_ivl_0", 0 0, L_0000029b4f356250;  1 drivers
S_0000029b4f2fd0b0 .scope generate, "bit_shift[2]" "bit_shift[2]" 6 14, 6 14 0, S_0000029b4f2fb940;
 .timescale -9 -12;
P_0000029b4f2d3cf0 .param/l "i" 0 6 14, +C4<010>;
v0000029b4f345190_0 .net *"_ivl_0", 0 0, L_0000029b4f3573d0;  1 drivers
S_0000029b4f2fc2a0 .scope generate, "bit_shift[3]" "bit_shift[3]" 6 14, 6 14 0, S_0000029b4f2fb940;
 .timescale -9 -12;
P_0000029b4f2d3ab0 .param/l "i" 0 6 14, +C4<011>;
v0000029b4f343d90_0 .net *"_ivl_0", 0 0, L_0000029b4f357830;  1 drivers
S_0000029b4f2fc430 .scope generate, "bit_shift[4]" "bit_shift[4]" 6 14, 6 14 0, S_0000029b4f2fb940;
 .timescale -9 -12;
P_0000029b4f2d3af0 .param/l "i" 0 6 14, +C4<0100>;
v0000029b4f3446f0_0 .net *"_ivl_0", 0 0, L_0000029b4f3557b0;  1 drivers
S_0000029b4f2fc5c0 .scope generate, "bit_shift[5]" "bit_shift[5]" 6 14, 6 14 0, S_0000029b4f2fb940;
 .timescale -9 -12;
P_0000029b4f2d4570 .param/l "i" 0 6 14, +C4<0101>;
v0000029b4f344c90_0 .net *"_ivl_0", 0 0, L_0000029b4f355df0;  1 drivers
S_0000029b4f2fbc60 .scope generate, "bit_shift[6]" "bit_shift[6]" 6 14, 6 14 0, S_0000029b4f2fb940;
 .timescale -9 -12;
P_0000029b4f2d3eb0 .param/l "i" 0 6 14, +C4<0110>;
v0000029b4f343430_0 .net *"_ivl_0", 0 0, L_0000029b4f355170;  1 drivers
S_0000029b4f2fd560 .scope generate, "bit_shift[7]" "bit_shift[7]" 6 14, 6 14 0, S_0000029b4f2fb940;
 .timescale -9 -12;
P_0000029b4f2d45b0 .param/l "i" 0 6 14, +C4<0111>;
v0000029b4f343cf0_0 .net *"_ivl_0", 0 0, L_0000029b4f3552b0;  1 drivers
S_0000029b4f2fbdf0 .scope generate, "bit_shift[8]" "bit_shift[8]" 6 14, 6 14 0, S_0000029b4f2fb940;
 .timescale -9 -12;
P_0000029b4f2d3b30 .param/l "i" 0 6 14, +C4<01000>;
v0000029b4f344830_0 .net *"_ivl_0", 0 0, L_0000029b4f3575b0;  1 drivers
S_0000029b4f2fbf80 .scope generate, "bit_shift[9]" "bit_shift[9]" 6 14, 6 14 0, S_0000029b4f2fb940;
 .timescale -9 -12;
P_0000029b4f2d3c70 .param/l "i" 0 6 14, +C4<01001>;
v0000029b4f344970_0 .net *"_ivl_0", 0 0, L_0000029b4f356570;  1 drivers
S_0000029b4f347840 .scope generate, "bit_shift[10]" "bit_shift[10]" 6 14, 6 14 0, S_0000029b4f2fb940;
 .timescale -9 -12;
P_0000029b4f2d3b70 .param/l "i" 0 6 14, +C4<01010>;
v0000029b4f344790_0 .net *"_ivl_0", 0 0, L_0000029b4f356b10;  1 drivers
S_0000029b4f348650 .scope generate, "bit_shift[11]" "bit_shift[11]" 6 14, 6 14 0, S_0000029b4f2fb940;
 .timescale -9 -12;
P_0000029b4f2d3670 .param/l "i" 0 6 14, +C4<01011>;
v0000029b4f3440b0_0 .net *"_ivl_0", 0 0, L_0000029b4f355710;  1 drivers
S_0000029b4f3487e0 .scope generate, "bit_shift[12]" "bit_shift[12]" 6 14, 6 14 0, S_0000029b4f2fb940;
 .timescale -9 -12;
P_0000029b4f2d3f70 .param/l "i" 0 6 14, +C4<01100>;
v0000029b4f3441f0_0 .net *"_ivl_0", 0 0, L_0000029b4f356c50;  1 drivers
S_0000029b4f348970 .scope generate, "bit_shift[13]" "bit_shift[13]" 6 14, 6 14 0, S_0000029b4f2fb940;
 .timescale -9 -12;
P_0000029b4f2d3cb0 .param/l "i" 0 6 14, +C4<01101>;
v0000029b4f3454b0_0 .net *"_ivl_0", 0 0, L_0000029b4f355350;  1 drivers
S_0000029b4f347200 .scope generate, "bit_shift[14]" "bit_shift[14]" 6 14, 6 14 0, S_0000029b4f2fb940;
 .timescale -9 -12;
P_0000029b4f2d4170 .param/l "i" 0 6 14, +C4<01110>;
v0000029b4f3448d0_0 .net *"_ivl_0", 0 0, L_0000029b4f355d50;  1 drivers
S_0000029b4f347070 .scope generate, "bit_shift[15]" "bit_shift[15]" 6 14, 6 14 0, S_0000029b4f2fb940;
 .timescale -9 -12;
P_0000029b4f2d3d30 .param/l "i" 0 6 14, +C4<01111>;
v0000029b4f344a10_0 .net *"_ivl_0", 0 0, L_0000029b4f355530;  1 drivers
S_0000029b4f348b00 .scope module, "sub_adder" "adder" 2 43, 3 3 0, S_0000029b4f25a410;
 .timescale -9 -12;
    .port_info 0 /INPUT 8 "a";
    .port_info 1 /INPUT 8 "b";
    .port_info 2 /INPUT 1 "cin";
    .port_info 3 /INPUT 1 "en";
    .port_info 4 /OUTPUT 9 "sum";
P_0000029b4f2d36b0 .param/l "WIDTH" 0 3 4, +C4<00000000000000000000000000001000>;
L_0000029b4f3ac140 .functor BUFT 9, L_0000029b4f356110, C4<000000000>, C4<000000000>, C4<000000000>;
v0000029b4f3499f0_0 .net *"_ivl_60", 0 0, L_0000029b4f355e90;  1 drivers
v0000029b4f34acb0_0 .net *"_ivl_61", 8 0, L_0000029b4f356110;  1 drivers
v0000029b4f34ad50_0 .net "a", 7 0, L_0000029b4f355fd0;  alias, 1 drivers
v0000029b4f34adf0_0 .net "b", 7 0, L_0000029b4f3a44d0;  1 drivers
v0000029b4f34a030_0 .net "c", 7 0, L_0000029b4f355cb0;  1 drivers
L_0000029b4f3591a8 .functor BUFT 1, C4<1>, C4<0>, C4<0>, C4<0>;
v0000029b4f34ae90_0 .net "cin", 0 0, L_0000029b4f3591a8;  1 drivers
L_0000029b4f3591f0 .functor BUFT 1, C4<1>, C4<0>, C4<0>, C4<0>;
v0000029b4f34af30_0 .net "en", 0 0, L_0000029b4f3591f0;  1 drivers
v0000029b4f34b4d0_0 .net "s", 7 0, L_0000029b4f355c10;  1 drivers
v0000029b4f34b6b0_0 .net "sum", 8 0, L_0000029b4f3ac140;  alias, 1 drivers
L_0000029b4f356d90 .part L_0000029b4f355fd0, 1, 1;
L_0000029b4f3550d0 .part L_0000029b4f3a44d0, 1, 1;
L_0000029b4f356430 .part L_0000029b4f355cb0, 0, 1;
L_0000029b4f355670 .part L_0000029b4f355fd0, 2, 1;
L_0000029b4f356cf0 .part L_0000029b4f3a44d0, 2, 1;
L_0000029b4f357150 .part L_0000029b4f355cb0, 1, 1;
L_0000029b4f357790 .part L_0000029b4f355fd0, 3, 1;
L_0000029b4f356e30 .part L_0000029b4f3a44d0, 3, 1;
L_0000029b4f3555d0 .part L_0000029b4f355cb0, 2, 1;
L_0000029b4f356f70 .part L_0000029b4f355fd0, 4, 1;
L_0000029b4f355210 .part L_0000029b4f3a44d0, 4, 1;
L_0000029b4f355850 .part L_0000029b4f355cb0, 3, 1;
L_0000029b4f356930 .part L_0000029b4f355fd0, 5, 1;
L_0000029b4f3553f0 .part L_0000029b4f3a44d0, 5, 1;
L_0000029b4f356390 .part L_0000029b4f355cb0, 4, 1;
L_0000029b4f356890 .part L_0000029b4f355fd0, 6, 1;
L_0000029b4f357290 .part L_0000029b4f3a44d0, 6, 1;
L_0000029b4f357470 .part L_0000029b4f355cb0, 5, 1;
L_0000029b4f356750 .part L_0000029b4f355fd0, 7, 1;
L_0000029b4f3561b0 .part L_0000029b4f3a44d0, 7, 1;
L_0000029b4f355490 .part L_0000029b4f355cb0, 6, 1;
L_0000029b4f3567f0 .part L_0000029b4f355fd0, 0, 1;
L_0000029b4f355ad0 .part L_0000029b4f3a44d0, 0, 1;
LS_0000029b4f355c10_0_0 .concat8 [ 1 1 1 1], L_0000029b4f3a5030, L_0000029b4f2cf1f0, L_0000029b4f2ced20, L_0000029b4f3a3bc0;
LS_0000029b4f355c10_0_4 .concat8 [ 1 1 1 1], L_0000029b4f3a3ca0, L_0000029b4f3a3d80, L_0000029b4f3a4020, L_0000029b4f3a33e0;
L_0000029b4f355c10 .concat8 [ 4 4 0 0], LS_0000029b4f355c10_0_0, LS_0000029b4f355c10_0_4;
LS_0000029b4f355cb0_0_0 .concat8 [ 1 1 1 1], L_0000029b4f3a4a10, L_0000029b4f2cf340, L_0000029b4f2ced90, L_0000029b4f3a3c30;
LS_0000029b4f355cb0_0_4 .concat8 [ 1 1 1 1], L_0000029b4f3a38b0, L_0000029b4f3a3a00, L_0000029b4f3a3840, L_0000029b4f3a3530;
L_0000029b4f355cb0 .concat8 [ 4 4 0 0], LS_0000029b4f355cb0_0_0, LS_0000029b4f355cb0_0_4;
L_0000029b4f355e90 .part L_0000029b4f355cb0, 7, 1;
L_0000029b4f356110 .concat [ 8 1 0 0], L_0000029b4f355c10, L_0000029b4f355e90;
S_0000029b4f3476b0 .scope module, "f0" "fac" 3 15, 4 1 0, S_0000029b4f348b00;
 .timescale -9 -12;
    .port_info 0 /INPUT 1 "x";
    .port_info 1 /INPUT 1 "y";
    .port_info 2 /INPUT 1 "ci";
    .port_info 3 /OUTPUT 1 "z";
    .port_info 4 /OUTPUT 1 "co";
L_0000029b4f3a35a0 .functor XOR 1, L_0000029b4f3567f0, L_0000029b4f355ad0, C4<0>, C4<0>;
L_0000029b4f3a5030 .functor XOR 1, L_0000029b4f3a35a0, L_0000029b4f3591a8, C4<0>, C4<0>;
L_0000029b4f3a4930 .functor AND 1, L_0000029b4f3567f0, L_0000029b4f355ad0, C4<1>, C4<1>;
L_0000029b4f3a4cb0 .functor AND 1, L_0000029b4f3567f0, L_0000029b4f3591a8, C4<1>, C4<1>;
L_0000029b4f3a50a0 .functor OR 1, L_0000029b4f3a4930, L_0000029b4f3a4cb0, C4<0>, C4<0>;
L_0000029b4f3a4310 .functor AND 1, L_0000029b4f355ad0, L_0000029b4f3591a8, C4<1>, C4<1>;
L_0000029b4f3a4a10 .functor OR 1, L_0000029b4f3a50a0, L_0000029b4f3a4310, C4<0>, C4<0>;
v0000029b4f3434d0_0 .net *"_ivl_0", 0 0, L_0000029b4f3a35a0;  1 drivers
v0000029b4f344b50_0 .net *"_ivl_10", 0 0, L_0000029b4f3a4310;  1 drivers
v0000029b4f343610_0 .net *"_ivl_4", 0 0, L_0000029b4f3a4930;  1 drivers
v0000029b4f344bf0_0 .net *"_ivl_6", 0 0, L_0000029b4f3a4cb0;  1 drivers
v0000029b4f345410_0 .net *"_ivl_8", 0 0, L_0000029b4f3a50a0;  1 drivers
v0000029b4f344e70_0 .net "ci", 0 0, L_0000029b4f3591a8;  alias, 1 drivers
v0000029b4f343e30_0 .net "co", 0 0, L_0000029b4f3a4a10;  1 drivers
v0000029b4f345550_0 .net "x", 0 0, L_0000029b4f3567f0;  1 drivers
v0000029b4f343250_0 .net "y", 0 0, L_0000029b4f355ad0;  1 drivers
v0000029b4f343570_0 .net "z", 0 0, L_0000029b4f3a5030;  1 drivers
S_0000029b4f347390 .scope generate, "rca[1]" "rca[1]" 3 19, 3 19 0, S_0000029b4f348b00;
 .timescale -9 -12;
P_0000029b4f2d3d70 .param/l "i" 0 3 19, +C4<01>;
S_0000029b4f348330 .scope module, "f" "fac" 3 20, 4 1 0, S_0000029b4f347390;
 .timescale -9 -12;
    .port_info 0 /INPUT 1 "x";
    .port_info 1 /INPUT 1 "y";
    .port_info 2 /INPUT 1 "ci";
    .port_info 3 /OUTPUT 1 "z";
    .port_info 4 /OUTPUT 1 "co";
L_0000029b4f2cf180 .functor XOR 1, L_0000029b4f356d90, L_0000029b4f3550d0, C4<0>, C4<0>;
L_0000029b4f2cf1f0 .functor XOR 1, L_0000029b4f2cf180, L_0000029b4f356430, C4<0>, C4<0>;
L_0000029b4f2ceb60 .functor AND 1, L_0000029b4f356d90, L_0000029b4f3550d0, C4<1>, C4<1>;
L_0000029b4f2cefc0 .functor AND 1, L_0000029b4f356d90, L_0000029b4f356430, C4<1>, C4<1>;
L_0000029b4f2cecb0 .functor OR 1, L_0000029b4f2ceb60, L_0000029b4f2cefc0, C4<0>, C4<0>;
L_0000029b4f2ce9a0 .functor AND 1, L_0000029b4f3550d0, L_0000029b4f356430, C4<1>, C4<1>;
L_0000029b4f2cf340 .functor OR 1, L_0000029b4f2cecb0, L_0000029b4f2ce9a0, C4<0>, C4<0>;
v0000029b4f344d30_0 .net *"_ivl_0", 0 0, L_0000029b4f2cf180;  1 drivers
v0000029b4f344dd0_0 .net *"_ivl_10", 0 0, L_0000029b4f2ce9a0;  1 drivers
v0000029b4f343f70_0 .net *"_ivl_4", 0 0, L_0000029b4f2ceb60;  1 drivers
v0000029b4f3455f0_0 .net *"_ivl_6", 0 0, L_0000029b4f2cefc0;  1 drivers
v0000029b4f344f10_0 .net *"_ivl_8", 0 0, L_0000029b4f2cecb0;  1 drivers
v0000029b4f345690_0 .net "ci", 0 0, L_0000029b4f356430;  1 drivers
v0000029b4f344fb0_0 .net "co", 0 0, L_0000029b4f2cf340;  1 drivers
v0000029b4f345730_0 .net "x", 0 0, L_0000029b4f356d90;  1 drivers
v0000029b4f3431b0_0 .net "y", 0 0, L_0000029b4f3550d0;  1 drivers
v0000029b4f343070_0 .net "z", 0 0, L_0000029b4f2cf1f0;  1 drivers
S_0000029b4f348e20 .scope generate, "rca[2]" "rca[2]" 3 19, 3 19 0, S_0000029b4f348b00;
 .timescale -9 -12;
P_0000029b4f2d41b0 .param/l "i" 0 3 19, +C4<010>;
S_0000029b4f3479d0 .scope module, "f" "fac" 3 20, 4 1 0, S_0000029b4f348e20;
 .timescale -9 -12;
    .port_info 0 /INPUT 1 "x";
    .port_info 1 /INPUT 1 "y";
    .port_info 2 /INPUT 1 "ci";
    .port_info 3 /OUTPUT 1 "z";
    .port_info 4 /OUTPUT 1 "co";
L_0000029b4f2ce700 .functor XOR 1, L_0000029b4f355670, L_0000029b4f356cf0, C4<0>, C4<0>;
L_0000029b4f2ced20 .functor XOR 1, L_0000029b4f2ce700, L_0000029b4f357150, C4<0>, C4<0>;
L_0000029b4f2cebd0 .functor AND 1, L_0000029b4f355670, L_0000029b4f356cf0, C4<1>, C4<1>;
L_0000029b4f2cf3b0 .functor AND 1, L_0000029b4f355670, L_0000029b4f357150, C4<1>, C4<1>;
L_0000029b4f2cf260 .functor OR 1, L_0000029b4f2cebd0, L_0000029b4f2cf3b0, C4<0>, C4<0>;
L_0000029b4f2cf490 .functor AND 1, L_0000029b4f356cf0, L_0000029b4f357150, C4<1>, C4<1>;
L_0000029b4f2ced90 .functor OR 1, L_0000029b4f2cf260, L_0000029b4f2cf490, C4<0>, C4<0>;
v0000029b4f343b10_0 .net *"_ivl_0", 0 0, L_0000029b4f2ce700;  1 drivers
v0000029b4f344470_0 .net *"_ivl_10", 0 0, L_0000029b4f2cf490;  1 drivers
v0000029b4f345050_0 .net *"_ivl_4", 0 0, L_0000029b4f2cebd0;  1 drivers
v0000029b4f343750_0 .net *"_ivl_6", 0 0, L_0000029b4f2cf3b0;  1 drivers
v0000029b4f3452d0_0 .net *"_ivl_8", 0 0, L_0000029b4f2cf260;  1 drivers
v0000029b4f345370_0 .net "ci", 0 0, L_0000029b4f357150;  1 drivers
v0000029b4f343bb0_0 .net "co", 0 0, L_0000029b4f2ced90;  1 drivers
v0000029b4f3432f0_0 .net "x", 0 0, L_0000029b4f355670;  1 drivers
v0000029b4f344290_0 .net "y", 0 0, L_0000029b4f356cf0;  1 drivers
v0000029b4f3437f0_0 .net "z", 0 0, L_0000029b4f2ced20;  1 drivers
S_0000029b4f3481a0 .scope generate, "rca[3]" "rca[3]" 3 19, 3 19 0, S_0000029b4f348b00;
 .timescale -9 -12;
P_0000029b4f2d44f0 .param/l "i" 0 3 19, +C4<011>;
S_0000029b4f347520 .scope module, "f" "fac" 3 20, 4 1 0, S_0000029b4f3481a0;
 .timescale -9 -12;
    .port_info 0 /INPUT 1 "x";
    .port_info 1 /INPUT 1 "y";
    .port_info 2 /INPUT 1 "ci";
    .port_info 3 /OUTPUT 1 "z";
    .port_info 4 /OUTPUT 1 "co";
L_0000029b4f2cee00 .functor XOR 1, L_0000029b4f357790, L_0000029b4f356e30, C4<0>, C4<0>;
L_0000029b4f3a3bc0 .functor XOR 1, L_0000029b4f2cee00, L_0000029b4f3555d0, C4<0>, C4<0>;
L_0000029b4f3a3300 .functor AND 1, L_0000029b4f357790, L_0000029b4f356e30, C4<1>, C4<1>;
L_0000029b4f3a3a70 .functor AND 1, L_0000029b4f357790, L_0000029b4f3555d0, C4<1>, C4<1>;
L_0000029b4f3a3370 .functor OR 1, L_0000029b4f3a3300, L_0000029b4f3a3a70, C4<0>, C4<0>;
L_0000029b4f3a41e0 .functor AND 1, L_0000029b4f356e30, L_0000029b4f3555d0, C4<1>, C4<1>;
L_0000029b4f3a3c30 .functor OR 1, L_0000029b4f3a3370, L_0000029b4f3a41e0, C4<0>, C4<0>;
v0000029b4f343930_0 .net *"_ivl_0", 0 0, L_0000029b4f2cee00;  1 drivers
v0000029b4f344510_0 .net *"_ivl_10", 0 0, L_0000029b4f3a41e0;  1 drivers
v0000029b4f343a70_0 .net *"_ivl_4", 0 0, L_0000029b4f3a3300;  1 drivers
v0000029b4f3445b0_0 .net *"_ivl_6", 0 0, L_0000029b4f3a3a70;  1 drivers
v0000029b4f34a350_0 .net *"_ivl_8", 0 0, L_0000029b4f3a3370;  1 drivers
v0000029b4f349db0_0 .net "ci", 0 0, L_0000029b4f3555d0;  1 drivers
v0000029b4f34ab70_0 .net "co", 0 0, L_0000029b4f3a3c30;  1 drivers
v0000029b4f349bd0_0 .net "x", 0 0, L_0000029b4f357790;  1 drivers
v0000029b4f34a850_0 .net "y", 0 0, L_0000029b4f356e30;  1 drivers
v0000029b4f34a3f0_0 .net "z", 0 0, L_0000029b4f3a3bc0;  1 drivers
S_0000029b4f347b60 .scope generate, "rca[4]" "rca[4]" 3 19, 3 19 0, S_0000029b4f348b00;
 .timescale -9 -12;
P_0000029b4f2d36f0 .param/l "i" 0 3 19, +C4<0100>;
S_0000029b4f348c90 .scope module, "f" "fac" 3 20, 4 1 0, S_0000029b4f347b60;
 .timescale -9 -12;
    .port_info 0 /INPUT 1 "x";
    .port_info 1 /INPUT 1 "y";
    .port_info 2 /INPUT 1 "ci";
    .port_info 3 /OUTPUT 1 "z";
    .port_info 4 /OUTPUT 1 "co";
L_0000029b4f3a3680 .functor XOR 1, L_0000029b4f356f70, L_0000029b4f355210, C4<0>, C4<0>;
L_0000029b4f3a3ca0 .functor XOR 1, L_0000029b4f3a3680, L_0000029b4f355850, C4<0>, C4<0>;
L_0000029b4f3a4090 .functor AND 1, L_0000029b4f356f70, L_0000029b4f355210, C4<1>, C4<1>;
L_0000029b4f3a3df0 .functor AND 1, L_0000029b4f356f70, L_0000029b4f355850, C4<1>, C4<1>;
L_0000029b4f3a36f0 .functor OR 1, L_0000029b4f3a4090, L_0000029b4f3a3df0, C4<0>, C4<0>;
L_0000029b4f3a3b50 .functor AND 1, L_0000029b4f355210, L_0000029b4f355850, C4<1>, C4<1>;
L_0000029b4f3a38b0 .functor OR 1, L_0000029b4f3a36f0, L_0000029b4f3a3b50, C4<0>, C4<0>;
v0000029b4f34a530_0 .net *"_ivl_0", 0 0, L_0000029b4f3a3680;  1 drivers
v0000029b4f3493b0_0 .net *"_ivl_10", 0 0, L_0000029b4f3a3b50;  1 drivers
v0000029b4f34a0d0_0 .net *"_ivl_4", 0 0, L_0000029b4f3a4090;  1 drivers
v0000029b4f349270_0 .net *"_ivl_6", 0 0, L_0000029b4f3a3df0;  1 drivers
v0000029b4f349d10_0 .net *"_ivl_8", 0 0, L_0000029b4f3a36f0;  1 drivers
v0000029b4f34a170_0 .net "ci", 0 0, L_0000029b4f355850;  1 drivers
v0000029b4f34b610_0 .net "co", 0 0, L_0000029b4f3a38b0;  1 drivers
v0000029b4f34aa30_0 .net "x", 0 0, L_0000029b4f356f70;  1 drivers
v0000029b4f3496d0_0 .net "y", 0 0, L_0000029b4f355210;  1 drivers
v0000029b4f34b250_0 .net "z", 0 0, L_0000029b4f3a3ca0;  1 drivers
S_0000029b4f347cf0 .scope generate, "rca[5]" "rca[5]" 3 19, 3 19 0, S_0000029b4f348b00;
 .timescale -9 -12;
P_0000029b4f2d3db0 .param/l "i" 0 3 19, +C4<0101>;
S_0000029b4f347e80 .scope module, "f" "fac" 3 20, 4 1 0, S_0000029b4f347cf0;
 .timescale -9 -12;
    .port_info 0 /INPUT 1 "x";
    .port_info 1 /INPUT 1 "y";
    .port_info 2 /INPUT 1 "ci";
    .port_info 3 /OUTPUT 1 "z";
    .port_info 4 /OUTPUT 1 "co";
L_0000029b4f3a3ae0 .functor XOR 1, L_0000029b4f356930, L_0000029b4f3553f0, C4<0>, C4<0>;
L_0000029b4f3a3d80 .functor XOR 1, L_0000029b4f3a3ae0, L_0000029b4f356390, C4<0>, C4<0>;
L_0000029b4f3a3610 .functor AND 1, L_0000029b4f356930, L_0000029b4f3553f0, C4<1>, C4<1>;
L_0000029b4f3a3760 .functor AND 1, L_0000029b4f356930, L_0000029b4f356390, C4<1>, C4<1>;
L_0000029b4f3a4100 .functor OR 1, L_0000029b4f3a3610, L_0000029b4f3a3760, C4<0>, C4<0>;
L_0000029b4f3a3fb0 .functor AND 1, L_0000029b4f3553f0, L_0000029b4f356390, C4<1>, C4<1>;
L_0000029b4f3a3a00 .functor OR 1, L_0000029b4f3a4100, L_0000029b4f3a3fb0, C4<0>, C4<0>;
v0000029b4f349e50_0 .net *"_ivl_0", 0 0, L_0000029b4f3a3ae0;  1 drivers
v0000029b4f3498b0_0 .net *"_ivl_10", 0 0, L_0000029b4f3a3fb0;  1 drivers
v0000029b4f349590_0 .net *"_ivl_4", 0 0, L_0000029b4f3a3610;  1 drivers
v0000029b4f349a90_0 .net *"_ivl_6", 0 0, L_0000029b4f3a3760;  1 drivers
v0000029b4f34a670_0 .net *"_ivl_8", 0 0, L_0000029b4f3a4100;  1 drivers
v0000029b4f349770_0 .net "ci", 0 0, L_0000029b4f356390;  1 drivers
v0000029b4f349950_0 .net "co", 0 0, L_0000029b4f3a3a00;  1 drivers
v0000029b4f34a8f0_0 .net "x", 0 0, L_0000029b4f356930;  1 drivers
v0000029b4f34a490_0 .net "y", 0 0, L_0000029b4f3553f0;  1 drivers
v0000029b4f349630_0 .net "z", 0 0, L_0000029b4f3a3d80;  1 drivers
S_0000029b4f348010 .scope generate, "rca[6]" "rca[6]" 3 19, 3 19 0, S_0000029b4f348b00;
 .timescale -9 -12;
P_0000029b4f2d43b0 .param/l "i" 0 3 19, +C4<0110>;
S_0000029b4f3484c0 .scope module, "f" "fac" 3 20, 4 1 0, S_0000029b4f348010;
 .timescale -9 -12;
    .port_info 0 /INPUT 1 "x";
    .port_info 1 /INPUT 1 "y";
    .port_info 2 /INPUT 1 "ci";
    .port_info 3 /OUTPUT 1 "z";
    .port_info 4 /OUTPUT 1 "co";
L_0000029b4f3a37d0 .functor XOR 1, L_0000029b4f356890, L_0000029b4f357290, C4<0>, C4<0>;
L_0000029b4f3a4020 .functor XOR 1, L_0000029b4f3a37d0, L_0000029b4f357470, C4<0>, C4<0>;
L_0000029b4f3a3d10 .functor AND 1, L_0000029b4f356890, L_0000029b4f357290, C4<1>, C4<1>;
L_0000029b4f3a3e60 .functor AND 1, L_0000029b4f356890, L_0000029b4f357470, C4<1>, C4<1>;
L_0000029b4f3a3ed0 .functor OR 1, L_0000029b4f3a3d10, L_0000029b4f3a3e60, C4<0>, C4<0>;
L_0000029b4f3a4170 .functor AND 1, L_0000029b4f357290, L_0000029b4f357470, C4<1>, C4<1>;
L_0000029b4f3a3840 .functor OR 1, L_0000029b4f3a3ed0, L_0000029b4f3a4170, C4<0>, C4<0>;
v0000029b4f34a210_0 .net *"_ivl_0", 0 0, L_0000029b4f3a37d0;  1 drivers
v0000029b4f349c70_0 .net *"_ivl_10", 0 0, L_0000029b4f3a4170;  1 drivers
v0000029b4f34b070_0 .net *"_ivl_4", 0 0, L_0000029b4f3a3d10;  1 drivers
v0000029b4f34ac10_0 .net *"_ivl_6", 0 0, L_0000029b4f3a3e60;  1 drivers
v0000029b4f349450_0 .net *"_ivl_8", 0 0, L_0000029b4f3a3ed0;  1 drivers
v0000029b4f34a2b0_0 .net "ci", 0 0, L_0000029b4f357470;  1 drivers
v0000029b4f349b30_0 .net "co", 0 0, L_0000029b4f3a3840;  1 drivers
v0000029b4f34a990_0 .net "x", 0 0, L_0000029b4f356890;  1 drivers
v0000029b4f34a5d0_0 .net "y", 0 0, L_0000029b4f357290;  1 drivers
v0000029b4f349810_0 .net "z", 0 0, L_0000029b4f3a4020;  1 drivers
S_0000029b4f3541e0 .scope generate, "rca[7]" "rca[7]" 3 19, 3 19 0, S_0000029b4f348b00;
 .timescale -9 -12;
P_0000029b4f2d3e30 .param/l "i" 0 3 19, +C4<0111>;
S_0000029b4f3549b0 .scope module, "f" "fac" 3 20, 4 1 0, S_0000029b4f3541e0;
 .timescale -9 -12;
    .port_info 0 /INPUT 1 "x";
    .port_info 1 /INPUT 1 "y";
    .port_info 2 /INPUT 1 "ci";
    .port_info 3 /OUTPUT 1 "z";
    .port_info 4 /OUTPUT 1 "co";
L_0000029b4f3a3920 .functor XOR 1, L_0000029b4f356750, L_0000029b4f3561b0, C4<0>, C4<0>;
L_0000029b4f3a33e0 .functor XOR 1, L_0000029b4f3a3920, L_0000029b4f355490, C4<0>, C4<0>;
L_0000029b4f3a3f40 .functor AND 1, L_0000029b4f356750, L_0000029b4f3561b0, C4<1>, C4<1>;
L_0000029b4f3a3450 .functor AND 1, L_0000029b4f356750, L_0000029b4f355490, C4<1>, C4<1>;
L_0000029b4f3a3990 .functor OR 1, L_0000029b4f3a3f40, L_0000029b4f3a3450, C4<0>, C4<0>;
L_0000029b4f3a34c0 .functor AND 1, L_0000029b4f3561b0, L_0000029b4f355490, C4<1>, C4<1>;
L_0000029b4f3a3530 .functor OR 1, L_0000029b4f3a3990, L_0000029b4f3a34c0, C4<0>, C4<0>;
v0000029b4f34b2f0_0 .net *"_ivl_0", 0 0, L_0000029b4f3a3920;  1 drivers
v0000029b4f34b1b0_0 .net *"_ivl_10", 0 0, L_0000029b4f3a34c0;  1 drivers
v0000029b4f34a710_0 .net *"_ivl_4", 0 0, L_0000029b4f3a3f40;  1 drivers
v0000029b4f34b570_0 .net *"_ivl_6", 0 0, L_0000029b4f3a3450;  1 drivers
v0000029b4f34b7f0_0 .net *"_ivl_8", 0 0, L_0000029b4f3a3990;  1 drivers
v0000029b4f34a7b0_0 .net "ci", 0 0, L_0000029b4f355490;  1 drivers
v0000029b4f34aad0_0 .net "co", 0 0, L_0000029b4f3a3530;  1 drivers
v0000029b4f34b430_0 .net "x", 0 0, L_0000029b4f356750;  1 drivers
v0000029b4f349090_0 .net "y", 0 0, L_0000029b4f3561b0;  1 drivers
v0000029b4f3494f0_0 .net "z", 0 0, L_0000029b4f3a33e0;  1 drivers
    .scope S_0000029b4f2fd3d0;
T_1 ;
    %wait E_0000029b4f2d32b0;
    %load/vec4 v0000029b4f344150_0;
    %nor/r;
    %flag_set/vec4 8;
    %jmp/0xz  T_1.0, 8;
    %pushi/vec4 0, 0, 16;
    %assign/vec4 v0000029b4f3450f0_0, 0;
    %jmp T_1.1;
T_1.0 ;
    %load/vec4 v0000029b4f343890_0;
    %assign/vec4 v0000029b4f3450f0_0, 0;
T_1.1 ;
    %jmp T_1;
    .thread T_1;
    .scope S_0000029b4f2f8ab0;
T_2 ;
    %wait E_0000029b4f2d32b0;
    %load/vec4 v0000029b4f2fa650_0;
    %nor/r;
    %flag_set/vec4 8;
    %jmp/0xz  T_2.0, 8;
    %pushi/vec4 0, 0, 4;
    %assign/vec4 v0000029b4f2fb550_0, 0;
    %jmp T_2.1;
T_2.0 ;
    %load/vec4 v0000029b4f2fa510_0;
    %assign/vec4 v0000029b4f2fb550_0, 0;
T_2.1 ;
    %jmp T_2;
    .thread T_2;
    .scope S_0000029b4f2499a0;
T_3 ;
    %pushi/vec4 0, 0, 1;
    %store/vec4 v0000029b4f355990_0, 0, 1;
T_3.0 ;
    %delay 5000, 0;
    %load/vec4 v0000029b4f355990_0;
    %inv;
    %store/vec4 v0000029b4f355990_0, 0, 1;
    %jmp T_3.0;
    %end;
    .thread T_3;
    .scope S_0000029b4f2499a0;
T_4 ;
    %vpi_call 2 147 "$dumpfile", "divider_tb.vcd" {0 0 0};
    %vpi_call 2 148 "$dumpvars", 32'sb00000000000000000000000000000000, S_0000029b4f2499a0 {0 0 0};
    %pushi/vec4 15, 0, 8;
    %store/vec4 v0000029b4f2d1540_0, 0, 8;
    %pushi/vec4 3, 0, 8;
    %store/vec4 v0000029b4f2d1cc0_0, 0, 8;
    %fork TD_divider_tb.test_div, S_0000029b4f249b30;
    %join;
    %pushi/vec4 100, 0, 8;
    %store/vec4 v0000029b4f2d1540_0, 0, 8;
    %pushi/vec4 9, 0, 8;
    %store/vec4 v0000029b4f2d1cc0_0, 0, 8;
    %fork TD_divider_tb.test_div, S_0000029b4f249b30;
    %join;
    %pushi/vec4 0, 0, 8;
    %store/vec4 v0000029b4f2d1540_0, 0, 8;
    %pushi/vec4 1, 0, 8;
    %store/vec4 v0000029b4f2d1cc0_0, 0, 8;
    %fork TD_divider_tb.test_div, S_0000029b4f249b30;
    %join;
    %pushi/vec4 255, 0, 8;
    %store/vec4 v0000029b4f2d1540_0, 0, 8;
    %pushi/vec4 1, 0, 8;
    %store/vec4 v0000029b4f2d1cc0_0, 0, 8;
    %fork TD_divider_tb.test_div, S_0000029b4f249b30;
    %join;
    %pushi/vec4 1, 0, 8;
    %store/vec4 v0000029b4f2d1540_0, 0, 8;
    %pushi/vec4 255, 0, 8;
    %store/vec4 v0000029b4f2d1cc0_0, 0, 8;
    %fork TD_divider_tb.test_div, S_0000029b4f249b30;
    %join;
    %pushi/vec4 128, 0, 8;
    %store/vec4 v0000029b4f2d1540_0, 0, 8;
    %pushi/vec4 2, 0, 8;
    %store/vec4 v0000029b4f2d1cc0_0, 0, 8;
    %fork TD_divider_tb.test_div, S_0000029b4f249b30;
    %join;
    %pushi/vec4 255, 0, 8;
    %store/vec4 v0000029b4f2d1540_0, 0, 8;
    %pushi/vec4 255, 0, 8;
    %store/vec4 v0000029b4f2d1cc0_0, 0, 8;
    %fork TD_divider_tb.test_div, S_0000029b4f249b30;
    %join;
    %pushi/vec4 5, 0, 8;
    %store/vec4 v0000029b4f2d1540_0, 0, 8;
    %pushi/vec4 2, 0, 8;
    %store/vec4 v0000029b4f2d1cc0_0, 0, 8;
    %fork TD_divider_tb.test_div, S_0000029b4f249b30;
    %join;
    %pushi/vec4 250, 0, 8;
    %store/vec4 v0000029b4f2d1540_0, 0, 8;
    %pushi/vec4 5, 0, 8;
    %store/vec4 v0000029b4f2d1cc0_0, 0, 8;
    %fork TD_divider_tb.test_div, S_0000029b4f249b30;
    %join;
    %pushi/vec4 37, 0, 8;
    %store/vec4 v0000029b4f2d1540_0, 0, 8;
    %pushi/vec4 7, 0, 8;
    %store/vec4 v0000029b4f2d1cc0_0, 0, 8;
    %fork TD_divider_tb.test_div, S_0000029b4f249b30;
    %join;
    %vpi_call 2 164 "$finish" {0 0 0};
    %end;
    .thread T_4;
# The file index is used to find the file name in the following table.
:file_names 7;
    "N/A";
    "<interactive>";
    "divider.v";
    "./adder.v";
    "./fac.v";
    "./dff.v";
    "./leftshifter.v";
