#! /opt/homebrew/Cellar/icarus-verilog/12.0/bin/vvp
:ivl_version "12.0 (stable)";
:ivl_delay_selection "TYPICAL";
:vpi_time_precision - 12;
:vpi_module "/opt/homebrew/Cellar/icarus-verilog/12.0/lib/ivl/system.vpi";
:vpi_module "/opt/homebrew/Cellar/icarus-verilog/12.0/lib/ivl/vhdl_sys.vpi";
:vpi_module "/opt/homebrew/Cellar/icarus-verilog/12.0/lib/ivl/vhdl_textio.vpi";
:vpi_module "/opt/homebrew/Cellar/icarus-verilog/12.0/lib/ivl/v2005_math.vpi";
:vpi_module "/opt/homebrew/Cellar/icarus-verilog/12.0/lib/ivl/va_math.vpi";
S_0x132e79de0 .scope module, "main_tb" "main_tb" 2 185;
 .timescale -9 -12;
L_0x132ed5550 .functor BUFZ 15, L_0x132eca0d0, C4<000000000000000>, C4<000000000000000>, C4<000000000000000>;
v0x132ec0650_0 .net "AQ", 7 0, v0x132ebfac0_0;  1 drivers
v0x132ec0780_0 .net "BM", 7 0, v0x132ebfb70_0;  1 drivers
v0x132ec0810_0 .var "Begin", 0 0;
v0x132ec08a0_0 .net "PA", 8 0, v0x132ebfce0_0;  1 drivers
v0x132ec0930_0 .net "Qneg", 0 0, v0x132ebfd70_0;  1 drivers
v0x132ec0a00_0 .net "Qp", 7 0, v0x132ebfe50_0;  1 drivers
v0x132ec0a90_0 .var "Reset", 0 0;
v0x132ec0b60_0 .var "a", 7 0;
v0x132ec0bf0_0 .var "b", 7 0;
v0x132ec0d20_0 .var "clk", 0 0;
v0x132ec0db0_0 .net "cs", 14 0, L_0x132ed5550;  1 drivers
v0x132ec0e40_0 .var "opcode", 1 0;
v0x132ec0f10_0 .net "outbus", 8 0, v0x132ec03e0_0;  1 drivers
S_0x132e7a090 .scope module, "uut" "main" 2 200, 2 93 0, S_0x132e79de0;
 .timescale -9 -12;
    .port_info 0 /INPUT 1 "clk";
    .port_info 1 /INPUT 1 "Begin";
    .port_info 2 /INPUT 1 "Reset";
    .port_info 3 /INPUT 8 "a";
    .port_info 4 /INPUT 8 "b";
    .port_info 5 /INPUT 2 "opcode";
    .port_info 6 /OUTPUT 9 "PA";
    .port_info 7 /OUTPUT 8 "AQ";
    .port_info 8 /OUTPUT 8 "BM";
    .port_info 9 /OUTPUT 8 "Qp";
    .port_info 10 /OUTPUT 1 "Qneg";
    .port_info 11 /OUTPUT 9 "outbus";
v0x132ebfac0_0 .var "AQ", 7 0;
v0x132ebfb70_0 .var "BM", 7 0;
v0x132ebfc50_0 .net "Begin", 0 0, v0x132ec0810_0;  1 drivers
v0x132ebfce0_0 .var "PA", 8 0;
v0x132ebfd70_0 .var "Qneg", 0 0;
v0x132ebfe50_0 .var "Qp", 7 0;
v0x132ebff00_0 .net "Reset", 0 0, v0x132ec0a90_0;  1 drivers
v0x132ebff90_0 .net "a", 7 0, v0x132ec0b60_0;  1 drivers
v0x132ec0030_0 .net "adder_out", 8 0, L_0x132ecf9b0;  1 drivers
v0x132ec0170_0 .net "b", 7 0, v0x132ec0bf0_0;  1 drivers
v0x132ec0200_0 .net "clk", 0 0, v0x132ec0d20_0;  1 drivers
v0x132ec0290_0 .net "control_signals", 14 0, L_0x132eca0d0;  1 drivers
v0x132ec0320_0 .net "opcode", 1 0, v0x132ec0e40_0;  1 drivers
v0x132ec03e0_0 .var "outbus", 8 0;
v0x132ec0480_0 .net "subtractor_out", 8 0, L_0x132ed5350;  1 drivers
LS_0x132eca0d0_0_0 .concat8 [ 1 1 1 1], L_0x132ec17e0, L_0x132ec21a0, L_0x132ec3ef0, L_0x132ec3fe0;
LS_0x132eca0d0_0_4 .concat8 [ 1 1 1 1], L_0x132ec4b30, L_0x132ec50a0, L_0x132ec5710, L_0x132ec5d90;
LS_0x132eca0d0_0_8 .concat8 [ 1 1 1 1], L_0x132ec6800, L_0x132ec73e0, L_0x132ec7a90, L_0x132ec86b0;
LS_0x132eca0d0_0_12 .concat8 [ 1 1 1 0], L_0x132ec8e50, L_0x132ec94d0, L_0x132ec9ed0;
L_0x132eca0d0 .concat8 [ 4 4 4 3], LS_0x132eca0d0_0_0, LS_0x132eca0d0_0_4, LS_0x132eca0d0_0_8, LS_0x132eca0d0_0_12;
L_0x132ecfd40 .part L_0x132eca0d0, 1, 1;
L_0x132ed54b0 .part L_0x132eca0d0, 2, 1;
S_0x132e90830 .scope module, "u_add" "adder" 2 143, 3 3 0, S_0x132e7a090;
 .timescale -9 -12;
    .port_info 0 /INPUT 8 "a";
    .port_info 1 /INPUT 8 "b";
    .port_info 2 /INPUT 1 "cin";
    .port_info 3 /INPUT 1 "en";
    .port_info 4 /OUTPUT 9 "sum";
P_0x132e787a0 .param/l "WIDTH" 0 3 4, +C4<00000000000000000000000000001000>;
v0x132eace50_0 .net *"_ivl_60", 0 0, L_0x132ecfa80;  1 drivers
v0x132eacee0_0 .net *"_ivl_61", 8 0, L_0x132ecf3a0;  1 drivers
L_0x138079ac8 .functor BUFT 1, C4<000010100>, C4<0>, C4<0>, C4<0>;
v0x132eacf70_0 .net/2u *"_ivl_63", 8 0, L_0x138079ac8;  1 drivers
v0x132ead010_0 .net "a", 7 0, v0x132ebfac0_0;  alias, 1 drivers
v0x132ead0c0_0 .net "b", 7 0, v0x132ebfb70_0;  alias, 1 drivers
v0x132ead1b0_0 .net "c", 7 0, L_0x132ecf640;  1 drivers
L_0x138079b10 .functor BUFT 1, C4<0>, C4<0>, C4<0>, C4<0>;
v0x132ead260_0 .net "cin", 0 0, L_0x138079b10;  1 drivers
v0x132ead2f0_0 .net "en", 0 0, L_0x132ecfd40;  1 drivers
v0x132ead380_0 .net "s", 7 0, L_0x132ecf460;  1 drivers
v0x132ead4b0_0 .net "sum", 8 0, L_0x132ecf9b0;  alias, 1 drivers
L_0x132ecb150 .part v0x132ebfac0_0, 1, 1;
L_0x132ecb270 .part v0x132ebfb70_0, 1, 1;
L_0x132ecb410 .part L_0x132ecf640, 0, 1;
L_0x132ecba20 .part v0x132ebfac0_0, 2, 1;
L_0x132ecbb40 .part v0x132ebfb70_0, 2, 1;
L_0x132ecbc60 .part L_0x132ecf640, 1, 1;
L_0x132ecc2b0 .part v0x132ebfac0_0, 3, 1;
L_0x132ecc3d0 .part v0x132ebfb70_0, 3, 1;
L_0x132ecc4f0 .part L_0x132ecf640, 2, 1;
L_0x132eccbe0 .part v0x132ebfac0_0, 4, 1;
L_0x132ecce00 .part v0x132ebfb70_0, 4, 1;
L_0x132eccea0 .part L_0x132ecf640, 3, 1;
L_0x132ecd570 .part v0x132ebfac0_0, 5, 1;
L_0x132ecd700 .part v0x132ebfb70_0, 5, 1;
L_0x132ecd920 .part L_0x132ecf640, 4, 1;
L_0x132ecdf00 .part v0x132ebfac0_0, 6, 1;
L_0x132ece020 .part v0x132ebfb70_0, 6, 1;
L_0x132ece1d0 .part L_0x132ecf640, 5, 1;
L_0x132ece800 .part v0x132ebfac0_0, 7, 1;
L_0x132ece9c0 .part v0x132ebfb70_0, 7, 1;
L_0x132eceae0 .part L_0x132ecf640, 6, 1;
L_0x132ecf160 .part v0x132ebfac0_0, 0, 1;
L_0x132ecf280 .part v0x132ebfb70_0, 0, 1;
LS_0x132ecf460_0_0 .concat8 [ 1 1 1 1], L_0x132ece920, L_0x132ecac70, L_0x132ecb520, L_0x132ecbd70;
LS_0x132ecf460_0_4 .concat8 [ 1 1 1 1], L_0x132ecc680, L_0x132ecd0b0, L_0x132ecda40, L_0x132ece2e0;
L_0x132ecf460 .concat8 [ 4 4 0 0], LS_0x132ecf460_0_0, LS_0x132ecf460_0_4;
LS_0x132ecf640_0_0 .concat8 [ 1 1 1 1], L_0x132ecf030, L_0x132ecb020, L_0x132ecb8b0, L_0x132ecc180;
LS_0x132ecf640_0_4 .concat8 [ 1 1 1 1], L_0x132ecca90, L_0x132ecd400, L_0x132ecdd90, L_0x132ece690;
L_0x132ecf640 .concat8 [ 4 4 0 0], LS_0x132ecf640_0_0, LS_0x132ecf640_0_4;
L_0x132ecfa80 .part L_0x132ecf640, 7, 1;
L_0x132ecf3a0 .concat [ 8 1 0 0], L_0x132ecf460, L_0x132ecfa80;
L_0x132ecf9b0 .functor MUXZ 9, L_0x138079ac8, L_0x132ecf3a0, L_0x132ecfd40, C4<>;
S_0x132e9cfc0 .scope module, "f0" "fac" 3 15, 4 1 0, S_0x132e90830;
 .timescale -9 -12;
    .port_info 0 /INPUT 1 "x";
    .port_info 1 /INPUT 1 "y";
    .port_info 2 /INPUT 1 "ci";
    .port_info 3 /OUTPUT 1 "z";
    .port_info 4 /OUTPUT 1 "co";
L_0x132ece3c0 .functor XOR 1, L_0x132ecf160, L_0x132ecf280, C4<0>, C4<0>;
L_0x132ece920 .functor XOR 1, L_0x132ece3c0, L_0x138079b10, C4<0>, C4<0>;
L_0x132ececb0 .functor AND 1, L_0x132ecf160, L_0x132ecf280, C4<1>, C4<1>;
L_0x132eceda0 .functor AND 1, L_0x132ecf160, L_0x138079b10, C4<1>, C4<1>;
L_0x132ecee10 .functor OR 1, L_0x132ececb0, L_0x132eceda0, C4<0>, C4<0>;
L_0x132ecef40 .functor AND 1, L_0x132ecf280, L_0x138079b10, C4<1>, C4<1>;
L_0x132ecf030 .functor OR 1, L_0x132ecee10, L_0x132ecef40, C4<0>, C4<0>;
v0x132e0c180_0 .net *"_ivl_0", 0 0, L_0x132ece3c0;  1 drivers
v0x132e69f60_0 .net *"_ivl_10", 0 0, L_0x132ecef40;  1 drivers
v0x132e69ff0_0 .net *"_ivl_4", 0 0, L_0x132ececb0;  1 drivers
v0x132e6a080_0 .net *"_ivl_6", 0 0, L_0x132eceda0;  1 drivers
v0x132e67260_0 .net *"_ivl_8", 0 0, L_0x132ecee10;  1 drivers
v0x132e67350_0 .net "ci", 0 0, L_0x138079b10;  alias, 1 drivers
v0x132e5c890_0 .net "co", 0 0, L_0x132ecf030;  1 drivers
v0x132e5c920_0 .net "x", 0 0, L_0x132ecf160;  1 drivers
v0x132e5c9b0_0 .net "y", 0 0, L_0x132ecf280;  1 drivers
v0x132e59f40_0 .net "z", 0 0, L_0x132ece920;  1 drivers
S_0x132e574f0 .scope generate, "rca[1]" "rca[1]" 3 19, 3 19 0, S_0x132e90830;
 .timescale -9 -12;
P_0x132e57660 .param/l "i" 1 3 19, +C4<01>;
S_0x132e7fde0 .scope module, "f" "fac" 3 20, 4 1 0, S_0x132e574f0;
 .timescale -9 -12;
    .port_info 0 /INPUT 1 "x";
    .port_info 1 /INPUT 1 "y";
    .port_info 2 /INPUT 1 "ci";
    .port_info 3 /OUTPUT 1 "z";
    .port_info 4 /OUTPUT 1 "co";
L_0x132ecac00 .functor XOR 1, L_0x132ecb150, L_0x132ecb270, C4<0>, C4<0>;
L_0x132ecac70 .functor XOR 1, L_0x132ecac00, L_0x132ecb410, C4<0>, C4<0>;
L_0x132ecad20 .functor AND 1, L_0x132ecb150, L_0x132ecb270, C4<1>, C4<1>;
L_0x132ecae10 .functor AND 1, L_0x132ecb150, L_0x132ecb410, C4<1>, C4<1>;
L_0x132ecaec0 .functor OR 1, L_0x132ecad20, L_0x132ecae10, C4<0>, C4<0>;
L_0x132ecafb0 .functor AND 1, L_0x132ecb270, L_0x132ecb410, C4<1>, C4<1>;
L_0x132ecb020 .functor OR 1, L_0x132ecaec0, L_0x132ecafb0, C4<0>, C4<0>;
v0x132e82730_0 .net *"_ivl_0", 0 0, L_0x132ecac00;  1 drivers
v0x132e9a790_0 .net *"_ivl_10", 0 0, L_0x132ecafb0;  1 drivers
v0x132e9a840_0 .net *"_ivl_4", 0 0, L_0x132ecad20;  1 drivers
v0x132e97f60_0 .net *"_ivl_6", 0 0, L_0x132ecae10;  1 drivers
v0x132e97ff0_0 .net *"_ivl_8", 0 0, L_0x132ecaec0;  1 drivers
v0x132e980a0_0 .net "ci", 0 0, L_0x132ecb410;  1 drivers
v0x132ea1860_0 .net "co", 0 0, L_0x132ecb020;  1 drivers
v0x132ea1900_0 .net "x", 0 0, L_0x132ecb150;  1 drivers
v0x132e9f020_0 .net "y", 0 0, L_0x132ecb270;  1 drivers
v0x132e9f0b0_0 .net "z", 0 0, L_0x132ecac70;  1 drivers
S_0x132e9c7f0 .scope generate, "rca[2]" "rca[2]" 3 19, 3 19 0, S_0x132e90830;
 .timescale -9 -12;
P_0x132e9a920 .param/l "i" 1 3 19, +C4<010>;
S_0x132e9a000 .scope module, "f" "fac" 3 20, 4 1 0, S_0x132e9c7f0;
 .timescale -9 -12;
    .port_info 0 /INPUT 1 "x";
    .port_info 1 /INPUT 1 "y";
    .port_info 2 /INPUT 1 "ci";
    .port_info 3 /OUTPUT 1 "z";
    .port_info 4 /OUTPUT 1 "co";
L_0x132ecb4b0 .functor XOR 1, L_0x132ecba20, L_0x132ecbb40, C4<0>, C4<0>;
L_0x132ecb520 .functor XOR 1, L_0x132ecb4b0, L_0x132ecbc60, C4<0>, C4<0>;
L_0x132ecb590 .functor AND 1, L_0x132ecba20, L_0x132ecbb40, C4<1>, C4<1>;
L_0x132ecb680 .functor AND 1, L_0x132ecba20, L_0x132ecbc60, C4<1>, C4<1>;
L_0x132ecb730 .functor OR 1, L_0x132ecb590, L_0x132ecb680, C4<0>, C4<0>;
L_0x132ecb840 .functor AND 1, L_0x132ecbb40, L_0x132ecbc60, C4<1>, C4<1>;
L_0x132ecb8b0 .functor OR 1, L_0x132ecb730, L_0x132ecb840, C4<0>, C4<0>;
v0x132e8c190_0 .net *"_ivl_0", 0 0, L_0x132ecb4b0;  1 drivers
v0x132e89890_0 .net *"_ivl_10", 0 0, L_0x132ecb840;  1 drivers
v0x132e89920_0 .net *"_ivl_4", 0 0, L_0x132ecb590;  1 drivers
v0x132e899b0_0 .net *"_ivl_6", 0 0, L_0x132ecb680;  1 drivers
v0x132e87060_0 .net *"_ivl_8", 0 0, L_0x132ecb730;  1 drivers
v0x132e87140_0 .net "ci", 0 0, L_0x132ecbc60;  1 drivers
v0x132e84830_0 .net "co", 0 0, L_0x132ecb8b0;  1 drivers
v0x132e848c0_0 .net "x", 0 0, L_0x132ecba20;  1 drivers
v0x132e84950_0 .net "y", 0 0, L_0x132ecbb40;  1 drivers
v0x132e93240_0 .net "z", 0 0, L_0x132ecb520;  1 drivers
S_0x132ea4d80 .scope generate, "rca[3]" "rca[3]" 3 19, 3 19 0, S_0x132e90830;
 .timescale -9 -12;
P_0x132ea4f40 .param/l "i" 1 3 19, +C4<011>;
S_0x132ea44a0 .scope module, "f" "fac" 3 20, 4 1 0, S_0x132ea4d80;
 .timescale -9 -12;
    .port_info 0 /INPUT 1 "x";
    .port_info 1 /INPUT 1 "y";
    .port_info 2 /INPUT 1 "ci";
    .port_info 3 /OUTPUT 1 "z";
    .port_info 4 /OUTPUT 1 "co";
L_0x132ecbd00 .functor XOR 1, L_0x132ecc2b0, L_0x132ecc3d0, C4<0>, C4<0>;
L_0x132ecbd70 .functor XOR 1, L_0x132ecbd00, L_0x132ecc4f0, C4<0>, C4<0>;
L_0x132ecbe20 .functor AND 1, L_0x132ecc2b0, L_0x132ecc3d0, C4<1>, C4<1>;
L_0x132ecbf50 .functor AND 1, L_0x132ecc2b0, L_0x132ecc4f0, C4<1>, C4<1>;
L_0x132ecc000 .functor OR 1, L_0x132ecbe20, L_0x132ecbf50, C4<0>, C4<0>;
L_0x132ecc0f0 .functor AND 1, L_0x132ecc3d0, L_0x132ecc4f0, C4<1>, C4<1>;
L_0x132ecc180 .functor OR 1, L_0x132ecc000, L_0x132ecc0f0, C4<0>, C4<0>;
v0x132e8ed10_0 .net *"_ivl_0", 0 0, L_0x132ecbd00;  1 drivers
v0x132e8eda0_0 .net *"_ivl_10", 0 0, L_0x132ecc0f0;  1 drivers
v0x132e8ee30_0 .net *"_ivl_4", 0 0, L_0x132ecbe20;  1 drivers
v0x132e92da0_0 .net *"_ivl_6", 0 0, L_0x132ecbf50;  1 drivers
v0x132e92e30_0 .net *"_ivl_8", 0 0, L_0x132ecc000;  1 drivers
v0x132e92ec0_0 .net "ci", 0 0, L_0x132ecc4f0;  1 drivers
v0x132e92f60_0 .net "co", 0 0, L_0x132ecc180;  1 drivers
v0x132e7d620_0 .net "x", 0 0, L_0x132ecc2b0;  1 drivers
v0x132e7d6c0_0 .net "y", 0 0, L_0x132ecc3d0;  1 drivers
v0x132e7d7d0_0 .net "z", 0 0, L_0x132ecbd70;  1 drivers
S_0x132e227a0 .scope generate, "rca[4]" "rca[4]" 3 19, 3 19 0, S_0x132e90830;
 .timescale -9 -12;
P_0x132e229a0 .param/l "i" 1 3 19, +C4<0100>;
S_0x132e1b750 .scope module, "f" "fac" 3 20, 4 1 0, S_0x132e227a0;
 .timescale -9 -12;
    .port_info 0 /INPUT 1 "x";
    .port_info 1 /INPUT 1 "y";
    .port_info 2 /INPUT 1 "ci";
    .port_info 3 /OUTPUT 1 "z";
    .port_info 4 /OUTPUT 1 "co";
L_0x132ecc610 .functor XOR 1, L_0x132eccbe0, L_0x132ecce00, C4<0>, C4<0>;
L_0x132ecc680 .functor XOR 1, L_0x132ecc610, L_0x132eccea0, C4<0>, C4<0>;
L_0x132ecc730 .functor AND 1, L_0x132eccbe0, L_0x132ecce00, C4<1>, C4<1>;
L_0x132ecc860 .functor AND 1, L_0x132eccbe0, L_0x132eccea0, C4<1>, C4<1>;
L_0x132ecc910 .functor OR 1, L_0x132ecc730, L_0x132ecc860, C4<0>, C4<0>;
L_0x132ecca20 .functor AND 1, L_0x132ecce00, L_0x132eccea0, C4<1>, C4<1>;
L_0x132ecca90 .functor OR 1, L_0x132ecc910, L_0x132ecca20, C4<0>, C4<0>;
v0x132e1b990_0 .net *"_ivl_0", 0 0, L_0x132ecc610;  1 drivers
v0x132e07510_0 .net *"_ivl_10", 0 0, L_0x132ecca20;  1 drivers
v0x132e075a0_0 .net *"_ivl_4", 0 0, L_0x132ecc730;  1 drivers
v0x132e07630_0 .net *"_ivl_6", 0 0, L_0x132ecc860;  1 drivers
v0x132e076e0_0 .net *"_ivl_8", 0 0, L_0x132ecc910;  1 drivers
v0x132e0e9e0_0 .net "ci", 0 0, L_0x132eccea0;  1 drivers
v0x132e0ea70_0 .net "co", 0 0, L_0x132ecca90;  1 drivers
v0x132e0eb00_0 .net "x", 0 0, L_0x132eccbe0;  1 drivers
v0x132e0eb90_0 .net "y", 0 0, L_0x132ecce00;  1 drivers
v0x132e08bb0_0 .net "z", 0 0, L_0x132ecc680;  1 drivers
S_0x132e08c50 .scope generate, "rca[5]" "rca[5]" 3 19, 3 19 0, S_0x132e90830;
 .timescale -9 -12;
P_0x132e08e10 .param/l "i" 1 3 19, +C4<0101>;
S_0x132eaac00 .scope module, "f" "fac" 3 20, 4 1 0, S_0x132e08c50;
 .timescale -9 -12;
    .port_info 0 /INPUT 1 "x";
    .port_info 1 /INPUT 1 "y";
    .port_info 2 /INPUT 1 "ci";
    .port_info 3 /OUTPUT 1 "z";
    .port_info 4 /OUTPUT 1 "co";
L_0x132ecd040 .functor XOR 1, L_0x132ecd570, L_0x132ecd700, C4<0>, C4<0>;
L_0x132ecd0b0 .functor XOR 1, L_0x132ecd040, L_0x132ecd920, C4<0>, C4<0>;
L_0x132ecd120 .functor AND 1, L_0x132ecd570, L_0x132ecd700, C4<1>, C4<1>;
L_0x132ecd1d0 .functor AND 1, L_0x132ecd570, L_0x132ecd920, C4<1>, C4<1>;
L_0x132ecd280 .functor OR 1, L_0x132ecd120, L_0x132ecd1d0, C4<0>, C4<0>;
L_0x132ecd390 .functor AND 1, L_0x132ecd700, L_0x132ecd920, C4<1>, C4<1>;
L_0x132ecd400 .functor OR 1, L_0x132ecd280, L_0x132ecd390, C4<0>, C4<0>;
v0x132eaae40_0 .net *"_ivl_0", 0 0, L_0x132ecd040;  1 drivers
v0x132eaaed0_0 .net *"_ivl_10", 0 0, L_0x132ecd390;  1 drivers
v0x132eaaf70_0 .net *"_ivl_4", 0 0, L_0x132ecd120;  1 drivers
v0x132eab030_0 .net *"_ivl_6", 0 0, L_0x132ecd1d0;  1 drivers
v0x132eab0e0_0 .net *"_ivl_8", 0 0, L_0x132ecd280;  1 drivers
v0x132eab1d0_0 .net "ci", 0 0, L_0x132ecd920;  1 drivers
v0x132eab270_0 .net "co", 0 0, L_0x132ecd400;  1 drivers
v0x132eab310_0 .net "x", 0 0, L_0x132ecd570;  1 drivers
v0x132eab3b0_0 .net "y", 0 0, L_0x132ecd700;  1 drivers
v0x132eab4c0_0 .net "z", 0 0, L_0x132ecd0b0;  1 drivers
S_0x132eab5d0 .scope generate, "rca[6]" "rca[6]" 3 19, 3 19 0, S_0x132e90830;
 .timescale -9 -12;
P_0x132eab790 .param/l "i" 1 3 19, +C4<0110>;
S_0x132eab810 .scope module, "f" "fac" 3 20, 4 1 0, S_0x132eab5d0;
 .timescale -9 -12;
    .port_info 0 /INPUT 1 "x";
    .port_info 1 /INPUT 1 "y";
    .port_info 2 /INPUT 1 "ci";
    .port_info 3 /OUTPUT 1 "z";
    .port_info 4 /OUTPUT 1 "co";
L_0x132ecd690 .functor XOR 1, L_0x132ecdf00, L_0x132ece020, C4<0>, C4<0>;
L_0x132ecda40 .functor XOR 1, L_0x132ecd690, L_0x132ece1d0, C4<0>, C4<0>;
L_0x132ecdab0 .functor AND 1, L_0x132ecdf00, L_0x132ece020, C4<1>, C4<1>;
L_0x132ecdb60 .functor AND 1, L_0x132ecdf00, L_0x132ece1d0, C4<1>, C4<1>;
L_0x132ecdc10 .functor OR 1, L_0x132ecdab0, L_0x132ecdb60, C4<0>, C4<0>;
L_0x132ecdd20 .functor AND 1, L_0x132ece020, L_0x132ece1d0, C4<1>, C4<1>;
L_0x132ecdd90 .functor OR 1, L_0x132ecdc10, L_0x132ecdd20, C4<0>, C4<0>;
v0x132eaba50_0 .net *"_ivl_0", 0 0, L_0x132ecd690;  1 drivers
v0x132eabb00_0 .net *"_ivl_10", 0 0, L_0x132ecdd20;  1 drivers
v0x132eabbb0_0 .net *"_ivl_4", 0 0, L_0x132ecdab0;  1 drivers
v0x132eabc70_0 .net *"_ivl_6", 0 0, L_0x132ecdb60;  1 drivers
v0x132eabd20_0 .net *"_ivl_8", 0 0, L_0x132ecdc10;  1 drivers
v0x132eabe10_0 .net "ci", 0 0, L_0x132ece1d0;  1 drivers
v0x132eabeb0_0 .net "co", 0 0, L_0x132ecdd90;  1 drivers
v0x132eabf50_0 .net "x", 0 0, L_0x132ecdf00;  1 drivers
v0x132eabff0_0 .net "y", 0 0, L_0x132ece020;  1 drivers
v0x132eac100_0 .net "z", 0 0, L_0x132ecda40;  1 drivers
S_0x132eac210 .scope generate, "rca[7]" "rca[7]" 3 19, 3 19 0, S_0x132e90830;
 .timescale -9 -12;
P_0x132eac3d0 .param/l "i" 1 3 19, +C4<0111>;
S_0x132eac450 .scope module, "f" "fac" 3 20, 4 1 0, S_0x132eac210;
 .timescale -9 -12;
    .port_info 0 /INPUT 1 "x";
    .port_info 1 /INPUT 1 "y";
    .port_info 2 /INPUT 1 "ci";
    .port_info 3 /OUTPUT 1 "z";
    .port_info 4 /OUTPUT 1 "co";
L_0x132ece270 .functor XOR 1, L_0x132ece800, L_0x132ece9c0, C4<0>, C4<0>;
L_0x132ece2e0 .functor XOR 1, L_0x132ece270, L_0x132eceae0, C4<0>, C4<0>;
L_0x132ece350 .functor AND 1, L_0x132ece800, L_0x132ece9c0, C4<1>, C4<1>;
L_0x132ece460 .functor AND 1, L_0x132ece800, L_0x132eceae0, C4<1>, C4<1>;
L_0x132ece510 .functor OR 1, L_0x132ece350, L_0x132ece460, C4<0>, C4<0>;
L_0x132ece620 .functor AND 1, L_0x132ece9c0, L_0x132eceae0, C4<1>, C4<1>;
L_0x132ece690 .functor OR 1, L_0x132ece510, L_0x132ece620, C4<0>, C4<0>;
v0x132eac690_0 .net *"_ivl_0", 0 0, L_0x132ece270;  1 drivers
v0x132eac740_0 .net *"_ivl_10", 0 0, L_0x132ece620;  1 drivers
v0x132eac7f0_0 .net *"_ivl_4", 0 0, L_0x132ece350;  1 drivers
v0x132eac8b0_0 .net *"_ivl_6", 0 0, L_0x132ece460;  1 drivers
v0x132eac960_0 .net *"_ivl_8", 0 0, L_0x132ece510;  1 drivers
v0x132eaca50_0 .net "ci", 0 0, L_0x132eceae0;  1 drivers
v0x132eacaf0_0 .net "co", 0 0, L_0x132ece690;  1 drivers
v0x132eacb90_0 .net "x", 0 0, L_0x132ece800;  1 drivers
v0x132eacc30_0 .net "y", 0 0, L_0x132ece9c0;  1 drivers
v0x132eacd40_0 .net "z", 0 0, L_0x132ece2e0;  1 drivers
S_0x132ead5e0 .scope module, "u_ctl" "ctl" 2 109, 5 4 0, S_0x132e7a090;
 .timescale -9 -12;
    .port_info 0 /INPUT 1 "clk";
    .port_info 1 /INPUT 1 "Begin";
    .port_info 2 /INPUT 1 "Reset";
    .port_info 3 /INPUT 1 "Count3";
    .port_info 4 /INPUT 1 "Count7m1";
    .port_info 5 /INPUT 1 "Count7m2";
    .port_info 6 /INPUT 1 "BM7";
    .port_info 7 /INPUT 3 "PA_hi";
    .port_info 8 /INPUT 2 "AQ_lo";
    .port_info 9 /INPUT 1 "Qneg";
    .port_info 10 /INPUT 2 "opcode";
    .port_info 11 /OUTPUT 1 "C1";
    .port_info 12 /OUTPUT 1 "C2";
    .port_info 13 /OUTPUT 1 "C3";
    .port_info 14 /OUTPUT 1 "C4";
    .port_info 15 /OUTPUT 1 "C5";
    .port_info 16 /OUTPUT 1 "C6";
    .port_info 17 /OUTPUT 1 "C7";
    .port_info 18 /OUTPUT 1 "C8";
    .port_info 19 /OUTPUT 1 "C9";
    .port_info 20 /OUTPUT 1 "C10";
    .port_info 21 /OUTPUT 1 "C11";
    .port_info 22 /OUTPUT 1 "C12";
    .port_info 23 /OUTPUT 1 "C13";
    .port_info 24 /OUTPUT 1 "C14";
    .port_info 25 /OUTPUT 1 "C15";
L_0x132ec17e0 .functor AND 1, v0x132ec0810_0, L_0x132ec16c0, C4<1>, C4<1>;
L_0x132ec1c80 .functor AND 1, L_0x132ec1a70, L_0x132ec1b50, C4<1>, C4<1>;
L_0x132ec2090 .functor AND 1, L_0x132ec1e50, L_0x132ec1ff0, C4<1>, C4<1>;
L_0x132ec21a0 .functor OR 1, L_0x132ec1c80, L_0x132ec2090, C4<0>, C4<0>;
L_0x132ec23f0 .functor AND 1, L_0x132ec2460, L_0x132ec2540, C4<1>, C4<1>;
L_0x132ec11c0 .functor AND 1, L_0x132ec2940, L_0x132ec2ab0, C4<1>, C4<1>;
L_0x132ec2ed0 .functor OR 1, L_0x132ec2c90, L_0x132ec2e30, C4<0>, C4<0>;
L_0x132ec31b0 .functor OR 1, L_0x132ec2ed0, L_0x132ec3020, C4<0>, C4<0>;
L_0x132ec3240 .functor AND 1, L_0x132ec11c0, L_0x132ec31b0, C4<1>, C4<1>;
L_0x132ec3380 .functor OR 1, L_0x132ec23f0, L_0x132ec3240, C4<0>, C4<0>;
L_0x132ec3750 .functor AND 1, L_0x132ec3510, L_0x132ec3100, C4<1>, C4<1>;
L_0x132ec3a90 .functor OR 1, L_0x132ec38a0, L_0x132ec3650, C4<0>, C4<0>;
L_0x132ec3d80 .functor OR 1, L_0x132ec3a90, L_0x132ec3ba0, C4<0>, C4<0>;
L_0x132ec3e80 .functor AND 1, L_0x132ec3750, L_0x132ec3d80, C4<1>, C4<1>;
L_0x132ec3ef0 .functor OR 1, L_0x132ec3380, L_0x132ec3e80, C4<0>, C4<0>;
L_0x132ec4550 .functor OR 1, L_0x132ec3ca0, L_0x132ec4350, C4<0>, C4<0>;
L_0x132ec42a0 .functor AND 1, L_0x132ec4100, L_0x132ec4550, C4<1>, C4<1>;
L_0x132ec3fe0 .functor AND 1, L_0x132ec42a0, L_0x132ec2840, C4<1>, C4<1>;
L_0x132ec4b30 .functor AND 1, L_0x132ec4450, L_0x132ec4c80, C4<1>, C4<1>;
L_0x132ec51d0 .functor AND 1, L_0x132ec4fc0, L_0x132ec4d60, C4<1>, C4<1>;
L_0x132ec50a0 .functor AND 1, L_0x132ec51d0, L_0x132ec52c0, C4<1>, C4<1>;
L_0x132ec5860 .functor AND 1, L_0x132ec55d0, L_0x132ec53a0, C4<1>, C4<1>;
L_0x132ec5710 .functor AND 1, L_0x132ec5860, L_0x132ec5950, C4<1>, C4<1>;
L_0x132ec5f00 .functor AND 1, L_0x132ec54e0, L_0x132ec5a30, C4<1>, C4<1>;
L_0x132ec5d90 .functor AND 1, L_0x132ec5f00, L_0x132ec5fb0, C4<1>, C4<1>;
L_0x132ec6170 .functor AND 1, L_0x132ec5b90, L_0x132ec6090, C4<1>, C4<1>;
L_0x132ec6520 .functor OR 1, L_0x132ec6610, L_0x132ec6400, C4<0>, C4<0>;
L_0x132ec6710 .functor OR 1, L_0x132ec6520, L_0x132ec6200, C4<0>, C4<0>;
L_0x132ec6800 .functor AND 1, L_0x132ec6170, L_0x132ec6710, C4<1>, C4<1>;
L_0x132ec2b90 .functor AND 1, L_0x132ec6990, L_0x132ec6a70, C4<1>, C4<1>;
L_0x132ec6f70 .functor OR 1, L_0x132ec7250, L_0x132ec6e90, C4<0>, C4<0>;
L_0x132ec72f0 .functor OR 1, L_0x132ec6f70, L_0x132ec6c60, C4<0>, C4<0>;
L_0x132ec73e0 .functor AND 1, L_0x132ec2b90, L_0x132ec72f0, C4<1>, C4<1>;
L_0x132ec7740 .functor AND 1, L_0x132ec7970, L_0x132ec7640, C4<1>, C4<1>;
L_0x132ec7a90 .functor AND 1, L_0x132ec7740, L_0x132ec7cc0, C4<1>, C4<1>;
L_0x132ec4840 .functor AND 1, L_0x132ec78a0, L_0x132ec4760, C4<1>, C4<1>;
L_0x132ec80c0 .functor AND 1, L_0x132ec4840, L_0x132ec8360, C4<1>, C4<1>;
L_0x132ec86b0 .functor AND 1, L_0x132ec80c0, L_0x132ec7fa0, C4<1>, C4<1>;
L_0x132ec8600 .functor AND 1, L_0x132ec4a50, L_0x132ec8500, C4<1>, C4<1>;
L_0x132ec8e50 .functor AND 1, L_0x132ec8600, L_0x132ec81b0, C4<1>, C4<1>;
L_0x132ec8fc0 .functor AND 1, L_0x132ec8a80, L_0x132ec8bc0, C4<1>, C4<1>;
L_0x132ec94d0 .functor AND 1, L_0x132ec8fc0, L_0x132ec8d10, C4<1>, C4<1>;
L_0x132ec99d0 .functor OR 1, L_0x132ec93e0, L_0x132ec98d0, C4<0>, C4<0>;
L_0x132ec90d0 .functor AND 1, L_0x132ec92a0, L_0x132ec99d0, C4<1>, C4<1>;
L_0x132ec9860 .functor AND 1, L_0x132ec9640, L_0x132ec9780, C4<1>, C4<1>;
L_0x132ec9ae0 .functor OR 1, L_0x132ec90d0, L_0x132ec9860, C4<0>, C4<0>;
L_0x132ec9dc0 .functor AND 1, L_0x132eca240, L_0x132ec9ce0, C4<1>, C4<1>;
L_0x132ec9ed0 .functor OR 1, L_0x132ec9ae0, L_0x132ec9dc0, C4<0>, C4<0>;
L_0x138079a38 .functor BUFT 1, C4<00>, C4<0>, C4<0>, C4<0>;
v0x132eadb20_0 .net "AQ_lo", 1 0, L_0x138079a38;  1 drivers
L_0x1380799a8 .functor BUFT 1, C4<0>, C4<0>, C4<0>, C4<0>;
v0x132eadbb0_0 .net "BM7", 0 0, L_0x1380799a8;  1 drivers
v0x132eadc40_0 .net "Begin", 0 0, v0x132ec0810_0;  alias, 1 drivers
v0x132eadcf0_0 .net "C1", 0 0, L_0x132ec17e0;  1 drivers
v0x132eadd80_0 .net "C10", 0 0, L_0x132ec73e0;  1 drivers
v0x132eade60_0 .net "C11", 0 0, L_0x132ec7a90;  1 drivers
v0x132eadf00_0 .net "C12", 0 0, L_0x132ec86b0;  1 drivers
v0x132eadfa0_0 .net "C13", 0 0, L_0x132ec8e50;  1 drivers
v0x132eae040_0 .net "C14", 0 0, L_0x132ec94d0;  1 drivers
v0x132eae150_0 .net "C15", 0 0, L_0x132ec9ed0;  1 drivers
v0x132eae1e0_0 .net "C2", 0 0, L_0x132ec21a0;  1 drivers
v0x132eae280_0 .net "C3", 0 0, L_0x132ec3ef0;  1 drivers
v0x132eae320_0 .net "C4", 0 0, L_0x132ec3fe0;  1 drivers
v0x132eae3c0_0 .net "C5", 0 0, L_0x132ec4b30;  1 drivers
v0x132eae460_0 .net "C6", 0 0, L_0x132ec50a0;  1 drivers
v0x132eae500_0 .net "C7", 0 0, L_0x132ec5710;  1 drivers
v0x132eae5a0_0 .net "C8", 0 0, L_0x132ec5d90;  1 drivers
v0x132eae730_0 .net "C9", 0 0, L_0x132ec6800;  1 drivers
L_0x1380798d0 .functor BUFT 1, C4<0>, C4<0>, C4<0>, C4<0>;
v0x132eae7c0_0 .net "Count3", 0 0, L_0x1380798d0;  1 drivers
L_0x138079918 .functor BUFT 1, C4<0>, C4<0>, C4<0>, C4<0>;
v0x132eae850_0 .net "Count7m1", 0 0, L_0x138079918;  1 drivers
L_0x138079960 .functor BUFT 1, C4<0>, C4<0>, C4<0>, C4<0>;
v0x132eae8e0_0 .net "Count7m2", 0 0, L_0x138079960;  1 drivers
L_0x1380799f0 .functor BUFT 1, C4<000>, C4<0>, C4<0>, C4<0>;
v0x132eae980_0 .net "PA_hi", 2 0, L_0x1380799f0;  1 drivers
L_0x138079a80 .functor BUFT 1, C4<0>, C4<0>, C4<0>, C4<0>;
v0x132eaea30_0 .net "Qneg", 0 0, L_0x138079a80;  1 drivers
v0x132eaead0_0 .net "Reset", 0 0, v0x132ec0a90_0;  alias, 1 drivers
L_0x138078010 .functor BUFT 1, C4<10>, C4<0>, C4<0>, C4<0>;
v0x132eaeb70_0 .net/2u *"_ivl_0", 1 0, L_0x138078010;  1 drivers
L_0x1380780e8 .functor BUFT 1, C4<1001>, C4<0>, C4<0>, C4<0>;
v0x132eaec20_0 .net/2u *"_ivl_10", 3 0, L_0x1380780e8;  1 drivers
L_0x138079c30 .functor BUFT 1, C4<000>, C4<0>, C4<0>, C4<0>;
v0x132eaecd0_0 .net *"_ivl_100", 2 0, L_0x138079c30;  1 drivers
L_0x1380785f8 .functor BUFT 1, C4<110>, C4<0>, C4<0>, C4<0>;
v0x132eaed80_0 .net/2u *"_ivl_102", 2 0, L_0x1380785f8;  1 drivers
v0x132eaee30_0 .net *"_ivl_104", 0 0, L_0x132ec3020;  1 drivers
v0x132eaeed0_0 .net *"_ivl_107", 0 0, L_0x132ec31b0;  1 drivers
v0x132eaef70_0 .net *"_ivl_109", 0 0, L_0x132ec3240;  1 drivers
v0x132eaf010_0 .net *"_ivl_111", 0 0, L_0x132ec3380;  1 drivers
v0x132eaf0b0_0 .net *"_ivl_112", 31 0, L_0x132ec3430;  1 drivers
L_0x138078640 .functor BUFT 1, C4<0000000000000000000000000000>, C4<0>, C4<0>, C4<0>;
v0x132eae650_0 .net *"_ivl_115", 27 0, L_0x138078640;  1 drivers
L_0x138078688 .functor BUFT 1, C4<00000000000000000000000000000011>, C4<0>, C4<0>, C4<0>;
v0x132eaf340_0 .net/2u *"_ivl_116", 31 0, L_0x138078688;  1 drivers
v0x132eaf3d0_0 .net *"_ivl_118", 0 0, L_0x132ec3510;  1 drivers
L_0x138078130 .functor BUFT 1, C4<0010>, C4<0>, C4<0>, C4<0>;
v0x132eaf460_0 .net/2u *"_ivl_12", 3 0, L_0x138078130;  1 drivers
L_0x1380786d0 .functor BUFT 1, C4<11>, C4<0>, C4<0>, C4<0>;
v0x132eaf510_0 .net/2u *"_ivl_120", 1 0, L_0x1380786d0;  1 drivers
v0x132eaf5c0_0 .net *"_ivl_122", 0 0, L_0x132ec3100;  1 drivers
v0x132eaf660_0 .net *"_ivl_125", 0 0, L_0x132ec3750;  1 drivers
L_0x138079c78 .functor BUFT 1, C4<000>, C4<0>, C4<0>, C4<0>;
v0x132eaf700_0 .net *"_ivl_126", 2 0, L_0x138079c78;  1 drivers
L_0x138078718 .functor BUFT 1, C4<011>, C4<0>, C4<0>, C4<0>;
v0x132eaf7b0_0 .net/2u *"_ivl_128", 2 0, L_0x138078718;  1 drivers
v0x132eaf860_0 .net *"_ivl_130", 0 0, L_0x132ec38a0;  1 drivers
L_0x138079cc0 .functor BUFT 1, C4<000>, C4<0>, C4<0>, C4<0>;
v0x132eaf900_0 .net *"_ivl_132", 2 0, L_0x138079cc0;  1 drivers
L_0x138078760 .functor BUFT 1, C4<001>, C4<0>, C4<0>, C4<0>;
v0x132eaf9b0_0 .net/2u *"_ivl_134", 2 0, L_0x138078760;  1 drivers
v0x132eafa60_0 .net *"_ivl_136", 0 0, L_0x132ec3650;  1 drivers
v0x132eafb00_0 .net *"_ivl_139", 0 0, L_0x132ec3a90;  1 drivers
v0x132eafba0_0 .net *"_ivl_14", 3 0, L_0x132ec12a0;  1 drivers
L_0x138079d08 .functor BUFT 1, C4<000>, C4<0>, C4<0>, C4<0>;
v0x132eafc50_0 .net *"_ivl_140", 2 0, L_0x138079d08;  1 drivers
L_0x1380787a8 .functor BUFT 1, C4<010>, C4<0>, C4<0>, C4<0>;
v0x132eafd00_0 .net/2u *"_ivl_142", 2 0, L_0x1380787a8;  1 drivers
v0x132eafdb0_0 .net *"_ivl_144", 0 0, L_0x132ec3ba0;  1 drivers
v0x132eafe50_0 .net *"_ivl_147", 0 0, L_0x132ec3d80;  1 drivers
v0x132eafef0_0 .net *"_ivl_149", 0 0, L_0x132ec3e80;  1 drivers
v0x132eaff90_0 .net *"_ivl_152", 31 0, L_0x132ec4060;  1 drivers
L_0x1380787f0 .functor BUFT 1, C4<0000000000000000000000000000>, C4<0>, C4<0>, C4<0>;
v0x132eb0040_0 .net *"_ivl_155", 27 0, L_0x1380787f0;  1 drivers
L_0x138078838 .functor BUFT 1, C4<00000000000000000000000000000001>, C4<0>, C4<0>, C4<0>;
v0x132eb00f0_0 .net/2u *"_ivl_156", 31 0, L_0x138078838;  1 drivers
v0x132eb01a0_0 .net *"_ivl_158", 0 0, L_0x132ec4100;  1 drivers
L_0x138079d50 .functor BUFT 1, C4<000>, C4<0>, C4<0>, C4<0>;
v0x132eb0240_0 .net *"_ivl_160", 2 0, L_0x138079d50;  1 drivers
L_0x138078880 .functor BUFT 1, C4<100>, C4<0>, C4<0>, C4<0>;
v0x132eb02f0_0 .net/2u *"_ivl_162", 2 0, L_0x138078880;  1 drivers
v0x132eb03a0_0 .net *"_ivl_164", 0 0, L_0x132ec3ca0;  1 drivers
L_0x138079d98 .functor BUFT 1, C4<000>, C4<0>, C4<0>, C4<0>;
v0x132eb0440_0 .net *"_ivl_166", 2 0, L_0x138079d98;  1 drivers
L_0x1380788c8 .functor BUFT 1, C4<011>, C4<0>, C4<0>, C4<0>;
v0x132eb04f0_0 .net/2u *"_ivl_168", 2 0, L_0x1380788c8;  1 drivers
v0x132eb05a0_0 .net *"_ivl_170", 0 0, L_0x132ec4350;  1 drivers
v0x132eb0640_0 .net *"_ivl_173", 0 0, L_0x132ec4550;  1 drivers
v0x132eb06e0_0 .net *"_ivl_175", 0 0, L_0x132ec42a0;  1 drivers
L_0x138078910 .functor BUFT 1, C4<10>, C4<0>, C4<0>, C4<0>;
v0x132eaf150_0 .net/2u *"_ivl_176", 1 0, L_0x138078910;  1 drivers
v0x132eaf200_0 .net *"_ivl_178", 0 0, L_0x132ec2840;  1 drivers
v0x132eaf2a0_0 .net *"_ivl_18", 31 0, L_0x132ec1580;  1 drivers
v0x132eb0780_0 .net *"_ivl_182", 31 0, L_0x132ec4970;  1 drivers
L_0x138078958 .functor BUFT 1, C4<0000000000000000000000000000>, C4<0>, C4<0>, C4<0>;
v0x132eb0830_0 .net *"_ivl_185", 27 0, L_0x138078958;  1 drivers
L_0x1380789a0 .functor BUFT 1, C4<00000000000000000000000000000010>, C4<0>, C4<0>, C4<0>;
v0x132eb08e0_0 .net/2u *"_ivl_186", 31 0, L_0x1380789a0;  1 drivers
v0x132eb0990_0 .net *"_ivl_188", 0 0, L_0x132ec4450;  1 drivers
L_0x1380789e8 .functor BUFT 1, C4<10>, C4<0>, C4<0>, C4<0>;
v0x132eb0a30_0 .net/2u *"_ivl_190", 1 0, L_0x1380789e8;  1 drivers
v0x132eb0ae0_0 .net *"_ivl_192", 0 0, L_0x132ec4c80;  1 drivers
v0x132eb0b80_0 .net *"_ivl_196", 31 0, L_0x132ec4f20;  1 drivers
L_0x138078a30 .functor BUFT 1, C4<0000000000000000000000000000>, C4<0>, C4<0>, C4<0>;
v0x132eb0c30_0 .net *"_ivl_199", 27 0, L_0x138078a30;  1 drivers
v0x132eb0ce0_0 .net *"_ivl_2", 0 0, L_0x132ec0fc0;  1 drivers
L_0x138078a78 .functor BUFT 1, C4<00000000000000000000000000000011>, C4<0>, C4<0>, C4<0>;
v0x132eb0d80_0 .net/2u *"_ivl_200", 31 0, L_0x138078a78;  1 drivers
v0x132eb0e30_0 .net *"_ivl_202", 0 0, L_0x132ec4fc0;  1 drivers
L_0x138079de0 .functor BUFT 1, C4<00000000000000000000000000000000>, C4<0>, C4<0>, C4<0>;
v0x132eb0ed0_0 .net *"_ivl_204", 31 0, L_0x138079de0;  1 drivers
L_0x138078ac0 .functor BUFT 1, C4<00000000000000000000000000000000>, C4<0>, C4<0>, C4<0>;
v0x132eb0f80_0 .net/2u *"_ivl_208", 31 0, L_0x138078ac0;  1 drivers
L_0x138078178 .functor BUFT 1, C4<0000000000000000000000000000>, C4<0>, C4<0>, C4<0>;
v0x132eb1030_0 .net *"_ivl_21", 27 0, L_0x138078178;  1 drivers
v0x132eb10e0_0 .net *"_ivl_210", 0 0, L_0x132ec4d60;  1 drivers
v0x132eb1180_0 .net *"_ivl_213", 0 0, L_0x132ec51d0;  1 drivers
L_0x138078b08 .functor BUFT 1, C4<10>, C4<0>, C4<0>, C4<0>;
v0x132eb1220_0 .net/2u *"_ivl_214", 1 0, L_0x138078b08;  1 drivers
v0x132eb12d0_0 .net *"_ivl_216", 0 0, L_0x132ec52c0;  1 drivers
L_0x1380781c0 .functor BUFT 1, C4<00000000000000000000000000000000>, C4<0>, C4<0>, C4<0>;
v0x132eb1370_0 .net/2u *"_ivl_22", 31 0, L_0x1380781c0;  1 drivers
v0x132eb1420_0 .net *"_ivl_220", 31 0, L_0x132ec4e80;  1 drivers
L_0x138078b50 .functor BUFT 1, C4<0000000000000000000000000000>, C4<0>, C4<0>, C4<0>;
v0x132eb14d0_0 .net *"_ivl_223", 27 0, L_0x138078b50;  1 drivers
L_0x138078b98 .functor BUFT 1, C4<00000000000000000000000000000001>, C4<0>, C4<0>, C4<0>;
v0x132eb1580_0 .net/2u *"_ivl_224", 31 0, L_0x138078b98;  1 drivers
v0x132eb1630_0 .net *"_ivl_226", 0 0, L_0x132ec55d0;  1 drivers
L_0x138079e28 .functor BUFT 1, C4<00000000000000000000000000000000>, C4<0>, C4<0>, C4<0>;
v0x132eb16d0_0 .net *"_ivl_228", 31 0, L_0x138079e28;  1 drivers
L_0x138078be0 .functor BUFT 1, C4<00000000000000000000000000000000>, C4<0>, C4<0>, C4<0>;
v0x132eb1780_0 .net/2u *"_ivl_232", 31 0, L_0x138078be0;  1 drivers
v0x132eb1830_0 .net *"_ivl_234", 0 0, L_0x132ec53a0;  1 drivers
v0x132eb18d0_0 .net *"_ivl_237", 0 0, L_0x132ec5860;  1 drivers
L_0x138078c28 .functor BUFT 1, C4<11>, C4<0>, C4<0>, C4<0>;
v0x132eb1970_0 .net/2u *"_ivl_238", 1 0, L_0x138078c28;  1 drivers
v0x132eb1a20_0 .net *"_ivl_24", 0 0, L_0x132ec16c0;  1 drivers
v0x132eb1ac0_0 .net *"_ivl_240", 0 0, L_0x132ec5950;  1 drivers
v0x132eb1b60_0 .net *"_ivl_244", 31 0, L_0x132ec5c50;  1 drivers
L_0x138078c70 .functor BUFT 1, C4<0000000000000000000000000000>, C4<0>, C4<0>, C4<0>;
v0x132eb1c10_0 .net *"_ivl_247", 27 0, L_0x138078c70;  1 drivers
L_0x138078cb8 .functor BUFT 1, C4<00000000000000000000000000000010>, C4<0>, C4<0>, C4<0>;
v0x132eb1cc0_0 .net/2u *"_ivl_248", 31 0, L_0x138078cb8;  1 drivers
v0x132eb1d70_0 .net *"_ivl_250", 0 0, L_0x132ec54e0;  1 drivers
L_0x138079e70 .functor BUFT 1, C4<00000000000000000000000000000000>, C4<0>, C4<0>, C4<0>;
v0x132eb1e10_0 .net *"_ivl_252", 31 0, L_0x138079e70;  1 drivers
L_0x138078d00 .functor BUFT 1, C4<00000000000000000000000000000001>, C4<0>, C4<0>, C4<0>;
v0x132eb1ec0_0 .net/2u *"_ivl_256", 31 0, L_0x138078d00;  1 drivers
v0x132eb1f70_0 .net *"_ivl_258", 0 0, L_0x132ec5a30;  1 drivers
v0x132eb2010_0 .net *"_ivl_261", 0 0, L_0x132ec5f00;  1 drivers
L_0x138078d48 .functor BUFT 1, C4<11>, C4<0>, C4<0>, C4<0>;
v0x132eb20b0_0 .net/2u *"_ivl_262", 1 0, L_0x138078d48;  1 drivers
v0x132eb2160_0 .net *"_ivl_264", 0 0, L_0x132ec5fb0;  1 drivers
v0x132eb2200_0 .net *"_ivl_268", 31 0, L_0x132ec62e0;  1 drivers
L_0x138078d90 .functor BUFT 1, C4<0000000000000000000000000000>, C4<0>, C4<0>, C4<0>;
v0x132eb22b0_0 .net *"_ivl_271", 27 0, L_0x138078d90;  1 drivers
L_0x138078dd8 .functor BUFT 1, C4<00000000000000000000000000000010>, C4<0>, C4<0>, C4<0>;
v0x132eb2360_0 .net/2u *"_ivl_272", 31 0, L_0x138078dd8;  1 drivers
v0x132eb2410_0 .net *"_ivl_274", 0 0, L_0x132ec5b90;  1 drivers
L_0x138078e20 .functor BUFT 1, C4<11>, C4<0>, C4<0>, C4<0>;
v0x132eb24b0_0 .net/2u *"_ivl_276", 1 0, L_0x138078e20;  1 drivers
v0x132eb2560_0 .net *"_ivl_278", 0 0, L_0x132ec6090;  1 drivers
v0x132eb2600_0 .net *"_ivl_28", 31 0, L_0x132ec1890;  1 drivers
v0x132eb26b0_0 .net *"_ivl_281", 0 0, L_0x132ec6170;  1 drivers
L_0x138079eb8 .functor BUFT 1, C4<000>, C4<0>, C4<0>, C4<0>;
v0x132eb2750_0 .net *"_ivl_282", 2 0, L_0x138079eb8;  1 drivers
L_0x138078e68 .functor BUFT 1, C4<011>, C4<0>, C4<0>, C4<0>;
v0x132eb2800_0 .net/2u *"_ivl_284", 2 0, L_0x138078e68;  1 drivers
v0x132eb28b0_0 .net *"_ivl_286", 0 0, L_0x132ec6610;  1 drivers
L_0x138079f00 .functor BUFT 1, C4<000>, C4<0>, C4<0>, C4<0>;
v0x132eb2950_0 .net *"_ivl_288", 2 0, L_0x138079f00;  1 drivers
L_0x138078eb0 .functor BUFT 1, C4<001>, C4<0>, C4<0>, C4<0>;
v0x132eb2a00_0 .net/2u *"_ivl_290", 2 0, L_0x138078eb0;  1 drivers
v0x132eb2ab0_0 .net *"_ivl_292", 0 0, L_0x132ec6400;  1 drivers
v0x132eb2b50_0 .net *"_ivl_295", 0 0, L_0x132ec6520;  1 drivers
L_0x138079f48 .functor BUFT 1, C4<000>, C4<0>, C4<0>, C4<0>;
v0x132eb2bf0_0 .net *"_ivl_296", 2 0, L_0x138079f48;  1 drivers
L_0x138078ef8 .functor BUFT 1, C4<010>, C4<0>, C4<0>, C4<0>;
v0x132eb2ca0_0 .net/2u *"_ivl_298", 2 0, L_0x138078ef8;  1 drivers
v0x132eb2d50_0 .net *"_ivl_300", 0 0, L_0x132ec6200;  1 drivers
v0x132eb2df0_0 .net *"_ivl_303", 0 0, L_0x132ec6710;  1 drivers
v0x132eb2e90_0 .net *"_ivl_306", 31 0, L_0x132ec6d50;  1 drivers
L_0x138078f40 .functor BUFT 1, C4<0000000000000000000000000000>, C4<0>, C4<0>, C4<0>;
v0x132eb2f40_0 .net *"_ivl_309", 27 0, L_0x138078f40;  1 drivers
L_0x138078208 .functor BUFT 1, C4<0000000000000000000000000000>, C4<0>, C4<0>, C4<0>;
v0x132eb2ff0_0 .net *"_ivl_31", 27 0, L_0x138078208;  1 drivers
L_0x138078f88 .functor BUFT 1, C4<00000000000000000000000000000010>, C4<0>, C4<0>, C4<0>;
v0x132eb30a0_0 .net/2u *"_ivl_310", 31 0, L_0x138078f88;  1 drivers
v0x132eb3150_0 .net *"_ivl_312", 0 0, L_0x132ec6990;  1 drivers
L_0x138078fd0 .functor BUFT 1, C4<11>, C4<0>, C4<0>, C4<0>;
v0x132eb31f0_0 .net/2u *"_ivl_314", 1 0, L_0x138078fd0;  1 drivers
v0x132eb32a0_0 .net *"_ivl_316", 0 0, L_0x132ec6a70;  1 drivers
v0x132eb3340_0 .net *"_ivl_319", 0 0, L_0x132ec2b90;  1 drivers
L_0x138078250 .functor BUFT 1, C4<00000000000000000000000000000001>, C4<0>, C4<0>, C4<0>;
v0x132eb33e0_0 .net/2u *"_ivl_32", 31 0, L_0x138078250;  1 drivers
L_0x138079f90 .functor BUFT 1, C4<000>, C4<0>, C4<0>, C4<0>;
v0x132eb3490_0 .net *"_ivl_320", 2 0, L_0x138079f90;  1 drivers
L_0x138079018 .functor BUFT 1, C4<100>, C4<0>, C4<0>, C4<0>;
v0x132eb3540_0 .net/2u *"_ivl_322", 2 0, L_0x138079018;  1 drivers
v0x132eb35f0_0 .net *"_ivl_324", 0 0, L_0x132ec7250;  1 drivers
L_0x138079fd8 .functor BUFT 1, C4<000>, C4<0>, C4<0>, C4<0>;
v0x132eb3690_0 .net *"_ivl_326", 2 0, L_0x138079fd8;  1 drivers
L_0x138079060 .functor BUFT 1, C4<101>, C4<0>, C4<0>, C4<0>;
v0x132eb3740_0 .net/2u *"_ivl_328", 2 0, L_0x138079060;  1 drivers
v0x132eb37f0_0 .net *"_ivl_330", 0 0, L_0x132ec6e90;  1 drivers
v0x132eb3890_0 .net *"_ivl_333", 0 0, L_0x132ec6f70;  1 drivers
L_0x13807a020 .functor BUFT 1, C4<000>, C4<0>, C4<0>, C4<0>;
v0x132eb3930_0 .net *"_ivl_334", 2 0, L_0x13807a020;  1 drivers
L_0x1380790a8 .functor BUFT 1, C4<110>, C4<0>, C4<0>, C4<0>;
v0x132eb39e0_0 .net/2u *"_ivl_336", 2 0, L_0x1380790a8;  1 drivers
v0x132eb3a90_0 .net *"_ivl_338", 0 0, L_0x132ec6c60;  1 drivers
v0x132eb3b30_0 .net *"_ivl_34", 0 0, L_0x132ec1a70;  1 drivers
v0x132eb3bd0_0 .net *"_ivl_341", 0 0, L_0x132ec72f0;  1 drivers
v0x132eb3c70_0 .net *"_ivl_344", 31 0, L_0x132ec7500;  1 drivers
L_0x1380790f0 .functor BUFT 1, C4<0000000000000000000000000000>, C4<0>, C4<0>, C4<0>;
v0x132eb3d20_0 .net *"_ivl_347", 27 0, L_0x1380790f0;  1 drivers
L_0x138079138 .functor BUFT 1, C4<00000000000000000000000000000100>, C4<0>, C4<0>, C4<0>;
v0x132eb3dd0_0 .net/2u *"_ivl_348", 31 0, L_0x138079138;  1 drivers
v0x132eb3e80_0 .net *"_ivl_350", 0 0, L_0x132ec7970;  1 drivers
L_0x13807a068 .functor BUFT 1, C4<00000000000000000000000000000000>, C4<0>, C4<0>, C4<0>;
v0x132eb3f20_0 .net *"_ivl_352", 31 0, L_0x13807a068;  1 drivers
L_0x138079180 .functor BUFT 1, C4<00000000000000000000000000000000>, C4<0>, C4<0>, C4<0>;
v0x132eb3fd0_0 .net/2u *"_ivl_356", 31 0, L_0x138079180;  1 drivers
v0x132eb4080_0 .net *"_ivl_358", 0 0, L_0x132ec7640;  1 drivers
L_0x138078298 .functor BUFT 1, C4<11>, C4<0>, C4<0>, C4<0>;
v0x132eb4120_0 .net/2u *"_ivl_36", 1 0, L_0x138078298;  1 drivers
v0x132eb41d0_0 .net *"_ivl_361", 0 0, L_0x132ec7740;  1 drivers
L_0x1380791c8 .functor BUFT 1, C4<11>, C4<0>, C4<0>, C4<0>;
v0x132eb4270_0 .net/2u *"_ivl_362", 1 0, L_0x1380791c8;  1 drivers
v0x132eb4320_0 .net *"_ivl_364", 0 0, L_0x132ec7cc0;  1 drivers
v0x132eb43c0_0 .net *"_ivl_368", 31 0, L_0x132ec7ba0;  1 drivers
L_0x138079210 .functor BUFT 1, C4<0000000000000000000000000000>, C4<0>, C4<0>, C4<0>;
v0x132eb4470_0 .net *"_ivl_371", 27 0, L_0x138079210;  1 drivers
L_0x138079258 .functor BUFT 1, C4<00000000000000000000000000000101>, C4<0>, C4<0>, C4<0>;
v0x132eb4520_0 .net/2u *"_ivl_372", 31 0, L_0x138079258;  1 drivers
v0x132eb45d0_0 .net *"_ivl_374", 0 0, L_0x132ec78a0;  1 drivers
L_0x13807a0b0 .functor BUFT 1, C4<00000000000000000000000000000000>, C4<0>, C4<0>, C4<0>;
v0x132eb4670_0 .net *"_ivl_376", 31 0, L_0x13807a0b0;  1 drivers
v0x132eb4720_0 .net *"_ivl_38", 0 0, L_0x132ec1b50;  1 drivers
L_0x1380792a0 .functor BUFT 1, C4<00000000000000000000000000000001>, C4<0>, C4<0>, C4<0>;
v0x132eb47c0_0 .net/2u *"_ivl_380", 31 0, L_0x1380792a0;  1 drivers
v0x132eb4870_0 .net *"_ivl_382", 0 0, L_0x132ec4760;  1 drivers
v0x132eb4910_0 .net *"_ivl_385", 0 0, L_0x132ec4840;  1 drivers
v0x132eb49b0_0 .net *"_ivl_387", 0 0, L_0x132ec7e20;  1 drivers
v0x132eb4a60_0 .net *"_ivl_388", 31 0, L_0x132ec7ec0;  1 drivers
L_0x1380792e8 .functor BUFT 1, C4<0000000000000000000000000000000>, C4<0>, C4<0>, C4<0>;
v0x132eb4b10_0 .net *"_ivl_391", 30 0, L_0x1380792e8;  1 drivers
L_0x138079330 .functor BUFT 1, C4<00000000000000000000000000000001>, C4<0>, C4<0>, C4<0>;
v0x132eb4bc0_0 .net/2u *"_ivl_392", 31 0, L_0x138079330;  1 drivers
v0x132eb4c70_0 .net *"_ivl_394", 0 0, L_0x132ec8360;  1 drivers
v0x132eb4d10_0 .net *"_ivl_397", 0 0, L_0x132ec80c0;  1 drivers
L_0x138079378 .functor BUFT 1, C4<11>, C4<0>, C4<0>, C4<0>;
v0x132eb4db0_0 .net/2u *"_ivl_398", 1 0, L_0x138079378;  1 drivers
L_0x138078058 .functor BUFT 1, C4<0101>, C4<0>, C4<0>, C4<0>;
v0x132eb4e60_0 .net/2u *"_ivl_4", 3 0, L_0x138078058;  1 drivers
v0x132eb4f10_0 .net *"_ivl_400", 0 0, L_0x132ec7fa0;  1 drivers
v0x132eb4fb0_0 .net *"_ivl_404", 31 0, L_0x132ec87a0;  1 drivers
L_0x1380793c0 .functor BUFT 1, C4<0000000000000000000000000000>, C4<0>, C4<0>, C4<0>;
v0x132eb5060_0 .net *"_ivl_407", 27 0, L_0x1380793c0;  1 drivers
L_0x138079408 .functor BUFT 1, C4<00000000000000000000000000000110>, C4<0>, C4<0>, C4<0>;
v0x132eb5110_0 .net/2u *"_ivl_408", 31 0, L_0x138079408;  1 drivers
v0x132eb51c0_0 .net *"_ivl_41", 0 0, L_0x132ec1c80;  1 drivers
v0x132eb5260_0 .net *"_ivl_410", 0 0, L_0x132ec4a50;  1 drivers
L_0x13807a0f8 .functor BUFT 1, C4<00000000000000000000000000000000>, C4<0>, C4<0>, C4<0>;
v0x132eb5300_0 .net *"_ivl_412", 31 0, L_0x13807a0f8;  1 drivers
L_0x138079450 .functor BUFT 1, C4<00000000000000000000000000000001>, C4<0>, C4<0>, C4<0>;
v0x132eb53b0_0 .net/2u *"_ivl_416", 31 0, L_0x138079450;  1 drivers
v0x132eb5460_0 .net *"_ivl_418", 0 0, L_0x132ec8500;  1 drivers
v0x132eb5500_0 .net *"_ivl_42", 31 0, L_0x132ec1d50;  1 drivers
v0x132eb55b0_0 .net *"_ivl_421", 0 0, L_0x132ec8600;  1 drivers
L_0x138079498 .functor BUFT 1, C4<11>, C4<0>, C4<0>, C4<0>;
v0x132eb5650_0 .net/2u *"_ivl_422", 1 0, L_0x138079498;  1 drivers
v0x132eb5700_0 .net *"_ivl_424", 0 0, L_0x132ec81b0;  1 drivers
v0x132eb57a0_0 .net *"_ivl_428", 31 0, L_0x132ec8f00;  1 drivers
L_0x1380794e0 .functor BUFT 1, C4<0000000000000000000000000000>, C4<0>, C4<0>, C4<0>;
v0x132eb5850_0 .net *"_ivl_431", 27 0, L_0x1380794e0;  1 drivers
L_0x138079528 .functor BUFT 1, C4<00000000000000000000000000000111>, C4<0>, C4<0>, C4<0>;
v0x132eb5900_0 .net/2u *"_ivl_432", 31 0, L_0x138079528;  1 drivers
v0x132eb59b0_0 .net *"_ivl_434", 0 0, L_0x132ec8a80;  1 drivers
L_0x13807a140 .functor BUFT 1, C4<00000000000000000000000000000000>, C4<0>, C4<0>, C4<0>;
v0x132eb5a50_0 .net *"_ivl_436", 31 0, L_0x13807a140;  1 drivers
L_0x138079570 .functor BUFT 1, C4<00000000000000000000000000000000>, C4<0>, C4<0>, C4<0>;
v0x132eb5b00_0 .net/2u *"_ivl_440", 31 0, L_0x138079570;  1 drivers
v0x132eb5bb0_0 .net *"_ivl_442", 0 0, L_0x132ec8bc0;  1 drivers
v0x132eb5c50_0 .net *"_ivl_445", 0 0, L_0x132ec8fc0;  1 drivers
L_0x1380795b8 .functor BUFT 1, C4<11>, C4<0>, C4<0>, C4<0>;
v0x132eb5cf0_0 .net/2u *"_ivl_446", 1 0, L_0x1380795b8;  1 drivers
v0x132eb5da0_0 .net *"_ivl_448", 0 0, L_0x132ec8d10;  1 drivers
L_0x1380782e0 .functor BUFT 1, C4<0000000000000000000000000000>, C4<0>, C4<0>, C4<0>;
v0x132eb5e40_0 .net *"_ivl_45", 27 0, L_0x1380782e0;  1 drivers
v0x132eb5ef0_0 .net *"_ivl_452", 31 0, L_0x132ec9580;  1 drivers
L_0x138079600 .functor BUFT 1, C4<0000000000000000000000000000>, C4<0>, C4<0>, C4<0>;
v0x132eb5fa0_0 .net *"_ivl_455", 27 0, L_0x138079600;  1 drivers
L_0x138079648 .functor BUFT 1, C4<00000000000000000000000000000010>, C4<0>, C4<0>, C4<0>;
v0x132eb6050_0 .net/2u *"_ivl_456", 31 0, L_0x138079648;  1 drivers
v0x132eb6100_0 .net *"_ivl_458", 0 0, L_0x132ec92a0;  1 drivers
L_0x138078328 .functor BUFT 1, C4<00000000000000000000000000000011>, C4<0>, C4<0>, C4<0>;
v0x132eb61a0_0 .net/2u *"_ivl_46", 31 0, L_0x138078328;  1 drivers
L_0x138079690 .functor BUFT 1, C4<00>, C4<0>, C4<0>, C4<0>;
v0x132eb6250_0 .net/2u *"_ivl_460", 1 0, L_0x138079690;  1 drivers
v0x132eb6300_0 .net *"_ivl_462", 0 0, L_0x132ec93e0;  1 drivers
L_0x1380796d8 .functor BUFT 1, C4<01>, C4<0>, C4<0>, C4<0>;
v0x132eb63a0_0 .net/2u *"_ivl_464", 1 0, L_0x1380796d8;  1 drivers
v0x132eb6450_0 .net *"_ivl_466", 0 0, L_0x132ec98d0;  1 drivers
v0x132eb64f0_0 .net *"_ivl_469", 0 0, L_0x132ec99d0;  1 drivers
v0x132eb6590_0 .net *"_ivl_471", 0 0, L_0x132ec90d0;  1 drivers
v0x132eb6630_0 .net *"_ivl_472", 31 0, L_0x132ec9c40;  1 drivers
L_0x138079720 .functor BUFT 1, C4<0000000000000000000000000000>, C4<0>, C4<0>, C4<0>;
v0x132eb66e0_0 .net *"_ivl_475", 27 0, L_0x138079720;  1 drivers
L_0x138079768 .functor BUFT 1, C4<00000000000000000000000000000100>, C4<0>, C4<0>, C4<0>;
v0x132eb6790_0 .net/2u *"_ivl_476", 31 0, L_0x138079768;  1 drivers
v0x132eb6840_0 .net *"_ivl_478", 0 0, L_0x132ec9640;  1 drivers
v0x132eb68e0_0 .net *"_ivl_48", 0 0, L_0x132ec1e50;  1 drivers
L_0x1380797b0 .functor BUFT 1, C4<10>, C4<0>, C4<0>, C4<0>;
v0x132eb6980_0 .net/2u *"_ivl_480", 1 0, L_0x1380797b0;  1 drivers
v0x132eb6a30_0 .net *"_ivl_482", 0 0, L_0x132ec9780;  1 drivers
v0x132eb6ad0_0 .net *"_ivl_485", 0 0, L_0x132ec9860;  1 drivers
v0x132eb6b70_0 .net *"_ivl_487", 0 0, L_0x132ec9ae0;  1 drivers
v0x132eb6c10_0 .net *"_ivl_488", 31 0, L_0x132eca1a0;  1 drivers
L_0x1380797f8 .functor BUFT 1, C4<0000000000000000000000000000>, C4<0>, C4<0>, C4<0>;
v0x132eb6cc0_0 .net *"_ivl_491", 27 0, L_0x1380797f8;  1 drivers
L_0x138079840 .functor BUFT 1, C4<00000000000000000000000000001000>, C4<0>, C4<0>, C4<0>;
v0x132eb6d70_0 .net/2u *"_ivl_492", 31 0, L_0x138079840;  1 drivers
v0x132eb6e20_0 .net *"_ivl_494", 0 0, L_0x132eca240;  1 drivers
L_0x138079888 .functor BUFT 1, C4<11>, C4<0>, C4<0>, C4<0>;
v0x132eb6ec0_0 .net/2u *"_ivl_496", 1 0, L_0x138079888;  1 drivers
v0x132eb6f70_0 .net *"_ivl_498", 0 0, L_0x132ec9ce0;  1 drivers
L_0x138078370 .functor BUFT 1, C4<11>, C4<0>, C4<0>, C4<0>;
v0x132eb7010_0 .net/2u *"_ivl_50", 1 0, L_0x138078370;  1 drivers
v0x132eb70c0_0 .net *"_ivl_501", 0 0, L_0x132ec9dc0;  1 drivers
v0x132eb7160_0 .net *"_ivl_52", 0 0, L_0x132ec1ff0;  1 drivers
v0x132eb7200_0 .net *"_ivl_55", 0 0, L_0x132ec2090;  1 drivers
v0x132eb72a0_0 .net *"_ivl_58", 31 0, L_0x132ec22b0;  1 drivers
L_0x1380780a0 .functor BUFT 1, C4<11>, C4<0>, C4<0>, C4<0>;
v0x132eb7350_0 .net/2u *"_ivl_6", 1 0, L_0x1380780a0;  1 drivers
L_0x1380783b8 .functor BUFT 1, C4<0000000000000000000000000000>, C4<0>, C4<0>, C4<0>;
v0x132eb7400_0 .net *"_ivl_61", 27 0, L_0x1380783b8;  1 drivers
L_0x138078400 .functor BUFT 1, C4<00000000000000000000000000000001>, C4<0>, C4<0>, C4<0>;
v0x132eb74b0_0 .net/2u *"_ivl_62", 31 0, L_0x138078400;  1 drivers
v0x132eb7560_0 .net *"_ivl_64", 0 0, L_0x132ec2460;  1 drivers
L_0x138078448 .functor BUFT 1, C4<01>, C4<0>, C4<0>, C4<0>;
v0x132eb7600_0 .net/2u *"_ivl_66", 1 0, L_0x138078448;  1 drivers
v0x132eb76b0_0 .net *"_ivl_68", 0 0, L_0x132ec2540;  1 drivers
v0x132eb7750_0 .net *"_ivl_71", 0 0, L_0x132ec23f0;  1 drivers
v0x132eb77f0_0 .net *"_ivl_72", 31 0, L_0x132ec2740;  1 drivers
L_0x138078490 .functor BUFT 1, C4<0000000000000000000000000000>, C4<0>, C4<0>, C4<0>;
v0x132eb78a0_0 .net *"_ivl_75", 27 0, L_0x138078490;  1 drivers
L_0x1380784d8 .functor BUFT 1, C4<00000000000000000000000000000001>, C4<0>, C4<0>, C4<0>;
v0x132eb7950_0 .net/2u *"_ivl_76", 31 0, L_0x1380784d8;  1 drivers
v0x132eb7a00_0 .net *"_ivl_78", 0 0, L_0x132ec2940;  1 drivers
v0x132eb7aa0_0 .net *"_ivl_8", 0 0, L_0x132ec1100;  1 drivers
L_0x138078520 .functor BUFT 1, C4<10>, C4<0>, C4<0>, C4<0>;
v0x132eb7b40_0 .net/2u *"_ivl_80", 1 0, L_0x138078520;  1 drivers
v0x132eb7bf0_0 .net *"_ivl_82", 0 0, L_0x132ec2ab0;  1 drivers
v0x132eb7c90_0 .net *"_ivl_85", 0 0, L_0x132ec11c0;  1 drivers
L_0x138079ba0 .functor BUFT 1, C4<000>, C4<0>, C4<0>, C4<0>;
v0x132eb7d30_0 .net *"_ivl_86", 2 0, L_0x138079ba0;  1 drivers
L_0x138078568 .functor BUFT 1, C4<100>, C4<0>, C4<0>, C4<0>;
v0x132eb7de0_0 .net/2u *"_ivl_88", 2 0, L_0x138078568;  1 drivers
v0x132eb7e90_0 .net *"_ivl_90", 0 0, L_0x132ec2c90;  1 drivers
L_0x138079be8 .functor BUFT 1, C4<000>, C4<0>, C4<0>, C4<0>;
v0x132eb7f30_0 .net *"_ivl_92", 2 0, L_0x138079be8;  1 drivers
L_0x1380785b0 .functor BUFT 1, C4<101>, C4<0>, C4<0>, C4<0>;
v0x132eb7fe0_0 .net/2u *"_ivl_94", 2 0, L_0x1380785b0;  1 drivers
v0x132eb8090_0 .net *"_ivl_96", 0 0, L_0x132ec2e30;  1 drivers
v0x132eb8130_0 .net *"_ivl_99", 0 0, L_0x132ec2ed0;  1 drivers
v0x132eb81d0_0 .net "clk", 0 0, v0x132ec0d20_0;  alias, 1 drivers
v0x132eb8270_0 .net "max_phase", 3 0, L_0x132ec1420;  1 drivers
v0x132eb8320_0 .net "opcode", 1 0, v0x132ec0e40_0;  alias, 1 drivers
v0x132eb83d0_0 .var "phase", 3 0;
v0x132eb8480_0 .var "running", 0 0;
E_0x132eadae0/0 .event negedge, v0x132eaead0_0;
E_0x132eadae0/1 .event posedge, v0x132eb81d0_0;
E_0x132eadae0 .event/or E_0x132eadae0/0, E_0x132eadae0/1;
L_0x132ec0fc0 .cmp/eq 2, v0x132ec0e40_0, L_0x138078010;
L_0x132ec1100 .cmp/eq 2, v0x132ec0e40_0, L_0x1380780a0;
L_0x132ec12a0 .functor MUXZ 4, L_0x138078130, L_0x1380780e8, L_0x132ec1100, C4<>;
L_0x132ec1420 .functor MUXZ 4, L_0x132ec12a0, L_0x138078058, L_0x132ec0fc0, C4<>;
L_0x132ec1580 .concat [ 4 28 0 0], v0x132eb83d0_0, L_0x138078178;
L_0x132ec16c0 .cmp/eq 32, L_0x132ec1580, L_0x1380781c0;
L_0x132ec1890 .concat [ 4 28 0 0], v0x132eb83d0_0, L_0x138078208;
L_0x132ec1a70 .cmp/eq 32, L_0x132ec1890, L_0x138078250;
L_0x132ec1b50 .cmp/ne 2, v0x132ec0e40_0, L_0x138078298;
L_0x132ec1d50 .concat [ 4 28 0 0], v0x132eb83d0_0, L_0x1380782e0;
L_0x132ec1e50 .cmp/eq 32, L_0x132ec1d50, L_0x138078328;
L_0x132ec1ff0 .cmp/eq 2, v0x132ec0e40_0, L_0x138078370;
L_0x132ec22b0 .concat [ 4 28 0 0], v0x132eb83d0_0, L_0x1380783b8;
L_0x132ec2460 .cmp/eq 32, L_0x132ec22b0, L_0x138078400;
L_0x132ec2540 .cmp/eq 2, v0x132ec0e40_0, L_0x138078448;
L_0x132ec2740 .concat [ 4 28 0 0], v0x132eb83d0_0, L_0x138078490;
L_0x132ec2940 .cmp/eq 32, L_0x132ec2740, L_0x1380784d8;
L_0x132ec2ab0 .cmp/eq 2, v0x132ec0e40_0, L_0x138078520;
L_0x132ec2c90 .cmp/eq 3, L_0x138079ba0, L_0x138078568;
L_0x132ec2e30 .cmp/eq 3, L_0x138079be8, L_0x1380785b0;
L_0x132ec3020 .cmp/eq 3, L_0x138079c30, L_0x1380785f8;
L_0x132ec3430 .concat [ 4 28 0 0], v0x132eb83d0_0, L_0x138078640;
L_0x132ec3510 .cmp/eq 32, L_0x132ec3430, L_0x138078688;
L_0x132ec3100 .cmp/eq 2, v0x132ec0e40_0, L_0x1380786d0;
L_0x132ec38a0 .cmp/eq 3, L_0x138079c78, L_0x138078718;
L_0x132ec3650 .cmp/eq 3, L_0x138079cc0, L_0x138078760;
L_0x132ec3ba0 .cmp/eq 3, L_0x138079d08, L_0x1380787a8;
L_0x132ec4060 .concat [ 4 28 0 0], v0x132eb83d0_0, L_0x1380787f0;
L_0x132ec4100 .cmp/eq 32, L_0x132ec4060, L_0x138078838;
L_0x132ec3ca0 .cmp/eq 3, L_0x138079d50, L_0x138078880;
L_0x132ec4350 .cmp/eq 3, L_0x138079d98, L_0x1380788c8;
L_0x132ec2840 .cmp/eq 2, v0x132ec0e40_0, L_0x138078910;
L_0x132ec4970 .concat [ 4 28 0 0], v0x132eb83d0_0, L_0x138078958;
L_0x132ec4450 .cmp/eq 32, L_0x132ec4970, L_0x1380789a0;
L_0x132ec4c80 .cmp/eq 2, v0x132ec0e40_0, L_0x1380789e8;
L_0x132ec4f20 .concat [ 4 28 0 0], v0x132eb83d0_0, L_0x138078a30;
L_0x132ec4fc0 .cmp/eq 32, L_0x132ec4f20, L_0x138078a78;
L_0x132ec4d60 .cmp/eq 32, L_0x138079de0, L_0x138078ac0;
L_0x132ec52c0 .cmp/eq 2, v0x132ec0e40_0, L_0x138078b08;
L_0x132ec4e80 .concat [ 4 28 0 0], v0x132eb83d0_0, L_0x138078b50;
L_0x132ec55d0 .cmp/eq 32, L_0x132ec4e80, L_0x138078b98;
L_0x132ec53a0 .cmp/eq 32, L_0x138079e28, L_0x138078be0;
L_0x132ec5950 .cmp/eq 2, v0x132ec0e40_0, L_0x138078c28;
L_0x132ec5c50 .concat [ 4 28 0 0], v0x132eb83d0_0, L_0x138078c70;
L_0x132ec54e0 .cmp/eq 32, L_0x132ec5c50, L_0x138078cb8;
L_0x132ec5a30 .cmp/eq 32, L_0x138079e70, L_0x138078d00;
L_0x132ec5fb0 .cmp/eq 2, v0x132ec0e40_0, L_0x138078d48;
L_0x132ec62e0 .concat [ 4 28 0 0], v0x132eb83d0_0, L_0x138078d90;
L_0x132ec5b90 .cmp/eq 32, L_0x132ec62e0, L_0x138078dd8;
L_0x132ec6090 .cmp/eq 2, v0x132ec0e40_0, L_0x138078e20;
L_0x132ec6610 .cmp/eq 3, L_0x138079eb8, L_0x138078e68;
L_0x132ec6400 .cmp/eq 3, L_0x138079f00, L_0x138078eb0;
L_0x132ec6200 .cmp/eq 3, L_0x138079f48, L_0x138078ef8;
L_0x132ec6d50 .concat [ 4 28 0 0], v0x132eb83d0_0, L_0x138078f40;
L_0x132ec6990 .cmp/eq 32, L_0x132ec6d50, L_0x138078f88;
L_0x132ec6a70 .cmp/eq 2, v0x132ec0e40_0, L_0x138078fd0;
L_0x132ec7250 .cmp/eq 3, L_0x138079f90, L_0x138079018;
L_0x132ec6e90 .cmp/eq 3, L_0x138079fd8, L_0x138079060;
L_0x132ec6c60 .cmp/eq 3, L_0x13807a020, L_0x1380790a8;
L_0x132ec7500 .concat [ 4 28 0 0], v0x132eb83d0_0, L_0x1380790f0;
L_0x132ec7970 .cmp/eq 32, L_0x132ec7500, L_0x138079138;
L_0x132ec7640 .cmp/eq 32, L_0x13807a068, L_0x138079180;
L_0x132ec7cc0 .cmp/eq 2, v0x132ec0e40_0, L_0x1380791c8;
L_0x132ec7ba0 .concat [ 4 28 0 0], v0x132eb83d0_0, L_0x138079210;
L_0x132ec78a0 .cmp/eq 32, L_0x132ec7ba0, L_0x138079258;
L_0x132ec4760 .cmp/eq 32, L_0x13807a0b0, L_0x1380792a0;
L_0x132ec7e20 .part L_0x1380799f0, 2, 1;
L_0x132ec7ec0 .concat [ 1 31 0 0], L_0x132ec7e20, L_0x1380792e8;
L_0x132ec8360 .cmp/eq 32, L_0x132ec7ec0, L_0x138079330;
L_0x132ec7fa0 .cmp/eq 2, v0x132ec0e40_0, L_0x138079378;
L_0x132ec87a0 .concat [ 4 28 0 0], v0x132eb83d0_0, L_0x1380793c0;
L_0x132ec4a50 .cmp/eq 32, L_0x132ec87a0, L_0x138079408;
L_0x132ec8500 .cmp/eq 32, L_0x13807a0f8, L_0x138079450;
L_0x132ec81b0 .cmp/eq 2, v0x132ec0e40_0, L_0x138079498;
L_0x132ec8f00 .concat [ 4 28 0 0], v0x132eb83d0_0, L_0x1380794e0;
L_0x132ec8a80 .cmp/eq 32, L_0x132ec8f00, L_0x138079528;
L_0x132ec8bc0 .cmp/eq 32, L_0x13807a140, L_0x138079570;
L_0x132ec8d10 .cmp/eq 2, v0x132ec0e40_0, L_0x1380795b8;
L_0x132ec9580 .concat [ 4 28 0 0], v0x132eb83d0_0, L_0x138079600;
L_0x132ec92a0 .cmp/eq 32, L_0x132ec9580, L_0x138079648;
L_0x132ec93e0 .cmp/eq 2, v0x132ec0e40_0, L_0x138079690;
L_0x132ec98d0 .cmp/eq 2, v0x132ec0e40_0, L_0x1380796d8;
L_0x132ec9c40 .concat [ 4 28 0 0], v0x132eb83d0_0, L_0x138079720;
L_0x132ec9640 .cmp/eq 32, L_0x132ec9c40, L_0x138079768;
L_0x132ec9780 .cmp/eq 2, v0x132ec0e40_0, L_0x1380797b0;
L_0x132eca1a0 .concat [ 4 28 0 0], v0x132eb83d0_0, L_0x1380797f8;
L_0x132eca240 .cmp/eq 32, L_0x132eca1a0, L_0x138079840;
L_0x132ec9ce0 .cmp/eq 2, v0x132ec0e40_0, L_0x138079888;
S_0x132eb8790 .scope module, "u_sub" "subtractor" 2 150, 6 1 0, S_0x132e7a090;
 .timescale -9 -12;
    .port_info 0 /INPUT 8 "a";
    .port_info 1 /INPUT 8 "b";
    .port_info 2 /INPUT 1 "en";
    .port_info 3 /OUTPUT 9 "o";
P_0x132ead7a0 .param/l "WIDTH" 0 6 2, +C4<00000000000000000000000000001000>;
L_0x132ed0110 .functor XOR 8, v0x132ebfb70_0, L_0x132ecfe60, C4<00000000>, C4<00000000>;
L_0x132ed0180 .functor BUFZ 1, L_0x132ed54b0, C4<0>, C4<0>, C4<0>;
v0x132ebf370_0 .net *"_ivl_0", 7 0, L_0x132ecfe60;  1 drivers
v0x132ebf400_0 .net *"_ivl_11", 7 0, L_0x132ed52b0;  1 drivers
v0x132ebf490_0 .net *"_ivl_9", 0 0, L_0x132ed4fa0;  1 drivers
v0x132ebf530_0 .net "a", 7 0, v0x132ebfac0_0;  alias, 1 drivers
v0x132ebf610_0 .net "b", 7 0, v0x132ebfb70_0;  alias, 1 drivers
v0x132ebf6e0_0 .net "b_inv", 7 0, L_0x132ed0110;  1 drivers
v0x132ebf790_0 .net "cin", 0 0, L_0x132ed0180;  1 drivers
v0x132ebf860_0 .net "en", 0 0, L_0x132ed54b0;  1 drivers
v0x132ebf8f0_0 .net "o", 8 0, L_0x132ed5350;  alias, 1 drivers
v0x132ebfa00_0 .net "sum_internal", 8 0, L_0x132ed5b00;  1 drivers
LS_0x132ecfe60_0_0 .concat [ 1 1 1 1], L_0x132ed54b0, L_0x132ed54b0, L_0x132ed54b0, L_0x132ed54b0;
LS_0x132ecfe60_0_4 .concat [ 1 1 1 1], L_0x132ed54b0, L_0x132ed54b0, L_0x132ed54b0, L_0x132ed54b0;
L_0x132ecfe60 .concat [ 4 4 0 0], LS_0x132ecfe60_0_0, LS_0x132ecfe60_0_4;
L_0x132ed4fa0 .part L_0x132ed5b00, 7, 1;
L_0x132ed52b0 .part L_0x132ed5b00, 0, 8;
L_0x132ed5350 .concat [ 8 1 0 0], L_0x132ed52b0, L_0x132ed4fa0;
S_0x132eb89e0 .scope module, "u_add" "adder" 6 15, 3 3 0, S_0x132eb8790;
 .timescale -9 -12;
    .port_info 0 /INPUT 8 "a";
    .port_info 1 /INPUT 8 "b";
    .port_info 2 /INPUT 1 "cin";
    .port_info 3 /INPUT 1 "en";
    .port_info 4 /OUTPUT 9 "sum";
P_0x132eb8ba0 .param/l "WIDTH" 0 3 4, +C4<00000000000000000000000000001000>;
L_0x132ed5b00 .functor BUFT 9, L_0x132ed4990, C4<000000000>, C4<000000000>, C4<000000000>;
v0x132ebec90_0 .net *"_ivl_60", 0 0, L_0x132ed5070;  1 drivers
v0x132ebed20_0 .net *"_ivl_61", 8 0, L_0x132ed4990;  1 drivers
v0x132ebedb0_0 .net "a", 7 0, v0x132ebfac0_0;  alias, 1 drivers
v0x132ebee60_0 .net "b", 7 0, L_0x132ed0110;  alias, 1 drivers
v0x132ebef00_0 .net "c", 7 0, L_0x132ed4c30;  1 drivers
v0x132ebeff0_0 .net "cin", 0 0, L_0x132ed0180;  alias, 1 drivers
L_0x138079b58 .functor BUFT 1, C4<1>, C4<0>, C4<0>, C4<0>;
v0x132ebf080_0 .net "en", 0 0, L_0x138079b58;  1 drivers
v0x132ebf110_0 .net "s", 7 0, L_0x132ed4a50;  1 drivers
v0x132ebf1c0_0 .net "sum", 8 0, L_0x132ed5b00;  alias, 1 drivers
L_0x132ed0700 .part v0x132ebfac0_0, 1, 1;
L_0x132ed0820 .part L_0x132ed0110, 1, 1;
L_0x132ed0940 .part L_0x132ed4c30, 0, 1;
L_0x132ed0f00 .part v0x132ebfac0_0, 2, 1;
L_0x132ed1020 .part L_0x132ed0110, 2, 1;
L_0x132ed11c0 .part L_0x132ed4c30, 1, 1;
L_0x132ed17f0 .part v0x132ebfac0_0, 3, 1;
L_0x132ed1910 .part L_0x132ed0110, 3, 1;
L_0x132ed1a30 .part L_0x132ed4c30, 2, 1;
L_0x132ed2120 .part v0x132ebfac0_0, 4, 1;
L_0x132eccd00 .part L_0x132ed0110, 4, 1;
L_0x132ed24c0 .part L_0x132ed4c30, 3, 1;
L_0x132ed2b70 .part v0x132ebfac0_0, 5, 1;
L_0x132ed2d00 .part L_0x132ed0110, 5, 1;
L_0x132ed2e20 .part L_0x132ed4c30, 4, 1;
L_0x132ed3480 .part v0x132ebfac0_0, 6, 1;
L_0x132ed35a0 .part L_0x132ed0110, 6, 1;
L_0x132ed3850 .part L_0x132ed4c30, 5, 1;
L_0x132ed3e10 .part v0x132ebfac0_0, 7, 1;
L_0x132ed3fd0 .part L_0x132ed0110, 7, 1;
L_0x132ed40f0 .part L_0x132ed4c30, 6, 1;
L_0x132ed4750 .part v0x132ebfac0_0, 0, 1;
L_0x132ed4870 .part L_0x132ed0110, 0, 1;
LS_0x132ed4a50_0_0 .concat8 [ 1 1 1 1], L_0x132ed3f30, L_0x132ed0260, L_0x132ed0a60, L_0x132ed12d0;
LS_0x132ed4a50_0_4 .concat8 [ 1 1 1 1], L_0x132ed1bc0, L_0x132ed26d0, L_0x132ed2fc0, L_0x132ed38f0;
L_0x132ed4a50 .concat8 [ 4 4 0 0], LS_0x132ed4a50_0_0, LS_0x132ed4a50_0_4;
LS_0x132ed4c30_0_0 .concat8 [ 1 1 1 1], L_0x132ed45e0, L_0x132ed05d0, L_0x132ed0dd0, L_0x132ed1680;
LS_0x132ed4c30_0_4 .concat8 [ 1 1 1 1], L_0x132ed1fb0, L_0x132ed2a00, L_0x132ed3310, L_0x132ed3ca0;
L_0x132ed4c30 .concat8 [ 4 4 0 0], LS_0x132ed4c30_0_0, LS_0x132ed4c30_0_4;
L_0x132ed5070 .part L_0x132ed4c30, 7, 1;
L_0x132ed4990 .concat [ 8 1 0 0], L_0x132ed4a50, L_0x132ed5070;
S_0x132eb8c70 .scope module, "f0" "fac" 3 15, 4 1 0, S_0x132eb89e0;
 .timescale -9 -12;
    .port_info 0 /INPUT 1 "x";
    .port_info 1 /INPUT 1 "y";
    .port_info 2 /INPUT 1 "ci";
    .port_info 3 /OUTPUT 1 "z";
    .port_info 4 /OUTPUT 1 "co";
L_0x132ed39d0 .functor XOR 1, L_0x132ed4750, L_0x132ed4870, C4<0>, C4<0>;
L_0x132ed3f30 .functor XOR 1, L_0x132ed39d0, L_0x132ed0180, C4<0>, C4<0>;
L_0x132ed4300 .functor AND 1, L_0x132ed4750, L_0x132ed4870, C4<1>, C4<1>;
L_0x132ed43d0 .functor AND 1, L_0x132ed4750, L_0x132ed0180, C4<1>, C4<1>;
L_0x132ed4440 .functor OR 1, L_0x132ed4300, L_0x132ed43d0, C4<0>, C4<0>;
L_0x132ed4570 .functor AND 1, L_0x132ed4870, L_0x132ed0180, C4<1>, C4<1>;
L_0x132ed45e0 .functor OR 1, L_0x132ed4440, L_0x132ed4570, C4<0>, C4<0>;
v0x132eb8ee0_0 .net *"_ivl_0", 0 0, L_0x132ed39d0;  1 drivers
v0x132eb8f90_0 .net *"_ivl_10", 0 0, L_0x132ed4570;  1 drivers
v0x132eb9040_0 .net *"_ivl_4", 0 0, L_0x132ed4300;  1 drivers
v0x132eb9100_0 .net *"_ivl_6", 0 0, L_0x132ed43d0;  1 drivers
v0x132eb91b0_0 .net *"_ivl_8", 0 0, L_0x132ed4440;  1 drivers
v0x132eb92a0_0 .net "ci", 0 0, L_0x132ed0180;  alias, 1 drivers
v0x132eb9340_0 .net "co", 0 0, L_0x132ed45e0;  1 drivers
v0x132eb93e0_0 .net "x", 0 0, L_0x132ed4750;  1 drivers
v0x132eb9480_0 .net "y", 0 0, L_0x132ed4870;  1 drivers
v0x132eb9590_0 .net "z", 0 0, L_0x132ed3f30;  1 drivers
S_0x132eb96a0 .scope generate, "rca[1]" "rca[1]" 3 19, 3 19 0, S_0x132eb89e0;
 .timescale -9 -12;
P_0x132eb9860 .param/l "i" 1 3 19, +C4<01>;
S_0x132eb98e0 .scope module, "f" "fac" 3 20, 4 1 0, S_0x132eb96a0;
 .timescale -9 -12;
    .port_info 0 /INPUT 1 "x";
    .port_info 1 /INPUT 1 "y";
    .port_info 2 /INPUT 1 "ci";
    .port_info 3 /OUTPUT 1 "z";
    .port_info 4 /OUTPUT 1 "co";
L_0x132ed01f0 .functor XOR 1, L_0x132ed0700, L_0x132ed0820, C4<0>, C4<0>;
L_0x132ed0260 .functor XOR 1, L_0x132ed01f0, L_0x132ed0940, C4<0>, C4<0>;
L_0x132ed02d0 .functor AND 1, L_0x132ed0700, L_0x132ed0820, C4<1>, C4<1>;
L_0x132ed03c0 .functor AND 1, L_0x132ed0700, L_0x132ed0940, C4<1>, C4<1>;
L_0x132ed0470 .functor OR 1, L_0x132ed02d0, L_0x132ed03c0, C4<0>, C4<0>;
L_0x132ed0560 .functor AND 1, L_0x132ed0820, L_0x132ed0940, C4<1>, C4<1>;
L_0x132ed05d0 .functor OR 1, L_0x132ed0470, L_0x132ed0560, C4<0>, C4<0>;
v0x132eb9b20_0 .net *"_ivl_0", 0 0, L_0x132ed01f0;  1 drivers
v0x132eb9bd0_0 .net *"_ivl_10", 0 0, L_0x132ed0560;  1 drivers
v0x132eb9c80_0 .net *"_ivl_4", 0 0, L_0x132ed02d0;  1 drivers
v0x132eb9d40_0 .net *"_ivl_6", 0 0, L_0x132ed03c0;  1 drivers
v0x132eb9df0_0 .net *"_ivl_8", 0 0, L_0x132ed0470;  1 drivers
v0x132eb9ee0_0 .net "ci", 0 0, L_0x132ed0940;  1 drivers
v0x132eb9f80_0 .net "co", 0 0, L_0x132ed05d0;  1 drivers
v0x132eba020_0 .net "x", 0 0, L_0x132ed0700;  1 drivers
v0x132eba0c0_0 .net "y", 0 0, L_0x132ed0820;  1 drivers
v0x132eba1d0_0 .net "z", 0 0, L_0x132ed0260;  1 drivers
S_0x132eba2e0 .scope generate, "rca[2]" "rca[2]" 3 19, 3 19 0, S_0x132eb89e0;
 .timescale -9 -12;
P_0x132eba4a0 .param/l "i" 1 3 19, +C4<010>;
S_0x132eba520 .scope module, "f" "fac" 3 20, 4 1 0, S_0x132eba2e0;
 .timescale -9 -12;
    .port_info 0 /INPUT 1 "x";
    .port_info 1 /INPUT 1 "y";
    .port_info 2 /INPUT 1 "ci";
    .port_info 3 /OUTPUT 1 "z";
    .port_info 4 /OUTPUT 1 "co";
L_0x132ed0340 .functor XOR 1, L_0x132ed0f00, L_0x132ed1020, C4<0>, C4<0>;
L_0x132ed0a60 .functor XOR 1, L_0x132ed0340, L_0x132ed11c0, C4<0>, C4<0>;
L_0x132ed0ad0 .functor AND 1, L_0x132ed0f00, L_0x132ed1020, C4<1>, C4<1>;
L_0x132ed0bc0 .functor AND 1, L_0x132ed0f00, L_0x132ed11c0, C4<1>, C4<1>;
L_0x132ed0c70 .functor OR 1, L_0x132ed0ad0, L_0x132ed0bc0, C4<0>, C4<0>;
L_0x132ed0d60 .functor AND 1, L_0x132ed1020, L_0x132ed11c0, C4<1>, C4<1>;
L_0x132ed0dd0 .functor OR 1, L_0x132ed0c70, L_0x132ed0d60, C4<0>, C4<0>;
v0x132eba760_0 .net *"_ivl_0", 0 0, L_0x132ed0340;  1 drivers
v0x132eba820_0 .net *"_ivl_10", 0 0, L_0x132ed0d60;  1 drivers
v0x132eba8d0_0 .net *"_ivl_4", 0 0, L_0x132ed0ad0;  1 drivers
v0x132eba990_0 .net *"_ivl_6", 0 0, L_0x132ed0bc0;  1 drivers
v0x132ebaa40_0 .net *"_ivl_8", 0 0, L_0x132ed0c70;  1 drivers
v0x132ebab30_0 .net "ci", 0 0, L_0x132ed11c0;  1 drivers
v0x132ebabd0_0 .net "co", 0 0, L_0x132ed0dd0;  1 drivers
v0x132ebac70_0 .net "x", 0 0, L_0x132ed0f00;  1 drivers
v0x132ebad10_0 .net "y", 0 0, L_0x132ed1020;  1 drivers
v0x132ebae20_0 .net "z", 0 0, L_0x132ed0a60;  1 drivers
S_0x132ebaf30 .scope generate, "rca[3]" "rca[3]" 3 19, 3 19 0, S_0x132eb89e0;
 .timescale -9 -12;
P_0x132ebb0f0 .param/l "i" 1 3 19, +C4<011>;
S_0x132ebb170 .scope module, "f" "fac" 3 20, 4 1 0, S_0x132ebaf30;
 .timescale -9 -12;
    .port_info 0 /INPUT 1 "x";
    .port_info 1 /INPUT 1 "y";
    .port_info 2 /INPUT 1 "ci";
    .port_info 3 /OUTPUT 1 "z";
    .port_info 4 /OUTPUT 1 "co";
L_0x132ed1260 .functor XOR 1, L_0x132ed17f0, L_0x132ed1910, C4<0>, C4<0>;
L_0x132ed12d0 .functor XOR 1, L_0x132ed1260, L_0x132ed1a30, C4<0>, C4<0>;
L_0x132ed1340 .functor AND 1, L_0x132ed17f0, L_0x132ed1910, C4<1>, C4<1>;
L_0x132ed1450 .functor AND 1, L_0x132ed17f0, L_0x132ed1a30, C4<1>, C4<1>;
L_0x132ed1500 .functor OR 1, L_0x132ed1340, L_0x132ed1450, C4<0>, C4<0>;
L_0x132ed1610 .functor AND 1, L_0x132ed1910, L_0x132ed1a30, C4<1>, C4<1>;
L_0x132ed1680 .functor OR 1, L_0x132ed1500, L_0x132ed1610, C4<0>, C4<0>;
v0x132ebb3b0_0 .net *"_ivl_0", 0 0, L_0x132ed1260;  1 drivers
v0x132ebb460_0 .net *"_ivl_10", 0 0, L_0x132ed1610;  1 drivers
v0x132ebb510_0 .net *"_ivl_4", 0 0, L_0x132ed1340;  1 drivers
v0x132ebb5d0_0 .net *"_ivl_6", 0 0, L_0x132ed1450;  1 drivers
v0x132ebb680_0 .net *"_ivl_8", 0 0, L_0x132ed1500;  1 drivers
v0x132ebb770_0 .net "ci", 0 0, L_0x132ed1a30;  1 drivers
v0x132ebb810_0 .net "co", 0 0, L_0x132ed1680;  1 drivers
v0x132ebb8b0_0 .net "x", 0 0, L_0x132ed17f0;  1 drivers
v0x132ebb950_0 .net "y", 0 0, L_0x132ed1910;  1 drivers
v0x132ebba60_0 .net "z", 0 0, L_0x132ed12d0;  1 drivers
S_0x132ebbb70 .scope generate, "rca[4]" "rca[4]" 3 19, 3 19 0, S_0x132eb89e0;
 .timescale -9 -12;
P_0x132ebbd70 .param/l "i" 1 3 19, +C4<0100>;
S_0x132ebbdf0 .scope module, "f" "fac" 3 20, 4 1 0, S_0x132ebbb70;
 .timescale -9 -12;
    .port_info 0 /INPUT 1 "x";
    .port_info 1 /INPUT 1 "y";
    .port_info 2 /INPUT 1 "ci";
    .port_info 3 /OUTPUT 1 "z";
    .port_info 4 /OUTPUT 1 "co";
L_0x132ed1b50 .functor XOR 1, L_0x132ed2120, L_0x132eccd00, C4<0>, C4<0>;
L_0x132ed1bc0 .functor XOR 1, L_0x132ed1b50, L_0x132ed24c0, C4<0>, C4<0>;
L_0x132ed1c70 .functor AND 1, L_0x132ed2120, L_0x132eccd00, C4<1>, C4<1>;
L_0x132ed1d80 .functor AND 1, L_0x132ed2120, L_0x132ed24c0, C4<1>, C4<1>;
L_0x132ed1e30 .functor OR 1, L_0x132ed1c70, L_0x132ed1d80, C4<0>, C4<0>;
L_0x132ed1f40 .functor AND 1, L_0x132eccd00, L_0x132ed24c0, C4<1>, C4<1>;
L_0x132ed1fb0 .functor OR 1, L_0x132ed1e30, L_0x132ed1f40, C4<0>, C4<0>;
v0x132ebc030_0 .net *"_ivl_0", 0 0, L_0x132ed1b50;  1 drivers
v0x132ebc0c0_0 .net *"_ivl_10", 0 0, L_0x132ed1f40;  1 drivers
v0x132ebc170_0 .net *"_ivl_4", 0 0, L_0x132ed1c70;  1 drivers
v0x132ebc230_0 .net *"_ivl_6", 0 0, L_0x132ed1d80;  1 drivers
v0x132ebc2e0_0 .net *"_ivl_8", 0 0, L_0x132ed1e30;  1 drivers
v0x132ebc3d0_0 .net "ci", 0 0, L_0x132ed24c0;  1 drivers
v0x132ebc470_0 .net "co", 0 0, L_0x132ed1fb0;  1 drivers
v0x132ebc510_0 .net "x", 0 0, L_0x132ed2120;  1 drivers
v0x132ebc5b0_0 .net "y", 0 0, L_0x132eccd00;  1 drivers
v0x132ebc6c0_0 .net "z", 0 0, L_0x132ed1bc0;  1 drivers
S_0x132ebc7d0 .scope generate, "rca[5]" "rca[5]" 3 19, 3 19 0, S_0x132eb89e0;
 .timescale -9 -12;
P_0x132ebc990 .param/l "i" 1 3 19, +C4<0101>;
S_0x132ebca10 .scope module, "f" "fac" 3 20, 4 1 0, S_0x132ebc7d0;
 .timescale -9 -12;
    .port_info 0 /INPUT 1 "x";
    .port_info 1 /INPUT 1 "y";
    .port_info 2 /INPUT 1 "ci";
    .port_info 3 /OUTPUT 1 "z";
    .port_info 4 /OUTPUT 1 "co";
L_0x132ed2660 .functor XOR 1, L_0x132ed2b70, L_0x132ed2d00, C4<0>, C4<0>;
L_0x132ed26d0 .functor XOR 1, L_0x132ed2660, L_0x132ed2e20, C4<0>, C4<0>;
L_0x132ed2740 .functor AND 1, L_0x132ed2b70, L_0x132ed2d00, C4<1>, C4<1>;
L_0x132ed27f0 .functor AND 1, L_0x132ed2b70, L_0x132ed2e20, C4<1>, C4<1>;
L_0x132ed28a0 .functor OR 1, L_0x132ed2740, L_0x132ed27f0, C4<0>, C4<0>;
L_0x132ed2990 .functor AND 1, L_0x132ed2d00, L_0x132ed2e20, C4<1>, C4<1>;
L_0x132ed2a00 .functor OR 1, L_0x132ed28a0, L_0x132ed2990, C4<0>, C4<0>;
v0x132ebcc50_0 .net *"_ivl_0", 0 0, L_0x132ed2660;  1 drivers
v0x132ebcd00_0 .net *"_ivl_10", 0 0, L_0x132ed2990;  1 drivers
v0x132ebcdb0_0 .net *"_ivl_4", 0 0, L_0x132ed2740;  1 drivers
v0x132ebce70_0 .net *"_ivl_6", 0 0, L_0x132ed27f0;  1 drivers
v0x132ebcf20_0 .net *"_ivl_8", 0 0, L_0x132ed28a0;  1 drivers
v0x132ebd010_0 .net "ci", 0 0, L_0x132ed2e20;  1 drivers
v0x132ebd0b0_0 .net "co", 0 0, L_0x132ed2a00;  1 drivers
v0x132ebd150_0 .net "x", 0 0, L_0x132ed2b70;  1 drivers
v0x132ebd1f0_0 .net "y", 0 0, L_0x132ed2d00;  1 drivers
v0x132ebd300_0 .net "z", 0 0, L_0x132ed26d0;  1 drivers
S_0x132ebd410 .scope generate, "rca[6]" "rca[6]" 3 19, 3 19 0, S_0x132eb89e0;
 .timescale -9 -12;
P_0x132ebd5d0 .param/l "i" 1 3 19, +C4<0110>;
S_0x132ebd650 .scope module, "f" "fac" 3 20, 4 1 0, S_0x132ebd410;
 .timescale -9 -12;
    .port_info 0 /INPUT 1 "x";
    .port_info 1 /INPUT 1 "y";
    .port_info 2 /INPUT 1 "ci";
    .port_info 3 /OUTPUT 1 "z";
    .port_info 4 /OUTPUT 1 "co";
L_0x132ed2c90 .functor XOR 1, L_0x132ed3480, L_0x132ed35a0, C4<0>, C4<0>;
L_0x132ed2fc0 .functor XOR 1, L_0x132ed2c90, L_0x132ed3850, C4<0>, C4<0>;
L_0x132ed3030 .functor AND 1, L_0x132ed3480, L_0x132ed35a0, C4<1>, C4<1>;
L_0x132ed30e0 .functor AND 1, L_0x132ed3480, L_0x132ed3850, C4<1>, C4<1>;
L_0x132ed3190 .functor OR 1, L_0x132ed3030, L_0x132ed30e0, C4<0>, C4<0>;
L_0x132ed32a0 .functor AND 1, L_0x132ed35a0, L_0x132ed3850, C4<1>, C4<1>;
L_0x132ed3310 .functor OR 1, L_0x132ed3190, L_0x132ed32a0, C4<0>, C4<0>;
v0x132ebd890_0 .net *"_ivl_0", 0 0, L_0x132ed2c90;  1 drivers
v0x132ebd940_0 .net *"_ivl_10", 0 0, L_0x132ed32a0;  1 drivers
v0x132ebd9f0_0 .net *"_ivl_4", 0 0, L_0x132ed3030;  1 drivers
v0x132ebdab0_0 .net *"_ivl_6", 0 0, L_0x132ed30e0;  1 drivers
v0x132ebdb60_0 .net *"_ivl_8", 0 0, L_0x132ed3190;  1 drivers
v0x132ebdc50_0 .net "ci", 0 0, L_0x132ed3850;  1 drivers
v0x132ebdcf0_0 .net "co", 0 0, L_0x132ed3310;  1 drivers
v0x132ebdd90_0 .net "x", 0 0, L_0x132ed3480;  1 drivers
v0x132ebde30_0 .net "y", 0 0, L_0x132ed35a0;  1 drivers
v0x132ebdf40_0 .net "z", 0 0, L_0x132ed2fc0;  1 drivers
S_0x132ebe050 .scope generate, "rca[7]" "rca[7]" 3 19, 3 19 0, S_0x132eb89e0;
 .timescale -9 -12;
P_0x132ebe210 .param/l "i" 1 3 19, +C4<0111>;
S_0x132ebe290 .scope module, "f" "fac" 3 20, 4 1 0, S_0x132ebe050;
 .timescale -9 -12;
    .port_info 0 /INPUT 1 "x";
    .port_info 1 /INPUT 1 "y";
    .port_info 2 /INPUT 1 "ci";
    .port_info 3 /OUTPUT 1 "z";
    .port_info 4 /OUTPUT 1 "co";
L_0x132ed1140 .functor XOR 1, L_0x132ed3e10, L_0x132ed3fd0, C4<0>, C4<0>;
L_0x132ed38f0 .functor XOR 1, L_0x132ed1140, L_0x132ed40f0, C4<0>, C4<0>;
L_0x132ed3960 .functor AND 1, L_0x132ed3e10, L_0x132ed3fd0, C4<1>, C4<1>;
L_0x132ed3a70 .functor AND 1, L_0x132ed3e10, L_0x132ed40f0, C4<1>, C4<1>;
L_0x132ed3b20 .functor OR 1, L_0x132ed3960, L_0x132ed3a70, C4<0>, C4<0>;
L_0x132ed3c30 .functor AND 1, L_0x132ed3fd0, L_0x132ed40f0, C4<1>, C4<1>;
L_0x132ed3ca0 .functor OR 1, L_0x132ed3b20, L_0x132ed3c30, C4<0>, C4<0>;
v0x132ebe4d0_0 .net *"_ivl_0", 0 0, L_0x132ed1140;  1 drivers
v0x132ebe580_0 .net *"_ivl_10", 0 0, L_0x132ed3c30;  1 drivers
v0x132ebe630_0 .net *"_ivl_4", 0 0, L_0x132ed3960;  1 drivers
v0x132ebe6f0_0 .net *"_ivl_6", 0 0, L_0x132ed3a70;  1 drivers
v0x132ebe7a0_0 .net *"_ivl_8", 0 0, L_0x132ed3b20;  1 drivers
v0x132ebe890_0 .net "ci", 0 0, L_0x132ed40f0;  1 drivers
v0x132ebe930_0 .net "co", 0 0, L_0x132ed3ca0;  1 drivers
v0x132ebe9d0_0 .net "x", 0 0, L_0x132ed3e10;  1 drivers
v0x132ebea70_0 .net "y", 0 0, L_0x132ed3fd0;  1 drivers
v0x132ebeb80_0 .net "z", 0 0, L_0x132ed38f0;  1 drivers
    .scope S_0x132ead5e0;
T_0 ;
    %wait E_0x132eadae0;
    %load/vec4 v0x132eaead0_0;
    %nor/r;
    %flag_set/vec4 8;
    %jmp/0xz  T_0.0, 8;
    %pushi/vec4 0, 0, 4;
    %assign/vec4 v0x132eb83d0_0, 0;
    %pushi/vec4 0, 0, 1;
    %assign/vec4 v0x132eb8480_0, 0;
    %jmp T_0.1;
T_0.0 ;
    %load/vec4 v0x132eadc40_0;
    %flag_set/vec4 8;
    %jmp/0xz  T_0.2, 8;
    %pushi/vec4 0, 0, 4;
    %assign/vec4 v0x132eb83d0_0, 0;
    %pushi/vec4 1, 0, 1;
    %assign/vec4 v0x132eb8480_0, 0;
    %jmp T_0.3;
T_0.2 ;
    %load/vec4 v0x132eb8480_0;
    %flag_set/vec4 8;
    %jmp/0xz  T_0.4, 8;
    %load/vec4 v0x132eb83d0_0;
    %load/vec4 v0x132eb8270_0;
    %cmp/e;
    %jmp/0xz  T_0.6, 4;
    %pushi/vec4 0, 0, 1;
    %assign/vec4 v0x132eb8480_0, 0;
    %jmp T_0.7;
T_0.6 ;
    %load/vec4 v0x132eb83d0_0;
    %addi 1, 0, 4;
    %assign/vec4 v0x132eb83d0_0, 0;
T_0.7 ;
T_0.4 ;
T_0.3 ;
T_0.1 ;
    %jmp T_0;
    .thread T_0;
    .scope S_0x132e7a090;
T_1 ;
    %wait E_0x132eadae0;
    %load/vec4 v0x132ebff00_0;
    %nor/r;
    %flag_set/vec4 8;
    %jmp/0xz  T_1.0, 8;
    %pushi/vec4 0, 0, 9;
    %assign/vec4 v0x132ebfce0_0, 0;
    %pushi/vec4 0, 0, 8;
    %assign/vec4 v0x132ebfac0_0, 0;
    %pushi/vec4 0, 0, 8;
    %assign/vec4 v0x132ebfb70_0, 0;
    %pushi/vec4 0, 0, 8;
    %assign/vec4 v0x132ebfe50_0, 0;
    %pushi/vec4 0, 0, 1;
    %assign/vec4 v0x132ebfd70_0, 0;
    %pushi/vec4 0, 0, 9;
    %assign/vec4 v0x132ec03e0_0, 0;
    %jmp T_1.1;
T_1.0 ;
    %load/vec4 v0x132ec0290_0;
    %parti/s 1, 0, 2;
    %flag_set/vec4 8;
    %jmp/0xz  T_1.2, 8;
    %load/vec4 v0x132ebff90_0;
    %assign/vec4 v0x132ebfac0_0, 0;
    %load/vec4 v0x132ec0170_0;
    %assign/vec4 v0x132ebfb70_0, 0;
T_1.2 ;
    %load/vec4 v0x132ec0290_0;
    %parti/s 1, 2, 3;
    %flag_set/vec4 8;
    %jmp/0xz  T_1.4, 8;
    %load/vec4 v0x132ec0480_0;
    %assign/vec4 v0x132ebfce0_0, 0;
    %jmp T_1.5;
T_1.4 ;
    %load/vec4 v0x132ec0290_0;
    %parti/s 1, 1, 2;
    %flag_set/vec4 8;
    %jmp/0xz  T_1.6, 8;
    %load/vec4 v0x132ec0030_0;
    %assign/vec4 v0x132ebfce0_0, 0;
T_1.6 ;
T_1.5 ;
    %load/vec4 v0x132ec0290_0;
    %parti/s 1, 14, 5;
    %flag_set/vec4 8;
    %jmp/0xz  T_1.8, 8;
    %load/vec4 v0x132ebfce0_0;
    %assign/vec4 v0x132ec03e0_0, 0;
T_1.8 ;
T_1.1 ;
    %jmp T_1;
    .thread T_1;
    .scope S_0x132e79de0;
T_2 ;
    %pushi/vec4 0, 0, 1;
    %store/vec4 v0x132ec0d20_0, 0, 1;
    %end;
    .thread T_2;
    .scope S_0x132e79de0;
T_3 ;
    %pushi/vec4 0, 0, 1;
    %store/vec4 v0x132ec0d20_0, 0, 1;
    %end;
    .thread T_3;
    .scope S_0x132e79de0;
T_4 ;
    %delay 5000, 0;
    %load/vec4 v0x132ec0d20_0;
    %inv;
    %store/vec4 v0x132ec0d20_0, 0, 1;
    %jmp T_4;
    .thread T_4;
    .scope S_0x132e79de0;
T_5 ;
    %pushi/vec4 0, 0, 1;
    %store/vec4 v0x132ec0a90_0, 0, 1;
    %pushi/vec4 0, 0, 1;
    %store/vec4 v0x132ec0810_0, 0, 1;
    %pushi/vec4 0, 0, 2;
    %store/vec4 v0x132ec0e40_0, 0, 2;
    %pushi/vec4 0, 0, 8;
    %store/vec4 v0x132ec0b60_0, 0, 8;
    %pushi/vec4 0, 0, 8;
    %store/vec4 v0x132ec0bf0_0, 0, 8;
    %delay 20000, 0;
    %pushi/vec4 1, 0, 1;
    %store/vec4 v0x132ec0a90_0, 0, 1;
    %delay 10000, 0;
    %vpi_call 2 230 "$display", "Time | op  a   b |   PA   AQ   BM   Q' Qneg | outbus" {0 0 0};
    %vpi_call 2 231 "$display", "-------------------------------------------------------" {0 0 0};
    %vpi_call 2 232 "$monitor", "%4t | %b   %1d   %1d | %4d   %2d   %2d   %2d   %b | %4d | %b ", $time, v0x132ec0e40_0, v0x132ec0b60_0, v0x132ec0bf0_0, v0x132ec08a0_0, v0x132ec0650_0, v0x132ec0780_0, v0x132ec0a00_0, v0x132ec0930_0, v0x132ec0f10_0, v0x132ec0db0_0 {0 0 0};
    %pushi/vec4 0, 0, 2;
    %store/vec4 v0x132ec0e40_0, 0, 2;
T_5.0 ;
    %load/vec4 v0x132ec0e40_0;
    %cmpi/u 1, 0, 2;
    %flag_or 5, 4;
    %jmp/0xz T_5.1, 5;
    %pushi/vec4 0, 0, 8;
    %store/vec4 v0x132ec0b60_0, 0, 8;
T_5.2 ;
    %load/vec4 v0x132ec0b60_0;
    %pad/u 32;
    %cmpi/u 8, 0, 32;
    %jmp/0xz T_5.3, 5;
    %pushi/vec4 0, 0, 8;
    %store/vec4 v0x132ec0bf0_0, 0, 8;
T_5.4 ;
    %load/vec4 v0x132ec0bf0_0;
    %pad/u 32;
    %cmpi/u 8, 0, 32;
    %jmp/0xz T_5.5, 5;
    %delay 1000, 0;
    %pushi/vec4 1, 0, 1;
    %store/vec4 v0x132ec0810_0, 0, 1;
    %delay 20000, 0;
    %pushi/vec4 0, 0, 1;
    %store/vec4 v0x132ec0810_0, 0, 1;
    %delay 20000, 0;
    %load/vec4 v0x132ec08a0_0;
    %load/vec4 v0x132ec0f10_0;
    %vpi_call 2 248 "$display", "%4t | %b   %1d   %1d | %4d   %2d   %2d   %2d   %b | %4d | %b ---", $time, v0x132ec0e40_0, v0x132ec0b60_0, v0x132ec0bf0_0, S<1,vec4,s9>, v0x132ec0650_0, v0x132ec0780_0, v0x132ec0a00_0, v0x132ec0930_0, S<0,vec4,s9>, v0x132ec0db0_0 {2 0 0};
    %load/vec4 v0x132ec0bf0_0;
    %addi 1, 0, 8;
    %store/vec4 v0x132ec0bf0_0, 0, 8;
    %jmp T_5.4;
T_5.5 ;
    %load/vec4 v0x132ec0b60_0;
    %addi 1, 0, 8;
    %store/vec4 v0x132ec0b60_0, 0, 8;
    %jmp T_5.2;
T_5.3 ;
    %load/vec4 v0x132ec0e40_0;
    %addi 1, 0, 2;
    %store/vec4 v0x132ec0e40_0, 0, 2;
    %jmp T_5.0;
T_5.1 ;
    %vpi_call 2 265 "$finish" {0 0 0};
    %end;
    .thread T_5;
# The file index is used to find the file name in the following table.
:file_names 7;
    "N/A";
    "<interactive>";
    "main.v";
    "./adder.v";
    "./fac.v";
    "./ctl.v";
    "./subtractor.v";
